#
# There is insufficient memory for the Java Runtime Environment to continue.
# Native memory allocation (malloc) failed to allocate 1069616 bytes. Error detail: Chunk::new
# Possible reasons:
#   The system is out of physical RAM or swap space
#   This process is running with CompressedOops enabled, and the Java Heap may be blocking the growth of the native heap
# Possible solutions:
#   Reduce memory load on the system
#   Increase physical memory or swap space
#   Check if swap backing store is full
#   Decrease Java heap size (-Xmx/-Xms)
#   Decrease number of Java threads
#   Decrease Java thread stack sizes (-Xss)
#   Set larger code cache with -XX:ReservedCodeCacheSize=
#   JVM is running with Zero Based Compressed Oops mode in which the Java heap is
#     placed in the first 32GB address space. The Java Heap base address is the
#     maximum limit for the native heap growth. Please use -XX:HeapBaseMinAddress
#     to set the Java Heap base and to place the Java Heap above 32GB virtual address.
# This output file may be truncated or incomplete.
#
#  Out of Memory Error (arena.cpp:191), pid=13668, tid=32680
#
# JRE version: OpenJDK Runtime Environment Corretto-17.0.12.7.1 (17.0.12+7) (build 17.0.12+7-LTS)
# Java VM: OpenJDK 64-Bit Server VM Corretto-17.0.12.7.1 (17.0.12+7-LTS, mixed mode, sharing, tiered, compressed oops, compressed class ptrs, g1 gc, windows-amd64)
# No core dump will be written. Minidumps are not enabled by default on client versions of Windows
#

---------------  S U M M A R Y ------------

Command Line: --add-opens=java.base/java.util=ALL-UNNAMED --add-opens=java.base/java.lang=ALL-UNNAMED --add-opens=java.base/java.lang.invoke=ALL-UNNAMED --add-opens=java.prefs/java.util.prefs=ALL-UNNAMED --add-opens=java.base/java.nio.charset=ALL-UNNAMED --add-opens=java.base/java.net=ALL-UNNAMED --add-opens=java.base/java.util.concurrent.atomic=ALL-UNNAMED -Xmx3G -Dfile.encoding=UTF-8 -Duser.country=CN -Duser.language=zh -Duser.variant -javaagent:E:\.gradle\wrapper\dists\gradle-8.8-bin\dl7vupf4psengwqhwktix4v1\gradle-8.8\lib\agents\gradle-instrumentation-agent-8.8.jar org.gradle.launcher.daemon.bootstrap.GradleDaemon 8.8

Host: 12th Gen Intel(R) Core(TM) i7-12650H, 16 cores, 31G,  Windows 11 , 64 bit Build 26100 (10.0.26100.3037)
Time: Fri Mar  7 07:45:11 2025  Windows 11 , 64 bit Build 26100 (10.0.26100.3037) elapsed time: 11.442329 seconds (0d 0h 0m 11s)

---------------  T H R E A D  ---------------

Current thread (0x000001c4fdede5d0):  JavaThread "C2 CompilerThread4" daemon [_thread_in_native, id=32680, stack(0x0000008adff00000,0x0000008ae0000000)]


Current CompileTask:
C2:  11442 9668  s    4       java.beans.MethodDescriptor::setMethod (41 bytes)

Stack: [0x0000008adff00000,0x0000008ae0000000]
Native frames: (J=compiled Java code, j=interpreted, Vv=VM code, C=native code)
V  [jvm.dll+0x67f4f9]
V  [jvm.dll+0x836eaa]
V  [jvm.dll+0x83896e]
V  [jvm.dll+0x838fd3]
V  [jvm.dll+0x247f6f]
V  [jvm.dll+0xac9d4]
V  [jvm.dll+0xad01c]
V  [jvm.dll+0x2af56f]
V  [jvm.dll+0x5864f7]
V  [jvm.dll+0x222e12]
V  [jvm.dll+0x21bd0d]
V  [jvm.dll+0x219831]
V  [jvm.dll+0x1a57bd]
V  [jvm.dll+0x22966d]
V  [jvm.dll+0x22781c]
V  [jvm.dll+0x7ebec7]
V  [jvm.dll+0x7e62ac]
V  [jvm.dll+0x67e3c7]
C  [ucrtbase.dll+0x37b0]
C  [KERNEL32.DLL+0x2e8d7]
C  [ntdll.dll+0xbbf2c]


---------------  P R O C E S S  ---------------

Threads class SMR info:
_java_thread_list=0x000001c4fc664840, length=145, elements={
0x000001c4d03760d0, 0x000001c4f21ae4c0, 0x000001c4f21aef90, 0x000001c4f21c5d00,
0x000001c4f21ca5f0, 0x000001c4f21caec0, 0x000001c4f21ccbb0, 0x000001c4f21cd7b0,
0x000001c4f21d60d0, 0x000001c4f21d69e0, 0x000001c4f21a09c0, 0x000001c4f239bc60,
0x000001c4f8571c30, 0x000001c4f86fca50, 0x000001c4f7c4bc40, 0x000001c4f76fae50,
0x000001c4f76fb330, 0x000001c4f87ac5a0, 0x000001c4f86e9590, 0x000001c4f88a75b0,
0x000001c4f88a84e0, 0x000001c4f88a4d30, 0x000001c4f88a7ac0, 0x000001c4f88a7fd0,
0x000001c4f88a70a0, 0x000001c4f88a5750, 0x000001c4f88a6680, 0x000001c4f88a5c60,
0x000001c4f88a6170, 0x000001c4f88a6b90, 0x000001c4fb232e50, 0x000001c4fb232430,
0x000001c4fb2305d0, 0x000001c4fb231500, 0x000001c4fb231a10, 0x000001c4fb231f20,
0x000001c4fb2300c0, 0x000001c4fb236600, 0x000001c4fb237020, 0x000001c4fb236b10,
0x000001c4fb233d80, 0x000001c4fb2347a0, 0x000001c4fb234cb0, 0x000001c4fb234290,
0x000001c4fb237a40, 0x000001c4fb235be0, 0x000001c4fb2351c0, 0x000001c4fb2356d0,
0x000001c4fb2360f0, 0x000001c4c1289c70, 0x000001c4c128d420, 0x000001c4c128c4f0,
0x000001c4c128ca00, 0x000001c4c128a690, 0x000001c4c128cf10, 0x000001c4c128d930,
0x000001c4c128bfe0, 0x000001c4c128aba0, 0x000001c4c128b0b0, 0x000001c4c128a180,
0x000001c4c128bad0, 0x000001c4c128de40, 0x000001c4c128ed70, 0x000001c4c128e350,
0x000001c4c128e860, 0x000001c4c128b5c0, 0x000001c4c12915f0, 0x000001c4c128f280,
0x000001c4c1290bd0, 0x000001c4c12901b0, 0x000001c4c128fca0, 0x000001c4c128f790,
0x000001c4c12906c0, 0x000001c4c12910e0, 0x000001c4fcd0f7d0, 0x000001c4fcd10700,
0x000001c4fcd0f2c0, 0x000001c4fcd0fce0, 0x000001c4fcd0de80, 0x000001c4fcd0d460,
0x000001c4fcd101f0, 0x000001c4fcd0edb0, 0x000001c4fcd0e390, 0x000001c4fcd0e8a0,
0x000001c4fcd10c10, 0x000001c4fcd11120, 0x000001c4fcd0d970, 0x000001c4fcd11630,
0x000001c4fcd148d0, 0x000001c4fcd14de0, 0x000001c4fcd13eb0, 0x000001c4fcd11b40,
0x000001c4fcd12a70, 0x000001c4f774cf90, 0x000001c4fcd139a0, 0x000001c4f774c4f0,
0x000001c4fcd12050, 0x000001c4f774da30, 0x000001c4fdede080, 0x000001c4fc6490d0,
0x000001c4fdede5d0, 0x000001c4fc64a510, 0x000001c4fc6495e0, 0x000001c4fc64c370,
0x000001c4fc64a000, 0x000001c4fc648bc0, 0x000001c4fc64be60, 0x000001c4fc64aa20,
0x000001c4fc64b950, 0x000001c4fdedf070, 0x000001c4fdedd5e0, 0x000001c4fc64af30,
0x000001c4fc64b440, 0x000001c4fc64c880, 0x000001c4fc64cd90, 0x000001c4fc649af0,
0x000001c4fc64d7b0, 0x000001c4fc650030, 0x000001c4fc64dcc0, 0x000001c4fc64f100,
0x000001c4fc64e6e0, 0x000001c4fc64e1d0, 0x000001c4fc64f610, 0x000001c4fc64ebf0,
0x000001c4fc64fb20, 0x000001c4fc650540, 0x000001c4fc32db70, 0x000001c4fc32d150,
0x000001c4fc32e590, 0x000001c4fc3303f0, 0x000001c4fc32cc40, 0x000001c4fc32e080,
0x000001c4fc330e10, 0x000001c4fc332250, 0x000001c4fc32f9d0, 0x000001c4fc32fee0,
0x000001c4fc32eaa0, 0x000001c4fc331320, 0x000001c4fc331830, 0x000001c4fc331d40,
0x000001c4fc332760, 0x000001c4fc32efb0, 0x000001c4fc32f4c0, 0x000001c4fc332c70,
0x000001c4fc333180
}

Java Threads: ( => current thread )
  0x000001c4d03760d0 JavaThread "main" [_thread_blocked, id=41748, stack(0x0000008ad8600000,0x0000008ad8700000)]
  0x000001c4f21ae4c0 JavaThread "Reference Handler" daemon [_thread_blocked, id=64596, stack(0x0000008ad8d00000,0x0000008ad8e00000)]
  0x000001c4f21aef90 JavaThread "Finalizer" daemon [_thread_blocked, id=62684, stack(0x0000008ad8e00000,0x0000008ad8f00000)]
  0x000001c4f21c5d00 JavaThread "Signal Dispatcher" daemon [_thread_blocked, id=10260, stack(0x0000008ad8f00000,0x0000008ad9000000)]
  0x000001c4f21ca5f0 JavaThread "Attach Listener" daemon [_thread_blocked, id=59276, stack(0x0000008ad9000000,0x0000008ad9100000)]
  0x000001c4f21caec0 JavaThread "Service Thread" daemon [_thread_blocked, id=67168, stack(0x0000008ad9100000,0x0000008ad9200000)]
  0x000001c4f21ccbb0 JavaThread "Monitor Deflation Thread" daemon [_thread_blocked, id=53112, stack(0x0000008ad9200000,0x0000008ad9300000)]
  0x000001c4f21cd7b0 JavaThread "C2 CompilerThread0" daemon [_thread_in_native, id=48704, stack(0x0000008ad9300000,0x0000008ad9400000)]
  0x000001c4f21d60d0 JavaThread "C1 CompilerThread0" daemon [_thread_blocked, id=40424, stack(0x0000008ad9400000,0x0000008ad9500000)]
  0x000001c4f21d69e0 JavaThread "Sweeper thread" daemon [_thread_blocked, id=59532, stack(0x0000008ad9500000,0x0000008ad9600000)]
  0x000001c4f21a09c0 JavaThread "Common-Cleaner" daemon [_thread_blocked, id=25384, stack(0x0000008ad9700000,0x0000008ad9800000)]
  0x000001c4f239bc60 JavaThread "Notification Thread" daemon [_thread_blocked, id=61208, stack(0x0000008ad9b00000,0x0000008ad9c00000)]
  0x000001c4f8571c30 JavaThread "Daemon health stats" [_thread_blocked, id=50776, stack(0x0000008ad9e00000,0x0000008ad9f00000)]
  0x000001c4f86fca50 JavaThread "Incoming local TCP Connector on port 22936" [_thread_in_native, id=61956, stack(0x0000008ad9d00000,0x0000008ad9e00000)]
  0x000001c4f7c4bc40 JavaThread "Daemon periodic checks" [_thread_blocked, id=56208, stack(0x0000008adaa00000,0x0000008adab00000)]
  0x000001c4f76fae50 JavaThread "Daemon" [_thread_blocked, id=33360, stack(0x0000008adab00000,0x0000008adac00000)]
  0x000001c4f76fb330 JavaThread "Handler for socket connection from /127.0.0.1:22936 to /127.0.0.1:22937" [_thread_in_native, id=67248, stack(0x0000008adac00000,0x0000008adad00000)]
  0x000001c4f87ac5a0 JavaThread "Cancel handler" [_thread_blocked, id=62848, stack(0x0000008adad00000,0x0000008adae00000)]
  0x000001c4f86e9590 JavaThread "Daemon worker" [_thread_blocked, id=67076, stack(0x0000008adae00000,0x0000008adaf00000)]
  0x000001c4f88a75b0 JavaThread "Asynchronous log dispatcher for DefaultDaemonConnection: socket connection from /127.0.0.1:22936 to /127.0.0.1:22937" [_thread_blocked, id=21656, stack(0x0000008adaf00000,0x0000008adb000000)]
  0x000001c4f88a84e0 JavaThread "Stdin handler" [_thread_blocked, id=59484, stack(0x0000008adb000000,0x0000008adb100000)]
  0x000001c4f88a4d30 JavaThread "Daemon client event forwarder" [_thread_blocked, id=17756, stack(0x0000008adb100000,0x0000008adb200000)]
  0x000001c4f88a7ac0 JavaThread "Cache worker for journal cache (E:\.gradle\caches\journal-1)" [_thread_blocked, id=63196, stack(0x0000008adb200000,0x0000008adb300000)]
  0x000001c4f88a7fd0 JavaThread "File lock request listener" [_thread_in_native, id=64036, stack(0x0000008adb300000,0x0000008adb400000)]
  0x000001c4f88a70a0 JavaThread "Cache worker for file hash cache (E:\.gradle\caches\8.8\fileHashes)" [_thread_blocked, id=35148, stack(0x0000008adb400000,0x0000008adb500000)]
  0x000001c4f88a5750 JavaThread "Cache worker for file hash cache (C:\Users\xiyu\Desktop\新建文件夹\createplus\.gradle\8.8\fileHashes)" [_thread_blocked, id=37188, stack(0x0000008adb800000,0x0000008adb900000)]
  0x000001c4f88a6680 JavaThread "File watcher server" daemon [_thread_in_native, id=36896, stack(0x0000008adb900000,0x0000008adba00000)]
  0x000001c4f88a5c60 JavaThread "File watcher consumer" daemon [_thread_blocked, id=64456, stack(0x0000008adba00000,0x0000008adbb00000)]
  0x000001c4f88a6170 JavaThread "Cache worker for checksums cache (C:\Users\xiyu\Desktop\新建文件夹\createplus\.gradle\8.8\checksums)" [_thread_blocked, id=62448, stack(0x0000008adbd00000,0x0000008adbe00000)]
  0x000001c4f88a6b90 JavaThread "Cache worker for file content cache (E:\.gradle\caches\8.8\fileContent)" [_thread_blocked, id=32828, stack(0x0000008adbe00000,0x0000008adbf00000)]
  0x000001c4fb232e50 JavaThread "Cache worker for cache directory md-rule (E:\.gradle\caches\8.8\md-rule)" [_thread_blocked, id=29024, stack(0x0000008adbf00000,0x0000008adc000000)]
  0x000001c4fb232430 JavaThread "Cache worker for cache directory md-supplier (E:\.gradle\caches\8.8\md-supplier)" [_thread_blocked, id=56400, stack(0x0000008adc000000,0x0000008adc100000)]
  0x000001c4fb2305d0 JavaThread "jar transforms" [_thread_blocked, id=43516, stack(0x0000008adc100000,0x0000008adc200000)]
  0x000001c4fb231500 JavaThread "jar transforms Thread 2" [_thread_blocked, id=60640, stack(0x0000008adc200000,0x0000008adc300000)]
  0x000001c4fb231a10 JavaThread "jar transforms Thread 3" [_thread_blocked, id=20952, stack(0x0000008adc700000,0x0000008adc800000)]
  0x000001c4fb231f20 JavaThread "Unconstrained build operations" [_thread_blocked, id=25480, stack(0x0000008adc600000,0x0000008adc700000)]
  0x000001c4fb2300c0 JavaThread "Unconstrained build operations Thread 2" [_thread_blocked, id=53756, stack(0x0000008adc800000,0x0000008adc900000)]
  0x000001c4fb236600 JavaThread "jar transforms Thread 4" [_thread_blocked, id=63032, stack(0x0000008adc900000,0x0000008adca00000)]
  0x000001c4fb237020 JavaThread "jar transforms Thread 5" [_thread_blocked, id=66196, stack(0x0000008adca00000,0x0000008adcb00000)]
  0x000001c4fb236b10 JavaThread "Unconstrained build operations Thread 3" [_thread_blocked, id=58528, stack(0x0000008adcb00000,0x0000008adcc00000)]
  0x000001c4fb233d80 JavaThread "Unconstrained build operations Thread 4" [_thread_blocked, id=61664, stack(0x0000008adcc00000,0x0000008adcd00000)]
  0x000001c4fb2347a0 JavaThread "Unconstrained build operations Thread 5" [_thread_blocked, id=62720, stack(0x0000008adcd00000,0x0000008adce00000)]
  0x000001c4fb234cb0 JavaThread "Unconstrained build operations Thread 6" [_thread_blocked, id=61656, stack(0x0000008adce00000,0x0000008adcf00000)]
  0x000001c4fb234290 JavaThread "Unconstrained build operations Thread 7" [_thread_blocked, id=49724, stack(0x0000008adcf00000,0x0000008add000000)]
  0x000001c4fb237a40 JavaThread "Unconstrained build operations Thread 8" [_thread_blocked, id=64268, stack(0x0000008add000000,0x0000008add100000)]
  0x000001c4fb235be0 JavaThread "jar transforms Thread 6" [_thread_blocked, id=19120, stack(0x0000008add100000,0x0000008add200000)]
  0x000001c4fb2351c0 JavaThread "Cache worker for Build Output Cleanup Cache (C:\Users\xiyu\Desktop\新建文件夹\createplus\.gradle\buildOutputCleanup)" [_thread_blocked, id=60068, stack(0x0000008adc400000,0x0000008adc500000)]
  0x000001c4fb2356d0 JavaThread "jar transforms Thread 7" [_thread_blocked, id=64536, stack(0x0000008adc500000,0x0000008adc600000)]
  0x000001c4fb2360f0 JavaThread "Unconstrained build operations Thread 9" [_thread_blocked, id=22080, stack(0x0000008add200000,0x0000008add300000)]
  0x000001c4c1289c70 JavaThread "Unconstrained build operations Thread 10" [_thread_blocked, id=2000, stack(0x0000008add300000,0x0000008add400000)]
  0x000001c4c128d420 JavaThread "Unconstrained build operations Thread 11" [_thread_blocked, id=59004, stack(0x0000008add400000,0x0000008add500000)]
  0x000001c4c128c4f0 JavaThread "Unconstrained build operations Thread 12" [_thread_blocked, id=65936, stack(0x0000008add500000,0x0000008add600000)]
  0x000001c4c128ca00 JavaThread "Unconstrained build operations Thread 13" [_thread_blocked, id=63200, stack(0x0000008add600000,0x0000008add700000)]
  0x000001c4c128a690 JavaThread "Unconstrained build operations Thread 14" [_thread_blocked, id=41848, stack(0x0000008add700000,0x0000008add800000)]
  0x000001c4c128cf10 JavaThread "Unconstrained build operations Thread 15" [_thread_blocked, id=21980, stack(0x0000008add800000,0x0000008add900000)]
  0x000001c4c128d930 JavaThread "Unconstrained build operations Thread 16" [_thread_blocked, id=11492, stack(0x0000008add900000,0x0000008adda00000)]
  0x000001c4c128bfe0 JavaThread "Unconstrained build operations Thread 17" [_thread_blocked, id=66988, stack(0x0000008adda00000,0x0000008addb00000)]
  0x000001c4c128aba0 JavaThread "Unconstrained build operations Thread 18" [_thread_blocked, id=61372, stack(0x0000008addb00000,0x0000008addc00000)]
  0x000001c4c128b0b0 JavaThread "Unconstrained build operations Thread 19" [_thread_blocked, id=60848, stack(0x0000008addc00000,0x0000008addd00000)]
  0x000001c4c128a180 JavaThread "Unconstrained build operations Thread 20" [_thread_blocked, id=59072, stack(0x0000008addd00000,0x0000008adde00000)]
  0x000001c4c128bad0 JavaThread "Unconstrained build operations Thread 21" [_thread_blocked, id=20868, stack(0x0000008adde00000,0x0000008addf00000)]
  0x000001c4c128de40 JavaThread "Unconstrained build operations Thread 22" [_thread_blocked, id=60956, stack(0x0000008addf00000,0x0000008ade000000)]
  0x000001c4c128ed70 JavaThread "Unconstrained build operations Thread 23" [_thread_blocked, id=9764, stack(0x0000008ade000000,0x0000008ade100000)]
  0x000001c4c128e350 JavaThread "Unconstrained build operations Thread 24" [_thread_blocked, id=63888, stack(0x0000008ade100000,0x0000008ade200000)]
  0x000001c4c128e860 JavaThread "Unconstrained build operations Thread 25" [_thread_blocked, id=7324, stack(0x0000008ade200000,0x0000008ade300000)]
  0x000001c4c128b5c0 JavaThread "Unconstrained build operations Thread 26" [_thread_blocked, id=62316, stack(0x0000008ade300000,0x0000008ade400000)]
  0x000001c4c12915f0 JavaThread "Unconstrained build operations Thread 27" [_thread_blocked, id=31676, stack(0x0000008ade400000,0x0000008ade500000)]
  0x000001c4c128f280 JavaThread "Unconstrained build operations Thread 28" [_thread_blocked, id=38104, stack(0x0000008ade500000,0x0000008ade600000)]
  0x000001c4c1290bd0 JavaThread "Unconstrained build operations Thread 29" [_thread_blocked, id=64604, stack(0x0000008ade600000,0x0000008ade700000)]
  0x000001c4c12901b0 JavaThread "Unconstrained build operations Thread 30" [_thread_blocked, id=49052, stack(0x0000008ade700000,0x0000008ade800000)]
  0x000001c4c128fca0 JavaThread "Unconstrained build operations Thread 31" [_thread_blocked, id=41064, stack(0x0000008ade800000,0x0000008ade900000)]
  0x000001c4c128f790 JavaThread "Unconstrained build operations Thread 32" [_thread_blocked, id=63964, stack(0x0000008ade900000,0x0000008adea00000)]
  0x000001c4c12906c0 JavaThread "Unconstrained build operations Thread 33" [_thread_blocked, id=63076, stack(0x0000008adea00000,0x0000008adeb00000)]
  0x000001c4c12910e0 JavaThread "Unconstrained build operations Thread 34" [_thread_blocked, id=61140, stack(0x0000008adeb00000,0x0000008adec00000)]
  0x000001c4fcd0f7d0 JavaThread "Unconstrained build operations Thread 35" [_thread_blocked, id=64480, stack(0x0000008adec00000,0x0000008aded00000)]
  0x000001c4fcd10700 JavaThread "Unconstrained build operations Thread 36" [_thread_blocked, id=31148, stack(0x0000008aded00000,0x0000008adee00000)]
  0x000001c4fcd0f2c0 JavaThread "Unconstrained build operations Thread 37" [_thread_blocked, id=23116, stack(0x0000008adee00000,0x0000008adef00000)]
  0x000001c4fcd0fce0 JavaThread "Unconstrained build operations Thread 38" [_thread_blocked, id=40332, stack(0x0000008adef00000,0x0000008adf000000)]
  0x000001c4fcd0de80 JavaThread "Unconstrained build operations Thread 39" [_thread_blocked, id=61604, stack(0x0000008adf000000,0x0000008adf100000)]
  0x000001c4fcd0d460 JavaThread "Unconstrained build operations Thread 40" [_thread_blocked, id=27308, stack(0x0000008adf100000,0x0000008adf200000)]
  0x000001c4fcd101f0 JavaThread "Unconstrained build operations Thread 41" [_thread_blocked, id=35664, stack(0x0000008adf200000,0x0000008adf300000)]
  0x000001c4fcd0edb0 JavaThread "Unconstrained build operations Thread 42" [_thread_blocked, id=9388, stack(0x0000008adf300000,0x0000008adf400000)]
  0x000001c4fcd0e390 JavaThread "Unconstrained build operations Thread 43" [_thread_blocked, id=67232, stack(0x0000008adf400000,0x0000008adf500000)]
  0x000001c4fcd0e8a0 JavaThread "Unconstrained build operations Thread 44" [_thread_blocked, id=48988, stack(0x0000008adf500000,0x0000008adf600000)]
  0x000001c4fcd10c10 JavaThread "Unconstrained build operations Thread 45" [_thread_blocked, id=42432, stack(0x0000008adf600000,0x0000008adf700000)]
  0x000001c4fcd11120 JavaThread "Unconstrained build operations Thread 46" [_thread_blocked, id=35432, stack(0x0000008adf700000,0x0000008adf800000)]
  0x000001c4fcd0d970 JavaThread "Unconstrained build operations Thread 47" [_thread_blocked, id=52812, stack(0x0000008adf800000,0x0000008adf900000)]
  0x000001c4fcd11630 JavaThread "Unconstrained build operations Thread 48" [_thread_blocked, id=29284, stack(0x0000008adf900000,0x0000008adfa00000)]
  0x000001c4fcd148d0 JavaThread "Unconstrained build operations Thread 49" [_thread_blocked, id=23684, stack(0x0000008adfa00000,0x0000008adfb00000)]
  0x000001c4fcd14de0 JavaThread "Unconstrained build operations Thread 50" [_thread_blocked, id=66612, stack(0x0000008adfb00000,0x0000008adfc00000)]
  0x000001c4fcd13eb0 JavaThread "Unconstrained build operations Thread 51" [_thread_blocked, id=65740, stack(0x0000008adfc00000,0x0000008adfd00000)]
  0x000001c4fcd11b40 JavaThread "Unconstrained build operations Thread 52" [_thread_blocked, id=40660, stack(0x0000008adfd00000,0x0000008adfe00000)]
  0x000001c4fcd12a70 JavaThread "Unconstrained build operations Thread 53" [_thread_blocked, id=44708, stack(0x0000008adfe00000,0x0000008adff00000)]
  0x000001c4f774cf90 JavaThread "C1 CompilerThread1" daemon [_thread_blocked, id=64164, stack(0x0000008ad9900000,0x0000008ad9a00000)]
  0x000001c4fcd139a0 JavaThread "Keep-Alive-Timer" daemon [_thread_blocked, id=28356, stack(0x0000008ad9600000,0x0000008ad9700000)]
  0x000001c4f774c4f0 JavaThread "C2 CompilerThread1" daemon [_thread_in_native, id=51396, stack(0x0000008ad9800000,0x0000008ad9900000)]
  0x000001c4fcd12050 JavaThread "Memory manager" [_thread_blocked, id=40708, stack(0x0000008ad9a00000,0x0000008ad9b00000)]
  0x000001c4f774da30 JavaThread "C2 CompilerThread2" daemon [_thread_in_native, id=38672, stack(0x0000008adb500000,0x0000008adb600000)]
  0x000001c4fdede080 JavaThread "C2 CompilerThread3" daemon [_thread_blocked, id=59868, stack(0x0000008adb700000,0x0000008adb800000)]
  0x000001c4fc6490d0 JavaThread "jar transforms Thread 8" [_thread_blocked, id=21556, stack(0x0000008adc300000,0x0000008adc400000)]
=>0x000001c4fdede5d0 JavaThread "C2 CompilerThread4" daemon [_thread_in_native, id=32680, stack(0x0000008adff00000,0x0000008ae0000000)]
  0x000001c4fc64a510 JavaThread "Unconstrained build operations Thread 54" [_thread_blocked, id=54332, stack(0x0000008ae0100000,0x0000008ae0200000)]
  0x000001c4fc6495e0 JavaThread "Unconstrained build operations Thread 55" [_thread_blocked, id=55664, stack(0x0000008ae0200000,0x0000008ae0300000)]
  0x000001c4fc64c370 JavaThread "Unconstrained build operations Thread 56" [_thread_blocked, id=63712, stack(0x0000008ae0300000,0x0000008ae0400000)]
  0x000001c4fc64a000 JavaThread "Unconstrained build operations Thread 57" [_thread_blocked, id=52064, stack(0x0000008ae0400000,0x0000008ae0500000)]
  0x000001c4fc648bc0 JavaThread "Unconstrained build operations Thread 58" [_thread_blocked, id=33664, stack(0x0000008ae0500000,0x0000008ae0600000)]
  0x000001c4fc64be60 JavaThread "Unconstrained build operations Thread 59" [_thread_blocked, id=54388, stack(0x0000008ae0600000,0x0000008ae0700000)]
  0x000001c4fc64aa20 JavaThread "Unconstrained build operations Thread 60" [_thread_blocked, id=64472, stack(0x0000008ae0700000,0x0000008ae0800000)]
  0x000001c4fc64b950 JavaThread "Unconstrained build operations Thread 61" [_thread_blocked, id=51864, stack(0x0000008ae0800000,0x0000008ae0900000)]
  0x000001c4fdedf070 JavaThread "C1 CompilerThread2" daemon [_thread_blocked, id=34620, stack(0x0000008ae0900000,0x0000008ae0a00000)]
  0x000001c4fdedd5e0 JavaThread "C1 CompilerThread3" daemon [_thread_blocked, id=28080, stack(0x0000008ae0a00000,0x0000008ae0b00000)]
  0x000001c4fc64af30 JavaThread "Unconstrained build operations Thread 62" [_thread_blocked, id=60996, stack(0x0000008ae0b00000,0x0000008ae0c00000)]
  0x000001c4fc64b440 JavaThread "Unconstrained build operations Thread 63" [_thread_blocked, id=63276, stack(0x0000008ae0c00000,0x0000008ae0d00000)]
  0x000001c4fc64c880 JavaThread "Unconstrained build operations Thread 64" [_thread_blocked, id=54644, stack(0x0000008ae0d00000,0x0000008ae0e00000)]
  0x000001c4fc64cd90 JavaThread "Unconstrained build operations Thread 65" [_thread_blocked, id=35076, stack(0x0000008ae0e00000,0x0000008ae0f00000)]
  0x000001c4fc649af0 JavaThread "Unconstrained build operations Thread 66" [_thread_blocked, id=57552, stack(0x0000008ae0f00000,0x0000008ae1000000)]
  0x000001c4fc64d7b0 JavaThread "Unconstrained build operations Thread 67" [_thread_blocked, id=64304, stack(0x0000008ae1000000,0x0000008ae1100000)]
  0x000001c4fc650030 JavaThread "Unconstrained build operations Thread 68" [_thread_blocked, id=63480, stack(0x0000008ae1100000,0x0000008ae1200000)]
  0x000001c4fc64dcc0 JavaThread "Unconstrained build operations Thread 69" [_thread_blocked, id=19012, stack(0x0000008ae1200000,0x0000008ae1300000)]
  0x000001c4fc64f100 JavaThread "Unconstrained build operations Thread 70" [_thread_blocked, id=22764, stack(0x0000008ae1300000,0x0000008ae1400000)]
  0x000001c4fc64e6e0 JavaThread "Unconstrained build operations Thread 71" [_thread_blocked, id=51860, stack(0x0000008ae1400000,0x0000008ae1500000)]
  0x000001c4fc64e1d0 JavaThread "Unconstrained build operations Thread 72" [_thread_blocked, id=8984, stack(0x0000008ae1500000,0x0000008ae1600000)]
  0x000001c4fc64f610 JavaThread "Unconstrained build operations Thread 73" [_thread_blocked, id=12300, stack(0x0000008ae1600000,0x0000008ae1700000)]
  0x000001c4fc64ebf0 JavaThread "Unconstrained build operations Thread 74" [_thread_blocked, id=39360, stack(0x0000008ae1700000,0x0000008ae1800000)]
  0x000001c4fc64fb20 JavaThread "Unconstrained build operations Thread 75" [_thread_blocked, id=53904, stack(0x0000008ae1800000,0x0000008ae1900000)]
  0x000001c4fc650540 JavaThread "Unconstrained build operations Thread 76" [_thread_blocked, id=28888, stack(0x0000008ae1900000,0x0000008ae1a00000)]
  0x000001c4fc32db70 JavaThread "ForkJoinPool.commonPool-worker-1" daemon [_thread_blocked, id=61064, stack(0x0000008ae1a00000,0x0000008ae1b00000)]
  0x000001c4fc32d150 JavaThread "ForkJoinPool.commonPool-worker-2" daemon [_thread_blocked, id=14648, stack(0x0000008ae1b00000,0x0000008ae1c00000)]
  0x000001c4fc32e590 JavaThread "ForkJoinPool.commonPool-worker-3" daemon [_thread_blocked, id=67564, stack(0x0000008ae1c00000,0x0000008ae1d00000)]
  0x000001c4fc3303f0 JavaThread "ForkJoinPool.commonPool-worker-5" daemon [_thread_blocked, id=52484, stack(0x0000008ae1d00000,0x0000008ae1e00000)]
  0x000001c4fc32cc40 JavaThread "ForkJoinPool.commonPool-worker-4" daemon [_thread_blocked, id=44084, stack(0x0000008ae1e00000,0x0000008ae1f00000)]
  0x000001c4fc32e080 JavaThread "ForkJoinPool.commonPool-worker-6" daemon [_thread_blocked, id=34032, stack(0x0000008ae1f00000,0x0000008ae2000000)]
  0x000001c4fc330e10 JavaThread "ForkJoinPool.commonPool-worker-7" daemon [_thread_blocked, id=60044, stack(0x0000008ae2000000,0x0000008ae2100000)]
  0x000001c4fc332250 JavaThread "ForkJoinPool.commonPool-worker-8" daemon [_thread_blocked, id=61396, stack(0x0000008ae2100000,0x0000008ae2200000)]
  0x000001c4fc32f9d0 JavaThread "ForkJoinPool.commonPool-worker-9" daemon [_thread_blocked, id=46308, stack(0x0000008ae2200000,0x0000008ae2300000)]
  0x000001c4fc32fee0 JavaThread "ForkJoinPool.commonPool-worker-10" daemon [_thread_blocked, id=57416, stack(0x0000008ae2300000,0x0000008ae2400000)]
  0x000001c4fc32eaa0 JavaThread "ForkJoinPool.commonPool-worker-11" daemon [_thread_blocked, id=65892, stack(0x0000008ae2400000,0x0000008ae2500000)]
  0x000001c4fc331320 JavaThread "Exec process" daemon [_thread_blocked, id=60520, stack(0x0000008ae2500000,0x0000008ae2600000)]
  0x000001c4fc331830 JavaThread "ForkJoinPool.commonPool-worker-12" daemon [_thread_blocked, id=63424, stack(0x0000008ae2600000,0x0000008ae2700000)]
  0x000001c4fc331d40 JavaThread "Exec process Thread 2" daemon [_thread_blocked, id=58888, stack(0x0000008ae2700000,0x0000008ae2800000)]
  0x000001c4fc332760 JavaThread "ForkJoinPool.commonPool-worker-13" daemon [_thread_blocked, id=7660, stack(0x0000008ae2800000,0x0000008ae2900000)]
  0x000001c4fc32efb0 JavaThread "Exec process Thread 3" daemon [_thread_blocked, id=67424, stack(0x0000008ae2900000,0x0000008ae2a00000)]
  0x000001c4fc32f4c0 JavaThread "ForkJoinPool.commonPool-worker-14" daemon [_thread_blocked, id=67452, stack(0x0000008ae2a00000,0x0000008ae2b00000)]
  0x000001c4fc332c70 JavaThread "ForkJoinPool.commonPool-worker-15" daemon [_thread_blocked, id=57096, stack(0x0000008ae2b00000,0x0000008ae2c00000)]
  0x000001c4fc333180 JavaThread "included builds" [_thread_blocked, id=34464, stack(0x0000008ae0000000,0x0000008ae0100000)]

Other Threads:
  0x000001c4f21a3f60 VMThread "VM Thread" [stack: 0x0000008ad8c00000,0x0000008ad8d00000] [id=27608]
  0x000001c4f239c950 WatcherThread [stack: 0x0000008ad9c00000,0x0000008ad9d00000] [id=50756]
  0x000001c4d03d03a0 GCTaskThread "GC Thread#0" [stack: 0x0000008ad8700000,0x0000008ad8800000] [id=40684]
  0x000001c4f761b960 GCTaskThread "GC Thread#1" [stack: 0x0000008ad9f00000,0x0000008ada000000] [id=56868]
  0x000001c4f7ee0f40 GCTaskThread "GC Thread#2" [stack: 0x0000008ada000000,0x0000008ada100000] [id=9696]
  0x000001c4f7ee1200 GCTaskThread "GC Thread#3" [stack: 0x0000008ada100000,0x0000008ada200000] [id=62892]
  0x000001c4f7e95550 GCTaskThread "GC Thread#4" [stack: 0x0000008ada200000,0x0000008ada300000] [id=60936]
  0x000001c4f7736660 GCTaskThread "GC Thread#5" [stack: 0x0000008ada300000,0x0000008ada400000] [id=60216]
  0x000001c4f7736920 GCTaskThread "GC Thread#6" [stack: 0x0000008ada400000,0x0000008ada500000] [id=9704]
  0x000001c4f753ade0 GCTaskThread "GC Thread#7" [stack: 0x0000008ada500000,0x0000008ada600000] [id=52340]
  0x000001c4f753b360 GCTaskThread "GC Thread#8" [stack: 0x0000008ada600000,0x0000008ada700000] [id=14696]
  0x000001c4f753b0a0 GCTaskThread "GC Thread#9" [stack: 0x0000008ada700000,0x0000008ada800000] [id=55808]
  0x000001c4f753b620 GCTaskThread "GC Thread#10" [stack: 0x0000008ada800000,0x0000008ada900000] [id=24200]
  0x000001c4f753b8e0 GCTaskThread "GC Thread#11" [stack: 0x0000008ada900000,0x0000008adaa00000] [id=42292]
  0x000001c4f753a2e0 GCTaskThread "GC Thread#12" [stack: 0x0000008adb600000,0x0000008adb700000] [id=61100]
  0x000001c4d03dded0 ConcurrentGCThread "G1 Main Marker" [stack: 0x0000008ad8800000,0x0000008ad8900000] [id=53800]
  0x000001c4d03de800 ConcurrentGCThread "G1 Conc#0" [stack: 0x0000008ad8900000,0x0000008ad8a00000] [id=44648]
  0x000001c4f753a860 ConcurrentGCThread "G1 Conc#1" [stack: 0x0000008adbb00000,0x0000008adbc00000] [id=60080]
  0x000001c4f753ab20 ConcurrentGCThread "G1 Conc#2" [stack: 0x0000008adbc00000,0x0000008adbd00000] [id=31300]
  0x000001c4d042e7d0 ConcurrentGCThread "G1 Refine#0" [stack: 0x0000008ad8a00000,0x0000008ad8b00000] [id=60772]
  0x000001c4f20573b0 ConcurrentGCThread "G1 Service" [stack: 0x0000008ad8b00000,0x0000008ad8c00000] [id=62640]

Threads with active compile tasks:
C2 CompilerThread0    11471 9667       4       java.beans.MethodDescriptor::<init> (48 bytes)
C2 CompilerThread1    11471 9688       4       groovy.lang.MetaClassImpl$1MOPIter::methodNameAction (325 bytes)
C2 CompilerThread2    11471 9619       4       java.lang.Class::privateGetPublicMethods (224 bytes)
C2 CompilerThread4    11472 9668  s    4       java.beans.MethodDescriptor::setMethod (41 bytes)

VM state: not at safepoint (normal execution)

VM Mutex/Monitor currently owned by a thread: None

Heap address: 0x0000000740000000, size: 3072 MB, Compressed Oops mode: Zero based, Oop shift amount: 3

CDS archive(s) mapped at: [0x000001c480000000-0x000001c480bb0000-0x000001c480bb0000), size 12255232, SharedBaseAddress: 0x000001c480000000, ArchiveRelocationMode: 1.
Compressed class space mapped at: 0x000001c481000000-0x000001c4c1000000, reserved size: 1073741824
Narrow klass base: 0x000001c480000000, Narrow klass shift: 0, Narrow klass range: 0x100000000

GC Precious Log:
 CPUs: 16 total, 16 available
 Memory: 32503M
 Large Page Support: Disabled
 NUMA Support: Disabled
 Compressed Oops: Enabled (Zero based)
 Heap Region Size: 2M
 Heap Min Capacity: 8M
 Heap Initial Capacity: 508M
 Heap Max Capacity: 3G
 Pre-touch: Disabled
 Parallel Workers: 13
 Concurrent Workers: 3
 Concurrent Refinement Workers: 13
 Periodic GC: Disabled

Heap:
 garbage-first heap   total 311296K, used 162433K [0x0000000740000000, 0x0000000800000000)
  region size 2048K, 41 young (83968K), 3 survivors (6144K)
 Metaspace       used 65530K, committed 66240K, reserved 1114112K
  class space    used 9067K, committed 9344K, reserved 1048576K

Heap Regions: E=young(eden), S=young(survivor), O=old, HS=humongous(starts), HC=humongous(continues), CS=collection set, F=free, OA=open archive, CA=closed archive, TAMS=top-at-mark-start (previous, next)
|   0|0x0000000740000000, 0x0000000740200000, 0x0000000740200000|100%|HS|  |TAMS 0x0000000740200000, 0x0000000740200000| Complete 
|   1|0x0000000740200000, 0x0000000740400000, 0x0000000740400000|100%|HC|  |TAMS 0x0000000740400000, 0x0000000740400000| Complete 
|   2|0x0000000740400000, 0x0000000740600000, 0x0000000740600000|100%| O|  |TAMS 0x0000000740600000, 0x0000000740600000| Untracked 
|   3|0x0000000740600000, 0x0000000740800000, 0x0000000740800000|100%| O|  |TAMS 0x0000000740800000, 0x0000000740800000| Untracked 
|   4|0x0000000740800000, 0x0000000740a00000, 0x0000000740a00000|100%| O|  |TAMS 0x0000000740a00000, 0x0000000740a00000| Untracked 
|   5|0x0000000740a00000, 0x0000000740a9aa00, 0x0000000740c00000| 30%| O|  |TAMS 0x0000000740a9aa00, 0x0000000740a9aa00| Untracked 
|   6|0x0000000740c00000, 0x0000000740e00000, 0x0000000740e00000|100%| O|  |TAMS 0x0000000740e00000, 0x0000000740e00000| Untracked 
|   7|0x0000000740e00000, 0x0000000741000000, 0x0000000741000000|100%| O|  |TAMS 0x0000000741000000, 0x0000000741000000| Untracked 
|   8|0x0000000741000000, 0x0000000741200000, 0x0000000741200000|100%| O|  |TAMS 0x0000000741200000, 0x0000000741200000| Untracked 
|   9|0x0000000741200000, 0x0000000741400000, 0x0000000741400000|100%| O|  |TAMS 0x0000000741400000, 0x0000000741400000| Untracked 
|  10|0x0000000741400000, 0x0000000741600000, 0x0000000741600000|100%| O|  |TAMS 0x0000000741600000, 0x0000000741600000| Untracked 
|  11|0x0000000741600000, 0x0000000741800000, 0x0000000741800000|100%| O|  |TAMS 0x0000000741800000, 0x0000000741800000| Untracked 
|  12|0x0000000741800000, 0x0000000741a00000, 0x0000000741a00000|100%| O|  |TAMS 0x0000000741a00000, 0x0000000741a00000| Untracked 
|  13|0x0000000741a00000, 0x0000000741c00000, 0x0000000741c00000|100%| O|  |TAMS 0x0000000741c00000, 0x0000000741c00000| Untracked 
|  14|0x0000000741c00000, 0x0000000741e00000, 0x0000000741e00000|100%| O|  |TAMS 0x0000000741e00000, 0x0000000741e00000| Untracked 
|  15|0x0000000741e00000, 0x0000000742000000, 0x0000000742000000|100%| O|  |TAMS 0x0000000742000000, 0x0000000742000000| Untracked 
|  16|0x0000000742000000, 0x0000000742200000, 0x0000000742200000|100%| O|  |TAMS 0x0000000742200000, 0x0000000742200000| Untracked 
|  17|0x0000000742200000, 0x0000000742400000, 0x0000000742400000|100%| O|  |TAMS 0x0000000742400000, 0x0000000742400000| Untracked 
|  18|0x0000000742400000, 0x0000000742600000, 0x0000000742600000|100%| O|  |TAMS 0x0000000742600000, 0x0000000742600000| Untracked 
|  19|0x0000000742600000, 0x0000000742800000, 0x0000000742800000|100%|HS|  |TAMS 0x0000000742800000, 0x0000000742800000| Complete 
|  20|0x0000000742800000, 0x0000000742a00000, 0x0000000742a00000|100%| O|  |TAMS 0x0000000742a00000, 0x0000000742a00000| Untracked 
|  21|0x0000000742a00000, 0x0000000742c00000, 0x0000000742c00000|100%| O|  |TAMS 0x0000000742c00000, 0x0000000742c00000| Untracked 
|  22|0x0000000742c00000, 0x0000000742e00000, 0x0000000742e00000|100%| O|  |TAMS 0x0000000742cd3c00, 0x0000000742e00000| Untracked 
|  23|0x0000000742e00000, 0x0000000743000000, 0x0000000743000000|100%| O|  |TAMS 0x0000000742e00000, 0x0000000743000000| Untracked 
|  24|0x0000000743000000, 0x0000000743200000, 0x0000000743200000|100%| O|  |TAMS 0x0000000743000000, 0x0000000743200000| Untracked 
|  25|0x0000000743200000, 0x0000000743400000, 0x0000000743400000|100%| O|  |TAMS 0x0000000743200000, 0x0000000743400000| Untracked 
|  26|0x0000000743400000, 0x00000007435dd600, 0x0000000743600000| 93%| O|  |TAMS 0x0000000743400000, 0x00000007435dd600| Untracked 
|  27|0x0000000743600000, 0x0000000743800000, 0x0000000743800000|100%|HS|  |TAMS 0x0000000743600000, 0x0000000743600000| Complete 
|  28|0x0000000743800000, 0x0000000743a00000, 0x0000000743a00000|100%|HC|  |TAMS 0x0000000743800000, 0x0000000743800000| Complete 
|  29|0x0000000743a00000, 0x0000000743c00000, 0x0000000743c00000|100%|HC|  |TAMS 0x0000000743a00000, 0x0000000743a00000| Complete 
|  30|0x0000000743c00000, 0x0000000743e00000, 0x0000000743e00000|100%|HC|  |TAMS 0x0000000743c00000, 0x0000000743c00000| Complete 
|  31|0x0000000743e00000, 0x0000000744000000, 0x0000000744000000|100%|HC|  |TAMS 0x0000000743e00000, 0x0000000743e00000| Complete 
|  32|0x0000000744000000, 0x0000000744200000, 0x0000000744200000|100%|HC|  |TAMS 0x0000000744000000, 0x0000000744000000| Complete 
|  33|0x0000000744200000, 0x0000000744400000, 0x0000000744400000|100%|HC|  |TAMS 0x0000000744200000, 0x0000000744200000| Complete 
|  34|0x0000000744400000, 0x0000000744600000, 0x0000000744600000|100%|HC|  |TAMS 0x0000000744400000, 0x0000000744400000| Complete 
|  35|0x0000000744600000, 0x0000000744800000, 0x0000000744800000|100%|HC|  |TAMS 0x0000000744600000, 0x0000000744600000| Complete 
|  36|0x0000000744800000, 0x0000000744a00000, 0x0000000744a00000|100%|HC|  |TAMS 0x0000000744800000, 0x0000000744800000| Complete 
|  37|0x0000000744a00000, 0x0000000744c00000, 0x0000000744c00000|100%|HC|  |TAMS 0x0000000744a00000, 0x0000000744a00000| Complete 
|  38|0x0000000744c00000, 0x0000000744e00000, 0x0000000744e00000|100%|HS|  |TAMS 0x0000000744c00000, 0x0000000744c00000| Complete 
|  39|0x0000000744e00000, 0x0000000745000000, 0x0000000745000000|100%|HC|  |TAMS 0x0000000744e00000, 0x0000000744e00000| Complete 
|  40|0x0000000745000000, 0x0000000745200000, 0x0000000745200000|100%|HC|  |TAMS 0x0000000745000000, 0x0000000745000000| Complete 
|  41|0x0000000745200000, 0x0000000745200000, 0x0000000745400000|  0%| F|  |TAMS 0x0000000745200000, 0x0000000745200000| Untracked 
|  42|0x0000000745400000, 0x0000000745400000, 0x0000000745600000|  0%| F|  |TAMS 0x0000000745400000, 0x0000000745400000| Untracked 
|  43|0x0000000745600000, 0x0000000745600000, 0x0000000745800000|  0%| F|  |TAMS 0x0000000745600000, 0x0000000745600000| Untracked 
|  44|0x0000000745800000, 0x0000000745800000, 0x0000000745a00000|  0%| F|  |TAMS 0x0000000745800000, 0x0000000745800000| Untracked 
|  45|0x0000000745a00000, 0x0000000745a00000, 0x0000000745c00000|  0%| F|  |TAMS 0x0000000745a00000, 0x0000000745a00000| Untracked 
|  46|0x0000000745c00000, 0x0000000745c00000, 0x0000000745e00000|  0%| F|  |TAMS 0x0000000745c00000, 0x0000000745c00000| Untracked 
|  47|0x0000000745e00000, 0x0000000745e00000, 0x0000000746000000|  0%| F|  |TAMS 0x0000000745e00000, 0x0000000745e00000| Untracked 
|  48|0x0000000746000000, 0x0000000746000000, 0x0000000746200000|  0%| F|  |TAMS 0x0000000746000000, 0x0000000746000000| Untracked 
|  49|0x0000000746200000, 0x0000000746200000, 0x0000000746400000|  0%| F|  |TAMS 0x0000000746200000, 0x0000000746200000| Untracked 
|  50|0x0000000746400000, 0x0000000746400000, 0x0000000746600000|  0%| F|  |TAMS 0x0000000746400000, 0x0000000746400000| Untracked 
|  51|0x0000000746600000, 0x0000000746600000, 0x0000000746800000|  0%| F|  |TAMS 0x0000000746600000, 0x0000000746600000| Untracked 
|  52|0x0000000746800000, 0x0000000746800000, 0x0000000746a00000|  0%| F|  |TAMS 0x0000000746800000, 0x0000000746800000| Untracked 
|  53|0x0000000746a00000, 0x0000000746a00000, 0x0000000746c00000|  0%| F|  |TAMS 0x0000000746a00000, 0x0000000746a00000| Untracked 
|  54|0x0000000746c00000, 0x0000000746c00000, 0x0000000746e00000|  0%| F|  |TAMS 0x0000000746c00000, 0x0000000746c00000| Untracked 
|  55|0x0000000746e00000, 0x0000000746e00000, 0x0000000747000000|  0%| F|  |TAMS 0x0000000746e00000, 0x0000000746e00000| Untracked 
|  56|0x0000000747000000, 0x0000000747000000, 0x0000000747200000|  0%| F|  |TAMS 0x0000000747000000, 0x0000000747000000| Untracked 
|  57|0x0000000747200000, 0x0000000747200000, 0x0000000747400000|  0%| F|  |TAMS 0x0000000747200000, 0x0000000747200000| Untracked 
|  58|0x0000000747400000, 0x0000000747400000, 0x0000000747600000|  0%| F|  |TAMS 0x0000000747400000, 0x0000000747400000| Untracked 
|  59|0x0000000747600000, 0x0000000747600000, 0x0000000747800000|  0%| F|  |TAMS 0x0000000747600000, 0x0000000747600000| Untracked 
|  60|0x0000000747800000, 0x0000000747800000, 0x0000000747a00000|  0%| F|  |TAMS 0x0000000747800000, 0x0000000747800000| Untracked 
|  61|0x0000000747a00000, 0x0000000747a00000, 0x0000000747c00000|  0%| F|  |TAMS 0x0000000747a00000, 0x0000000747a00000| Untracked 
|  62|0x0000000747c00000, 0x0000000747c00000, 0x0000000747e00000|  0%| F|  |TAMS 0x0000000747c00000, 0x0000000747c00000| Untracked 
|  63|0x0000000747e00000, 0x0000000747e00000, 0x0000000748000000|  0%| F|  |TAMS 0x0000000747e00000, 0x0000000747e00000| Untracked 
|  64|0x0000000748000000, 0x0000000748000000, 0x0000000748200000|  0%| F|  |TAMS 0x0000000748000000, 0x0000000748000000| Untracked 
|  65|0x0000000748200000, 0x0000000748200000, 0x0000000748400000|  0%| F|  |TAMS 0x0000000748200000, 0x0000000748200000| Untracked 
|  66|0x0000000748400000, 0x0000000748400000, 0x0000000748600000|  0%| F|  |TAMS 0x0000000748400000, 0x0000000748400000| Untracked 
|  67|0x0000000748600000, 0x0000000748600000, 0x0000000748800000|  0%| F|  |TAMS 0x0000000748600000, 0x0000000748600000| Untracked 
|  68|0x0000000748800000, 0x0000000748800000, 0x0000000748a00000|  0%| F|  |TAMS 0x0000000748800000, 0x0000000748800000| Untracked 
|  69|0x0000000748a00000, 0x0000000748a00000, 0x0000000748c00000|  0%| F|  |TAMS 0x0000000748a00000, 0x0000000748a00000| Untracked 
|  70|0x0000000748c00000, 0x0000000748c00000, 0x0000000748e00000|  0%| F|  |TAMS 0x0000000748c00000, 0x0000000748c00000| Untracked 
|  71|0x0000000748e00000, 0x0000000748e00000, 0x0000000749000000|  0%| F|  |TAMS 0x0000000748e00000, 0x0000000748e00000| Untracked 
|  72|0x0000000749000000, 0x0000000749000000, 0x0000000749200000|  0%| F|  |TAMS 0x0000000749000000, 0x0000000749000000| Untracked 
|  73|0x0000000749200000, 0x0000000749200000, 0x0000000749400000|  0%| F|  |TAMS 0x0000000749200000, 0x0000000749200000| Untracked 
|  74|0x0000000749400000, 0x0000000749400000, 0x0000000749600000|  0%| F|  |TAMS 0x0000000749400000, 0x0000000749400000| Untracked 
|  75|0x0000000749600000, 0x0000000749600000, 0x0000000749800000|  0%| F|  |TAMS 0x0000000749600000, 0x0000000749600000| Untracked 
|  76|0x0000000749800000, 0x0000000749800000, 0x0000000749a00000|  0%| F|  |TAMS 0x0000000749800000, 0x0000000749800000| Untracked 
|  77|0x0000000749a00000, 0x0000000749a00000, 0x0000000749c00000|  0%| F|  |TAMS 0x0000000749a00000, 0x0000000749a00000| Untracked 
|  78|0x0000000749c00000, 0x0000000749c00000, 0x0000000749e00000|  0%| F|  |TAMS 0x0000000749c00000, 0x0000000749c00000| Untracked 
|  79|0x0000000749e00000, 0x0000000749e00000, 0x000000074a000000|  0%| F|  |TAMS 0x0000000749e00000, 0x0000000749e00000| Untracked 
|  80|0x000000074a000000, 0x000000074a000000, 0x000000074a200000|  0%| F|  |TAMS 0x000000074a000000, 0x000000074a000000| Untracked 
|  81|0x000000074a200000, 0x000000074a200000, 0x000000074a400000|  0%| F|  |TAMS 0x000000074a200000, 0x000000074a200000| Untracked 
|  82|0x000000074a400000, 0x000000074a400000, 0x000000074a600000|  0%| F|  |TAMS 0x000000074a400000, 0x000000074a400000| Untracked 
|  83|0x000000074a600000, 0x000000074a600000, 0x000000074a800000|  0%| F|  |TAMS 0x000000074a600000, 0x000000074a600000| Untracked 
|  84|0x000000074a800000, 0x000000074a800000, 0x000000074aa00000|  0%| F|  |TAMS 0x000000074a800000, 0x000000074a800000| Untracked 
|  85|0x000000074aa00000, 0x000000074aa00000, 0x000000074ac00000|  0%| F|  |TAMS 0x000000074aa00000, 0x000000074aa00000| Untracked 
|  86|0x000000074ac00000, 0x000000074ac00000, 0x000000074ae00000|  0%| F|  |TAMS 0x000000074ac00000, 0x000000074ac00000| Untracked 
|  87|0x000000074ae00000, 0x000000074ae00000, 0x000000074b000000|  0%| F|  |TAMS 0x000000074ae00000, 0x000000074ae00000| Untracked 
|  88|0x000000074b000000, 0x000000074b000000, 0x000000074b200000|  0%| F|  |TAMS 0x000000074b000000, 0x000000074b000000| Untracked 
|  89|0x000000074b200000, 0x000000074b200000, 0x000000074b400000|  0%| F|  |TAMS 0x000000074b200000, 0x000000074b200000| Untracked 
|  90|0x000000074b400000, 0x000000074b400000, 0x000000074b600000|  0%| F|  |TAMS 0x000000074b400000, 0x000000074b400000| Untracked 
|  91|0x000000074b600000, 0x000000074b600000, 0x000000074b800000|  0%| F|  |TAMS 0x000000074b600000, 0x000000074b600000| Untracked 
|  92|0x000000074b800000, 0x000000074b800000, 0x000000074ba00000|  0%| F|  |TAMS 0x000000074b800000, 0x000000074b800000| Untracked 
|  93|0x000000074ba00000, 0x000000074ba00000, 0x000000074bc00000|  0%| F|  |TAMS 0x000000074ba00000, 0x000000074ba00000| Untracked 
|  94|0x000000074bc00000, 0x000000074bc00000, 0x000000074be00000|  0%| F|  |TAMS 0x000000074bc00000, 0x000000074bc00000| Untracked 
|  95|0x000000074be00000, 0x000000074be00000, 0x000000074c000000|  0%| F|  |TAMS 0x000000074be00000, 0x000000074be00000| Untracked 
|  96|0x000000074c000000, 0x000000074c000000, 0x000000074c200000|  0%| F|  |TAMS 0x000000074c000000, 0x000000074c000000| Untracked 
|  97|0x000000074c200000, 0x000000074c200000, 0x000000074c400000|  0%| F|  |TAMS 0x000000074c200000, 0x000000074c200000| Untracked 
|  98|0x000000074c400000, 0x000000074c400000, 0x000000074c600000|  0%| F|  |TAMS 0x000000074c400000, 0x000000074c400000| Untracked 
|  99|0x000000074c600000, 0x000000074c600000, 0x000000074c800000|  0%| F|  |TAMS 0x000000074c600000, 0x000000074c600000| Untracked 
| 100|0x000000074c800000, 0x000000074c800000, 0x000000074ca00000|  0%| F|  |TAMS 0x000000074c800000, 0x000000074c800000| Untracked 
| 101|0x000000074ca00000, 0x000000074ca00000, 0x000000074cc00000|  0%| F|  |TAMS 0x000000074ca00000, 0x000000074ca00000| Untracked 
| 102|0x000000074cc00000, 0x000000074cc00000, 0x000000074ce00000|  0%| F|  |TAMS 0x000000074cc00000, 0x000000074cc00000| Untracked 
| 103|0x000000074ce00000, 0x000000074ce00000, 0x000000074d000000|  0%| F|  |TAMS 0x000000074ce00000, 0x000000074ce00000| Untracked 
| 104|0x000000074d000000, 0x000000074d000000, 0x000000074d200000|  0%| F|  |TAMS 0x000000074d000000, 0x000000074d000000| Untracked 
| 105|0x000000074d200000, 0x000000074d200000, 0x000000074d400000|  0%| F|  |TAMS 0x000000074d200000, 0x000000074d200000| Untracked 
| 106|0x000000074d400000, 0x000000074d400000, 0x000000074d600000|  0%| F|  |TAMS 0x000000074d400000, 0x000000074d400000| Untracked 
| 107|0x000000074d600000, 0x000000074d600000, 0x000000074d800000|  0%| F|  |TAMS 0x000000074d600000, 0x000000074d600000| Untracked 
| 108|0x000000074d800000, 0x000000074d800000, 0x000000074da00000|  0%| F|  |TAMS 0x000000074d800000, 0x000000074d800000| Untracked 
| 109|0x000000074da00000, 0x000000074da00000, 0x000000074dc00000|  0%| F|  |TAMS 0x000000074da00000, 0x000000074da00000| Untracked 
| 110|0x000000074dc00000, 0x000000074dc00000, 0x000000074de00000|  0%| F|  |TAMS 0x000000074dc00000, 0x000000074dc00000| Untracked 
| 111|0x000000074de00000, 0x000000074dfcaf30, 0x000000074e000000| 89%| E|  |TAMS 0x000000074de00000, 0x000000074de00000| Complete 
| 112|0x000000074e000000, 0x000000074e200000, 0x000000074e200000|100%| E|CS|TAMS 0x000000074e000000, 0x000000074e000000| Complete 
| 113|0x000000074e200000, 0x000000074e400000, 0x000000074e400000|100%| E|CS|TAMS 0x000000074e200000, 0x000000074e200000| Complete 
| 114|0x000000074e400000, 0x000000074e600000, 0x000000074e600000|100%| E|CS|TAMS 0x000000074e400000, 0x000000074e400000| Complete 
| 115|0x000000074e600000, 0x000000074e800000, 0x000000074e800000|100%| E|CS|TAMS 0x000000074e600000, 0x000000074e600000| Complete 
| 116|0x000000074e800000, 0x000000074ea00000, 0x000000074ea00000|100%| E|CS|TAMS 0x000000074e800000, 0x000000074e800000| Complete 
| 117|0x000000074ea00000, 0x000000074ec00000, 0x000000074ec00000|100%| E|CS|TAMS 0x000000074ea00000, 0x000000074ea00000| Complete 
| 118|0x000000074ec00000, 0x000000074ee00000, 0x000000074ee00000|100%| E|CS|TAMS 0x000000074ec00000, 0x000000074ec00000| Complete 
| 119|0x000000074ee00000, 0x000000074f000000, 0x000000074f000000|100%| E|CS|TAMS 0x000000074ee00000, 0x000000074ee00000| Complete 
| 120|0x000000074f000000, 0x000000074f200000, 0x000000074f200000|100%| E|CS|TAMS 0x000000074f000000, 0x000000074f000000| Complete 
| 121|0x000000074f200000, 0x000000074f400000, 0x000000074f400000|100%| E|CS|TAMS 0x000000074f200000, 0x000000074f200000| Complete 
| 122|0x000000074f400000, 0x000000074f600000, 0x000000074f600000|100%| E|CS|TAMS 0x000000074f400000, 0x000000074f400000| Complete 
| 123|0x000000074f600000, 0x000000074f800000, 0x000000074f800000|100%| E|CS|TAMS 0x000000074f600000, 0x000000074f600000| Complete 
| 124|0x000000074f800000, 0x000000074fa00000, 0x000000074fa00000|100%| E|CS|TAMS 0x000000074f800000, 0x000000074f800000| Complete 
| 125|0x000000074fa00000, 0x000000074fc00000, 0x000000074fc00000|100%| E|CS|TAMS 0x000000074fa00000, 0x000000074fa00000| Complete 
| 126|0x000000074fc00000, 0x000000074fe00000, 0x000000074fe00000|100%| E|CS|TAMS 0x000000074fc00000, 0x000000074fc00000| Complete 
| 127|0x000000074fe00000, 0x0000000750000000, 0x0000000750000000|100%| E|CS|TAMS 0x000000074fe00000, 0x000000074fe00000| Complete 
| 128|0x0000000750000000, 0x0000000750200000, 0x0000000750200000|100%| E|CS|TAMS 0x0000000750000000, 0x0000000750000000| Complete 
| 129|0x0000000750200000, 0x0000000750400000, 0x0000000750400000|100%| E|CS|TAMS 0x0000000750200000, 0x0000000750200000| Complete 
| 130|0x0000000750400000, 0x0000000750600000, 0x0000000750600000|100%| E|CS|TAMS 0x0000000750400000, 0x0000000750400000| Complete 
| 131|0x0000000750600000, 0x0000000750800000, 0x0000000750800000|100%| E|CS|TAMS 0x0000000750600000, 0x0000000750600000| Complete 
| 132|0x0000000750800000, 0x0000000750a00000, 0x0000000750a00000|100%| E|CS|TAMS 0x0000000750800000, 0x0000000750800000| Complete 
| 133|0x0000000750a00000, 0x0000000750a28410, 0x0000000750c00000|  7%| S|CS|TAMS 0x0000000750a00000, 0x0000000750a00000| Complete 
| 134|0x0000000750c00000, 0x0000000750e00000, 0x0000000750e00000|100%| S|CS|TAMS 0x0000000750c00000, 0x0000000750c00000| Complete 
| 135|0x0000000750e00000, 0x0000000751000000, 0x0000000751000000|100%| S|CS|TAMS 0x0000000750e00000, 0x0000000750e00000| Complete 
| 136|0x0000000751000000, 0x0000000751200000, 0x0000000751200000|100%| E|CS|TAMS 0x0000000751000000, 0x0000000751000000| Complete 
| 137|0x0000000751200000, 0x0000000751400000, 0x0000000751400000|100%| E|CS|TAMS 0x0000000751200000, 0x0000000751200000| Complete 
| 138|0x0000000751400000, 0x0000000751600000, 0x0000000751600000|100%| E|CS|TAMS 0x0000000751400000, 0x0000000751400000| Complete 
| 139|0x0000000751600000, 0x0000000751800000, 0x0000000751800000|100%| E|CS|TAMS 0x0000000751600000, 0x0000000751600000| Complete 
| 140|0x0000000751800000, 0x0000000751a00000, 0x0000000751a00000|100%| E|CS|TAMS 0x0000000751800000, 0x0000000751800000| Complete 
| 141|0x0000000751a00000, 0x0000000751c00000, 0x0000000751c00000|100%| E|CS|TAMS 0x0000000751a00000, 0x0000000751a00000| Complete 
| 142|0x0000000751c00000, 0x0000000751e00000, 0x0000000751e00000|100%| E|CS|TAMS 0x0000000751c00000, 0x0000000751c00000| Complete 
| 234|0x000000075d400000, 0x000000075d600000, 0x000000075d600000|100%| E|CS|TAMS 0x000000075d400000, 0x000000075d400000| Complete 
| 235|0x000000075d600000, 0x000000075d800000, 0x000000075d800000|100%| E|CS|TAMS 0x000000075d600000, 0x000000075d600000| Complete 
| 236|0x000000075d800000, 0x000000075da00000, 0x000000075da00000|100%| E|CS|TAMS 0x000000075d800000, 0x000000075d800000| Complete 
| 237|0x000000075da00000, 0x000000075dc00000, 0x000000075dc00000|100%| E|CS|TAMS 0x000000075da00000, 0x000000075da00000| Complete 
| 238|0x000000075dc00000, 0x000000075de00000, 0x000000075de00000|100%| E|CS|TAMS 0x000000075dc00000, 0x000000075dc00000| Complete 
| 239|0x000000075de00000, 0x000000075e000000, 0x000000075e000000|100%| E|CS|TAMS 0x000000075de00000, 0x000000075de00000| Complete 
| 240|0x000000075e000000, 0x000000075e200000, 0x000000075e200000|100%| E|CS|TAMS 0x000000075e000000, 0x000000075e000000| Complete 
| 252|0x000000075f800000, 0x000000075fa00000, 0x000000075fa00000|100%| E|CS|TAMS 0x000000075f800000, 0x000000075f800000| Complete 
| 253|0x000000075fa00000, 0x000000075fc00000, 0x000000075fc00000|100%| E|CS|TAMS 0x000000075fa00000, 0x000000075fa00000| Complete 

Card table byte_map: [0x000001c4e84a0000,0x000001c4e8aa0000] _byte_map_base: 0x000001c4e4aa0000

Marking Bits (Prev, Next): (CMBitMap*) 0x000001c4d03d0910, (CMBitMap*) 0x000001c4d03d08d0
 Prev Bits: [0x000001c4ec0a0000, 0x000001c4ef0a0000)
 Next Bits: [0x000001c4e90a0000, 0x000001c4ec0a0000)

Polling page: 0x000001c4ceae0000

Metaspace:

Usage:
  Non-class:     55.20 MB used.
      Class:      8.87 MB used.
       Both:     64.07 MB used.

Virtual space:
  Non-class space:       64.00 MB reserved,      55.62 MB ( 87%) committed,  1 nodes.
      Class space:        1.00 GB reserved,       9.12 MB ( <1%) committed,  1 nodes.
             Both:        1.06 GB reserved,      64.75 MB (  6%) committed. 

Chunk freelists:
   Non-Class:  8.36 MB
       Class:  6.88 MB
        Both:  15.23 MB

MaxMetaspaceSize: unlimited
CompressedClassSpaceSize: 1.00 GB
Initial GC threshold: 21.00 MB
Current GC threshold: 95.56 MB
CDS: on
MetaspaceReclaimPolicy: balanced
 - commit_granule_bytes: 65536.
 - commit_granule_words: 8192.
 - virtual_space_node_default_size: 8388608.
 - enlarge_chunks_in_place: 1.
 - new_chunks_are_fully_committed: 0.
 - uncommit_free_chunks: 1.
 - use_allocation_guard: 0.
 - handle_deallocations: 1.


Internal statistics:

num_allocs_failed_limit: 6.
num_arena_births: 746.
num_arena_deaths: 0.
num_vsnodes_births: 2.
num_vsnodes_deaths: 0.
num_space_committed: 1036.
num_space_uncommitted: 0.
num_chunks_returned_to_freelist: 6.
num_chunks_taken_from_freelist: 3295.
num_chunk_merges: 6.
num_chunk_splits: 2082.
num_chunks_enlarged: 1300.
num_inconsistent_stats: 0.

CodeHeap 'non-profiled nmethods': size=119168Kb used=5005Kb max_used=5371Kb free=114162Kb
 bounds [0x000001c4dfa90000, 0x000001c4dffd0000, 0x000001c4e6ef0000]
CodeHeap 'profiled nmethods': size=119104Kb used=15754Kb max_used=16785Kb free=103349Kb
 bounds [0x000001c4d7ef0000, 0x000001c4d8f60000, 0x000001c4df340000]
CodeHeap 'non-nmethods': size=7488Kb used=4069Kb max_used=4137Kb free=3418Kb
 bounds [0x000001c4df340000, 0x000001c4df750000, 0x000001c4dfa90000]
 total_blobs=9089 nmethods=8186 adapters=811
 compilation: enabled
              stopped_count=0, restarted_count=0
 full_count=0

Compilation events (20 events):
Event: 11.434 Thread 0x000001c4f774cf90 9716       3       org.codehaus.groovy.reflection.ParameterTypes::isValidExactMethod (32 bytes)
Event: 11.435 Thread 0x000001c4f774cf90 nmethod 9716 0x000001c4d874b590 code [0x000001c4d874b740, 0x000001c4d874ba88]
Event: 11.435 Thread 0x000001c4f774cf90 9717       3       org.codehaus.groovy.reflection.CachedClass$2$$Lambda$562/0x000001c4814867b8::apply (12 bytes)
Event: 11.435 Thread 0x000001c4fdedd5e0 9718       3       org.codehaus.groovy.reflection.CachedClass$2::lambda$initValue$2 (13 bytes)
Event: 11.435 Thread 0x000001c4fdedf070 9719       3       org.codehaus.groovy.reflection.CachedConstructor::<init> (20 bytes)
Event: 11.436 Thread 0x000001c4fdedf070 nmethod 9719 0x000001c4d874b010 code [0x000001c4d874b1c0, 0x000001c4d874b458]
Event: 11.436 Thread 0x000001c4fdedd5e0 nmethod 9718 0x000001c4d874a810 code [0x000001c4d874a9c0, 0x000001c4d874ad18]
Event: 11.436 Thread 0x000001c4f774cf90 nmethod 9717 0x000001c4d8b1f790 code [0x000001c4d8b1f960, 0x000001c4d8b1fe18]
Event: 11.436 Thread 0x000001c4fdedf070 9720       3       java.lang.Class::getPackage (38 bytes)
Event: 11.436 Thread 0x000001c4fdedf070 nmethod 9720 0x000001c4d8b1eb90 code [0x000001c4d8b1eda0, 0x000001c4d8b1f3d8]
Event: 11.437 Thread 0x000001c4fdede080 nmethod 9672 0x000001c4dfc6a910 code [0x000001c4dfc6abe0, 0x000001c4dfc6d218]
Event: 11.437 Thread 0x000001c4fdede080 9697       4       java.lang.Integer::parseInt (264 bytes)
Event: 11.437 Thread 0x000001c4fdedf070 9722       3       org.codehaus.groovy.runtime.callsite.AbstractCallSite::createGetPropertySite (48 bytes)
Event: 11.437 Thread 0x000001c4f774cf90 9723       1       org.codehaus.groovy.reflection.stdclasses.CachedClosureClass::getParameterTypes (5 bytes)
Event: 11.437 Thread 0x000001c4fdedd5e0 9724       1       org.codehaus.groovy.reflection.stdclasses.CachedClosureClass::getMaximumNumberOfParameters (5 bytes)
Event: 11.437 Thread 0x000001c4fdedd5e0 nmethod 9724 0x000001c4dfc6a610 code [0x000001c4dfc6a7a0, 0x000001c4dfc6a878]
Event: 11.437 Thread 0x000001c4f774cf90 nmethod 9723 0x000001c4dfc6a310 code [0x000001c4dfc6a4a0, 0x000001c4dfc6a578]
Event: 11.437 Thread 0x000001c4fdedf070 nmethod 9722 0x000001c4d8bf3d10 code [0x000001c4d8bf3f20, 0x000001c4d8bf4558]
Event: 11.438 Thread 0x000001c4fdedf070 9725       3       org.codehaus.groovy.runtime.metaclass.MetaMethodIndex::copyMethodsToSuper (91 bytes)
Event: 11.438 Thread 0x000001c4fdedf070 nmethod 9725 0x000001c4d8bf3290 code [0x000001c4d8bf3460, 0x000001c4d8bf3a68]

GC Heap History (20 events):
Event: 4.307 GC heap before
{Heap before GC invocations=7 (full 0):
 garbage-first heap   total 102400K, used 50962K [0x0000000740000000, 0x0000000800000000)
  region size 2048K, 14 young (28672K), 4 survivors (8192K)
 Metaspace       used 35568K, committed 35968K, reserved 1114112K
  class space    used 4936K, committed 5120K, reserved 1048576K
}
Event: 4.311 GC heap after
{Heap after GC invocations=8 (full 0):
 garbage-first heap   total 102400K, used 31955K [0x0000000740000000, 0x0000000800000000)
  region size 2048K, 2 young (4096K), 2 survivors (4096K)
 Metaspace       used 35568K, committed 35968K, reserved 1114112K
  class space    used 4936K, committed 5120K, reserved 1048576K
}
Event: 4.817 GC heap before
{Heap before GC invocations=9 (full 0):
 garbage-first heap   total 102400K, used 72915K [0x0000000740000000, 0x0000000800000000)
  region size 2048K, 22 young (45056K), 2 survivors (4096K)
 Metaspace       used 39274K, committed 39680K, reserved 1114112K
  class space    used 5541K, committed 5760K, reserved 1048576K
}
Event: 4.820 GC heap after
{Heap after GC invocations=10 (full 0):
 garbage-first heap   total 102400K, used 34594K [0x0000000740000000, 0x0000000800000000)
  region size 2048K, 3 young (6144K), 3 survivors (6144K)
 Metaspace       used 39274K, committed 39680K, reserved 1114112K
  class space    used 5541K, committed 5760K, reserved 1048576K
}
Event: 5.226 GC heap before
{Heap before GC invocations=10 (full 0):
 garbage-first heap   total 102400K, used 73506K [0x0000000740000000, 0x0000000800000000)
  region size 2048K, 23 young (47104K), 3 survivors (6144K)
 Metaspace       used 42696K, committed 43136K, reserved 1114112K
  class space    used 6085K, committed 6272K, reserved 1048576K
}
Event: 5.228 GC heap after
{Heap after GC invocations=11 (full 0):
 garbage-first heap   total 102400K, used 37290K [0x0000000740000000, 0x0000000800000000)
  region size 2048K, 3 young (6144K), 3 survivors (6144K)
 Metaspace       used 42696K, committed 43136K, reserved 1114112K
  class space    used 6085K, committed 6272K, reserved 1048576K
}
Event: 5.629 GC heap before
{Heap before GC invocations=11 (full 0):
 garbage-first heap   total 102400K, used 76202K [0x0000000740000000, 0x0000000800000000)
  region size 2048K, 23 young (47104K), 3 survivors (6144K)
 Metaspace       used 45927K, committed 46528K, reserved 1114112K
  class space    used 6425K, committed 6720K, reserved 1048576K
}
Event: 5.633 GC heap after
{Heap after GC invocations=12 (full 0):
 garbage-first heap   total 102400K, used 39550K [0x0000000740000000, 0x0000000800000000)
  region size 2048K, 3 young (6144K), 3 survivors (6144K)
 Metaspace       used 45927K, committed 46528K, reserved 1114112K
  class space    used 6425K, committed 6720K, reserved 1048576K
}
Event: 6.624 GC heap before
{Heap before GC invocations=12 (full 0):
 garbage-first heap   total 102400K, used 78462K [0x0000000740000000, 0x0000000800000000)
  region size 2048K, 22 young (45056K), 3 survivors (6144K)
 Metaspace       used 51954K, committed 52544K, reserved 1114112K
  class space    used 7121K, committed 7424K, reserved 1048576K
}
Event: 6.626 GC heap after
{Heap after GC invocations=13 (full 0):
 garbage-first heap   total 102400K, used 42752K [0x0000000740000000, 0x0000000800000000)
  region size 2048K, 3 young (6144K), 3 survivors (6144K)
 Metaspace       used 51954K, committed 52544K, reserved 1114112K
  class space    used 7121K, committed 7424K, reserved 1048576K
}
Event: 8.748 GC heap before
{Heap before GC invocations=13 (full 0):
 garbage-first heap   total 102400K, used 81664K [0x0000000740000000, 0x0000000800000000)
  region size 2048K, 21 young (43008K), 3 survivors (6144K)
 Metaspace       used 56041K, committed 56576K, reserved 1114112K
  class space    used 7719K, committed 7936K, reserved 1048576K
}
Event: 8.751 GC heap after
{Heap after GC invocations=14 (full 0):
 garbage-first heap   total 102400K, used 47218K [0x0000000740000000, 0x0000000800000000)
  region size 2048K, 2 young (4096K), 2 survivors (4096K)
 Metaspace       used 56041K, committed 56576K, reserved 1114112K
  class space    used 7719K, committed 7936K, reserved 1048576K
}
Event: 9.028 GC heap before
{Heap before GC invocations=14 (full 0):
 garbage-first heap   total 102400K, used 79986K [0x0000000740000000, 0x0000000800000000)
  region size 2048K, 18 young (36864K), 2 survivors (4096K)
 Metaspace       used 58022K, committed 58560K, reserved 1114112K
  class space    used 7989K, committed 8256K, reserved 1048576K
}
Event: 9.031 GC heap after
{Heap after GC invocations=15 (full 0):
 garbage-first heap   total 102400K, used 50677K [0x0000000740000000, 0x0000000800000000)
  region size 2048K, 3 young (6144K), 3 survivors (6144K)
 Metaspace       used 58022K, committed 58560K, reserved 1114112K
  class space    used 7989K, committed 8256K, reserved 1048576K
}
Event: 9.285 GC heap before
{Heap before GC invocations=16 (full 0):
 garbage-first heap   total 102400K, used 79349K [0x0000000740000000, 0x0000000800000000)
  region size 2048K, 17 young (34816K), 3 survivors (6144K)
 Metaspace       used 58399K, committed 59008K, reserved 1114112K
  class space    used 8048K, committed 8320K, reserved 1048576K
}
Event: 9.289 GC heap after
{Heap after GC invocations=17 (full 0):
 garbage-first heap   total 102400K, used 53763K [0x0000000740000000, 0x0000000800000000)
  region size 2048K, 2 young (4096K), 2 survivors (4096K)
 Metaspace       used 58399K, committed 59008K, reserved 1114112K
  class space    used 8048K, committed 8320K, reserved 1048576K
}
Event: 9.604 GC heap before
{Heap before GC invocations=17 (full 0):
 garbage-first heap   total 102400K, used 78339K [0x0000000740000000, 0x0000000800000000)
  region size 2048K, 15 young (30720K), 2 survivors (4096K)
 Metaspace       used 59845K, committed 60416K, reserved 1114112K
  class space    used 8264K, committed 8512K, reserved 1048576K
}
Event: 9.607 GC heap after
{Heap after GC invocations=18 (full 0):
 garbage-first heap   total 311296K, used 55876K [0x0000000740000000, 0x0000000800000000)
  region size 2048K, 2 young (4096K), 2 survivors (4096K)
 Metaspace       used 59845K, committed 60416K, reserved 1114112K
  class space    used 8264K, committed 8512K, reserved 1048576K
}
Event: 10.130 GC heap before
{Heap before GC invocations=18 (full 0):
 garbage-first heap   total 311296K, used 152132K [0x0000000740000000, 0x0000000800000000)
  region size 2048K, 18 young (36864K), 2 survivors (4096K)
 Metaspace       used 62139K, committed 62784K, reserved 1114112K
  class space    used 8495K, committed 8768K, reserved 1048576K
}
Event: 10.133 GC heap after
{Heap after GC invocations=19 (full 0):
 garbage-first heap   total 311296K, used 57985K [0x0000000740000000, 0x0000000800000000)
  region size 2048K, 3 young (6144K), 3 survivors (6144K)
 Metaspace       used 62139K, committed 62784K, reserved 1114112K
  class space    used 8495K, committed 8768K, reserved 1048576K
}

Dll operation events (15 events):
Event: 0.007 Loaded shared library C:\Users\xiyu\.jdks\corretto-17.0.12\bin\java.dll
Event: 0.021 Loaded shared library C:\Users\xiyu\.jdks\corretto-17.0.12\bin\jsvml.dll
Event: 0.053 Loaded shared library C:\Users\xiyu\.jdks\corretto-17.0.12\bin\zip.dll
Event: 0.058 Loaded shared library C:\Users\xiyu\.jdks\corretto-17.0.12\bin\instrument.dll
Event: 0.062 Loaded shared library C:\Users\xiyu\.jdks\corretto-17.0.12\bin\net.dll
Event: 0.063 Loaded shared library C:\Users\xiyu\.jdks\corretto-17.0.12\bin\nio.dll
Event: 0.067 Loaded shared library C:\Users\xiyu\.jdks\corretto-17.0.12\bin\zip.dll
Event: 0.237 Loaded shared library C:\Users\xiyu\.jdks\corretto-17.0.12\bin\jimage.dll
Event: 0.324 Loaded shared library C:\Users\xiyu\.jdks\corretto-17.0.12\bin\verify.dll
Event: 0.460 Loaded shared library E:\.gradle\native\c067742578af261105cb4f569cf0c3c89f3d7b1fecec35dd04571415982c5e48\windows-amd64\native-platform.dll
Event: 0.465 Loaded shared library E:\.gradle\native\100fb08df4bc3b14c8652ba06237920a3bd2aa13389f12d3474272988ae205f9\windows-amd64\native-platform-file-events.dll
Event: 1.092 Loaded shared library C:\Users\xiyu\.jdks\corretto-17.0.12\bin\management.dll
Event: 1.093 Loaded shared library C:\Users\xiyu\.jdks\corretto-17.0.12\bin\management_ext.dll
Event: 1.271 Loaded shared library C:\Users\xiyu\.jdks\corretto-17.0.12\bin\extnet.dll
Event: 1.726 Loaded shared library C:\Users\xiyu\.jdks\corretto-17.0.12\bin\sunmscapi.dll

Deoptimization events (20 events):
Event: 11.351 Thread 0x000001c4f86e9590 Uncommon trap: trap_request=0xffffff45 fr.pc=0x000001c4dfce45f8 relative=0x0000000000000638
Event: 11.351 Thread 0x000001c4f86e9590 Uncommon trap: reason=unstable_if action=reinterpret pc=0x000001c4dfce45f8 method=java.util.HashMap$HashIterator.<init>(Ljava/util/HashMap;)V @ 45 c2
Event: 11.351 Thread 0x000001c4f86e9590 DEOPT PACKING pc=0x000001c4dfce45f8 sp=0x0000008adaefb670
Event: 11.351 Thread 0x000001c4f86e9590 DEOPT UNPACKING pc=0x000001c4df3969a3 sp=0x0000008adaefb500 mode 2
Event: 11.369 Thread 0x000001c4f86e9590 Uncommon trap: trap_request=0xffffff45 fr.pc=0x000001c4dfef04f4 relative=0x00000000000085f4
Event: 11.369 Thread 0x000001c4f86e9590 Uncommon trap: reason=unstable_if action=reinterpret pc=0x000001c4dfef04f4 method=java.util.StringJoiner.add(Ljava/lang/CharSequence;)Ljava/util/StringJoiner; @ 33 c2
Event: 11.369 Thread 0x000001c4f86e9590 DEOPT PACKING pc=0x000001c4dfef04f4 sp=0x0000008adaef7d10
Event: 11.369 Thread 0x000001c4f86e9590 DEOPT UNPACKING pc=0x000001c4df3969a3 sp=0x0000008adaef7bd0 mode 2
Event: 11.369 Thread 0x000001c4f86e9590 Uncommon trap: trap_request=0xffffff45 fr.pc=0x000001c4dfe474b0 relative=0x0000000000000470
Event: 11.369 Thread 0x000001c4f86e9590 Uncommon trap: reason=unstable_if action=reinterpret pc=0x000001c4dfe474b0 method=java.util.StringJoiner.add(Ljava/lang/CharSequence;)Ljava/util/StringJoiner; @ 33 c2
Event: 11.369 Thread 0x000001c4f86e9590 DEOPT PACKING pc=0x000001c4dfe474b0 sp=0x0000008adaef7b80
Event: 11.369 Thread 0x000001c4f86e9590 DEOPT UNPACKING pc=0x000001c4df3969a3 sp=0x0000008adaef7b30 mode 2
Event: 11.376 Thread 0x000001c4f86e9590 Uncommon trap: trap_request=0xffffff45 fr.pc=0x000001c4dfdae378 relative=0x00000000000004d8
Event: 11.376 Thread 0x000001c4f86e9590 Uncommon trap: reason=unstable_if action=reinterpret pc=0x000001c4dfdae378 method=groovy.lang.MetaClassImpl.filterPropertyMethod(Ljava/lang/Object;ZZ)Ljava/lang/Object; @ 80 c2
Event: 11.376 Thread 0x000001c4f86e9590 DEOPT PACKING pc=0x000001c4dfdae378 sp=0x0000008adaef8350
Event: 11.376 Thread 0x000001c4f86e9590 DEOPT UNPACKING pc=0x000001c4df3969a3 sp=0x0000008adaef82b0 mode 2
Event: 11.388 Thread 0x000001c4f86e9590 Uncommon trap: trap_request=0xffffff45 fr.pc=0x000001c4dfca1f50 relative=0x00000000000001d0
Event: 11.388 Thread 0x000001c4f86e9590 Uncommon trap: reason=unstable_if action=reinterpret pc=0x000001c4dfca1f50 method=java.lang.String.compareTo(Ljava/lang/String;)I @ 27 c2
Event: 11.388 Thread 0x000001c4f86e9590 DEOPT PACKING pc=0x000001c4dfca1f50 sp=0x0000008adaef7230
Event: 11.388 Thread 0x000001c4f86e9590 DEOPT UNPACKING pc=0x000001c4df3969a3 sp=0x0000008adaef71b8 mode 2

Classes loaded (20 events):
Event: 11.361 Loading class java/lang/BooleanBeanInfo
Event: 11.361 Loading class java/lang/BooleanBeanInfo done
Event: 11.361 Loading class java/lang/BooleanBeanInfo
Event: 11.361 Loading class java/lang/BooleanBeanInfo done
Event: 11.362 Loading class java/lang/BooleanCustomizer
Event: 11.362 Loading class java/lang/BooleanCustomizer done
Event: 11.362 Loading class java/lang/BooleanCustomizer
Event: 11.362 Loading class java/lang/BooleanCustomizer done
Event: 11.362 Loading class jdk/internal/ValueBased
Event: 11.362 Loading class jdk/internal/ValueBased done
Event: 11.379 Loading class java/beans/ParameterDescriptor
Event: 11.379 Loading class java/beans/ParameterDescriptor done
Event: 11.385 Loading class java/util/TreeSetBeanInfo
Event: 11.385 Loading class java/util/TreeSetBeanInfo done
Event: 11.385 Loading class java/util/TreeSetBeanInfo
Event: 11.385 Loading class java/util/TreeSetBeanInfo done
Event: 11.385 Loading class java/util/TreeSetCustomizer
Event: 11.385 Loading class java/util/TreeSetCustomizer done
Event: 11.385 Loading class java/util/TreeSetCustomizer
Event: 11.385 Loading class java/util/TreeSetCustomizer done

Classes unloaded (0 events):
No events

Classes redefined (0 events):
No events

Internal exceptions (20 events):
Event: 11.369 Thread 0x000001c4f86e9590 Exception <a 'java/lang/ClassNotFoundException'{0x000000074ead12c8}: com/google/common/collect/ImmutableListCustomizer> (0x000000074ead12c8) 
thrown [s\src\hotspot\share\classfile\systemDictionary.cpp, line 256]
Event: 11.370 Thread 0x000001c4f86e9590 Exception <a 'java/lang/ClassNotFoundException'{0x000000074eb10958}: com/google/common/collect/RegularImmutableListCustomizer> (0x000000074eb10958) 
thrown [s\src\hotspot\share\classfile\systemDictionary.cpp, line 256]
Event: 11.375 Thread 0x000001c4f86e9590 Exception <a 'java/lang/ClassNotFoundException'{0x000000074eb85410}: GradleTasksUtilBeanInfo> (0x000000074eb85410) 
thrown [s\src\hotspot\share\classfile\systemDictionary.cpp, line 256]
Event: 11.375 Thread 0x000001c4f86e9590 Exception <a 'java/lang/ClassNotFoundException'{0x000000074eb90a40}: GradleTasksUtilCustomizer> (0x000000074eb90a40) 
thrown [s\src\hotspot\share\classfile\systemDictionary.cpp, line 256]
Event: 11.378 Thread 0x000001c4f86e9590 Exception <a 'java/lang/ClassNotFoundException'{0x000000074ebd8048}: org/gradle/api/internal/StartParameterInternalBeanInfo> (0x000000074ebd8048) 
thrown [s\src\hotspot\share\classfile\systemDictionary.cpp, line 256]
Event: 11.379 Thread 0x000001c4f86e9590 Exception <a 'java/lang/ClassNotFoundException'{0x000000074ebe2960}: org/gradle/StartParameterBeanInfo> (0x000000074ebe2960) 
thrown [s\src\hotspot\share\classfile\systemDictionary.cpp, line 256]
Event: 11.379 Thread 0x000001c4f86e9590 Exception <a 'java/lang/ClassNotFoundException'{0x000000074ebed260}: org/gradle/StartParameterCustomizer> (0x000000074ebed260) 
thrown [s\src\hotspot\share\classfile\systemDictionary.cpp, line 256]
Event: 11.380 Thread 0x000001c4f86e9590 Exception <a 'java/lang/ClassNotFoundException'{0x000000074e840728}: org/gradle/api/internal/StartParameterInternalCustomizer> (0x000000074e840728) 
thrown [s\src\hotspot\share\classfile\systemDictionary.cpp, line 256]
Event: 11.385 Thread 0x000001c4f86e9590 Exception <a 'java/lang/ClassNotFoundException'{0x000000074e97b348}: java/util/TreeSetBeanInfo> (0x000000074e97b348) 
thrown [s\src\hotspot\share\classfile\systemDictionary.cpp, line 256]
Event: 11.385 Thread 0x000001c4f86e9590 Exception <a 'java/lang/ClassNotFoundException'{0x000000074e981138}: java/util/TreeSetCustomizer> (0x000000074e981138) 
thrown [s\src\hotspot\share\classfile\systemDictionary.cpp, line 256]
Event: 11.412 Thread 0x000001c4f86e9590 Exception <a 'java/lang/ClassNotFoundException'{0x000000074e738f30}: net/minecraftforge/gradle/common/tasks/DownloadMavenArtifact_DecoratedBeanInfo> (0x000000074e738f30) 
thrown [s\src\hotspot\share\classfile\systemDictionary.cpp, line 256]
Event: 11.412 Thread 0x000001c4f86e9590 Exception <a 'java/lang/ClassNotFoundException'{0x000000074e748948}: net/minecraftforge/gradle/common/tasks/DownloadMavenArtifactBeanInfo> (0x000000074e748948) 
thrown [s\src\hotspot\share\classfile\systemDictionary.cpp, line 256]
Event: 11.413 Thread 0x000001c4f86e9590 Exception <a 'java/lang/ClassNotFoundException'{0x000000074e758350}: net/minecraftforge/gradle/common/tasks/DownloadMavenArtifactCustomizer> (0x000000074e758350) 
thrown [s\src\hotspot\share\classfile\systemDictionary.cpp, line 256]
Event: 11.413 Thread 0x000001c4f86e9590 Exception <a 'java/lang/ClassNotFoundException'{0x000000074e77aed8}: net/minecraftforge/gradle/common/tasks/DownloadMavenArtifact_DecoratedCustomizer> (0x000000074e77aed8) 
thrown [s\src\hotspot\share\classfile\systemDictionary.cpp, line 256]
Event: 11.420 Thread 0x000001c4f86e9590 Exception <a 'java/lang/ClassNotFoundException'{0x000000074e420268}: net/minecraftforge/gradle/common/tasks/ExtractMCPData_DecoratedBeanInfo> (0x000000074e420268) 
thrown [s\src\hotspot\share\classfile\systemDictionary.cpp, line 256]
Event: 11.420 Thread 0x000001c4f86e9590 Exception <a 'java/lang/ClassNotFoundException'{0x000000074e42f8a8}: net/minecraftforge/gradle/common/tasks/ExtractMCPDataBeanInfo> (0x000000074e42f8a8) 
thrown [s\src\hotspot\share\classfile\systemDictionary.cpp, line 256]
Event: 11.421 Thread 0x000001c4f86e9590 Exception <a 'java/lang/ClassNotFoundException'{0x000000074e43ea00}: net/minecraftforge/gradle/common/tasks/ExtractMCPDataCustomizer> (0x000000074e43ea00) 
thrown [s\src\hotspot\share\classfile\systemDictionary.cpp, line 256]
Event: 11.421 Thread 0x000001c4f86e9590 Exception <a 'java/lang/ClassNotFoundException'{0x000000074e460250}: net/minecraftforge/gradle/common/tasks/ExtractMCPData_DecoratedCustomizer> (0x000000074e460250) 
thrown [s\src\hotspot\share\classfile\systemDictionary.cpp, line 256]
Event: 11.432 Thread 0x000001c4f86e9590 Exception <a 'java/lang/ClassNotFoundException'{0x000000074e59da28}: org/gradle/api/DefaultTask_DecoratedBeanInfo> (0x000000074e59da28) 
thrown [s\src\hotspot\share\classfile\systemDictionary.cpp, line 256]
Event: 11.433 Thread 0x000001c4f86e9590 Exception <a 'java/lang/ClassNotFoundException'{0x000000074e5a9728}: org/gradle/api/DefaultTask_DecoratedCustomizer> (0x000000074e5a9728) 
thrown [s\src\hotspot\share\classfile\systemDictionary.cpp, line 256]

VM Operations (20 events):
Event: 10.130 Executing VM operation: G1TryInitiateConcMark
Event: 10.133 Executing VM operation: G1TryInitiateConcMark done
Event: 10.315 Executing VM operation: HandshakeAllThreads
Event: 10.316 Executing VM operation: HandshakeAllThreads done
Event: 10.463 Executing VM operation: HandshakeAllThreads
Event: 10.463 Executing VM operation: HandshakeAllThreads done
Event: 10.463 Executing VM operation: HandshakeAllThreads
Event: 10.463 Executing VM operation: HandshakeAllThreads done
Event: 10.482 Executing VM operation: HandshakeAllThreads
Event: 10.483 Executing VM operation: HandshakeAllThreads done
Event: 10.498 Executing VM operation: HandshakeAllThreads
Event: 10.498 Executing VM operation: HandshakeAllThreads done
Event: 10.524 Executing VM operation: ICBufferFull
Event: 10.524 Executing VM operation: ICBufferFull done
Event: 10.785 Executing VM operation: ICBufferFull
Event: 10.785 Executing VM operation: ICBufferFull done
Event: 10.802 Executing VM operation: HandshakeAllThreads
Event: 10.802 Executing VM operation: HandshakeAllThreads done
Event: 11.434 Executing VM operation: ICBufferFull
Event: 11.434 Executing VM operation: ICBufferFull done

Events (20 events):
Event: 10.514 Thread 0x000001c4f21d69e0 flushing nmethod 0x000001c4d8eec110
Event: 10.757 Thread 0x000001c4fc32db70 Thread added: 0x000001c4fc32db70
Event: 10.758 Thread 0x000001c4fc32d150 Thread added: 0x000001c4fc32d150
Event: 10.758 Thread 0x000001c4fc32e590 Thread added: 0x000001c4fc32e590
Event: 10.758 Thread 0x000001c4fc3303f0 Thread added: 0x000001c4fc3303f0
Event: 10.758 Thread 0x000001c4fc32cc40 Thread added: 0x000001c4fc32cc40
Event: 10.758 Thread 0x000001c4fc32e080 Thread added: 0x000001c4fc32e080
Event: 10.758 Thread 0x000001c4fc330e10 Thread added: 0x000001c4fc330e10
Event: 10.759 Thread 0x000001c4fc332250 Thread added: 0x000001c4fc332250
Event: 10.759 Thread 0x000001c4fc32f9d0 Thread added: 0x000001c4fc32f9d0
Event: 10.760 Thread 0x000001c4fc32fee0 Thread added: 0x000001c4fc32fee0
Event: 10.760 Thread 0x000001c4fc32eaa0 Thread added: 0x000001c4fc32eaa0
Event: 10.790 Thread 0x000001c4fc331320 Thread added: 0x000001c4fc331320
Event: 10.790 Thread 0x000001c4fc331830 Thread added: 0x000001c4fc331830
Event: 10.804 Thread 0x000001c4fc331d40 Thread added: 0x000001c4fc331d40
Event: 10.804 Thread 0x000001c4fc332760 Thread added: 0x000001c4fc332760
Event: 10.804 Thread 0x000001c4fc32efb0 Thread added: 0x000001c4fc32efb0
Event: 10.935 Thread 0x000001c4fc32f4c0 Thread added: 0x000001c4fc32f4c0
Event: 10.941 Thread 0x000001c4fc332c70 Thread added: 0x000001c4fc332c70
Event: 11.053 Thread 0x000001c4fdedd090 Thread exited: 0x000001c4fdedd090


Dynamic libraries:
0x00007ff6cab50000 - 0x00007ff6cab5e000 	C:\Users\xiyu\.jdks\corretto-17.0.12\bin\java.exe
0x00007ffd01840000 - 0x00007ffd01aa3000 	C:\WINDOWS\SYSTEM32\ntdll.dll
0x00007ffd00460000 - 0x00007ffd00527000 	C:\WINDOWS\System32\KERNEL32.DLL
0x00007ffcff110000 - 0x00007ffcff4d7000 	C:\WINDOWS\System32\KERNELBASE.dll
0x00007ffcfeda0000 - 0x00007ffcfeeec000 	C:\WINDOWS\System32\ucrtbase.dll
0x00007ffcd57a0000 - 0x00007ffcd57b7000 	C:\Users\xiyu\.jdks\corretto-17.0.12\bin\jli.dll
0x00007ffc7db50000 - 0x00007ffc7db6b000 	C:\Users\xiyu\.jdks\corretto-17.0.12\bin\VCRUNTIME140.dll
0x00007ffd01080000 - 0x00007ffd01249000 	C:\WINDOWS\System32\USER32.dll
0x00007ffcff590000 - 0x00007ffcff5b7000 	C:\WINDOWS\System32\win32u.dll
0x00007ffce6520000 - 0x00007ffce67b0000 	C:\WINDOWS\WinSxS\amd64_microsoft.windows.common-controls_6595b64144ccf1df_6.0.26100.3037_none_3e09262ce333c378\COMCTL32.dll
0x00007ffd001b0000 - 0x00007ffd001da000 	C:\WINDOWS\System32\GDI32.dll
0x00007ffd01750000 - 0x00007ffd017f9000 	C:\WINDOWS\System32\msvcrt.dll
0x00007ffcfebe0000 - 0x00007ffcfed0b000 	C:\WINDOWS\System32\gdi32full.dll
0x00007ffcff4e0000 - 0x00007ffcff583000 	C:\WINDOWS\System32\msvcp_win.dll
0x00007ffd016e0000 - 0x00007ffd0170f000 	C:\WINDOWS\System32\IMM32.DLL
0x00007ffcd6100000 - 0x00007ffcd610c000 	C:\Users\xiyu\.jdks\corretto-17.0.12\bin\vcruntime140_1.dll
0x00007ffc7ac10000 - 0x00007ffc7ac9d000 	C:\Users\xiyu\.jdks\corretto-17.0.12\bin\msvcp140.dll
0x00007ffc279c0000 - 0x00007ffc2862a000 	C:\Users\xiyu\.jdks\corretto-17.0.12\bin\server\jvm.dll
0x00007ffcff860000 - 0x00007ffcff914000 	C:\WINDOWS\System32\ADVAPI32.dll
0x00007ffd00530000 - 0x00007ffd005d6000 	C:\WINDOWS\System32\sechost.dll
0x00007ffd00010000 - 0x00007ffd00126000 	C:\WINDOWS\System32\RPCRT4.dll
0x00007ffd00130000 - 0x00007ffd001a4000 	C:\WINDOWS\System32\WS2_32.dll
0x00007ffcfea70000 - 0x00007ffcfeabe000 	C:\WINDOWS\SYSTEM32\POWRPROF.dll
0x00007ffcf7410000 - 0x00007ffcf741b000 	C:\WINDOWS\SYSTEM32\VERSION.dll
0x00007ffcec4f0000 - 0x00007ffcec526000 	C:\WINDOWS\SYSTEM32\WINMM.dll
0x00007ffcfea50000 - 0x00007ffcfea64000 	C:\WINDOWS\SYSTEM32\UMPDC.dll
0x00007ffcfd940000 - 0x00007ffcfd95a000 	C:\WINDOWS\SYSTEM32\kernel.appcore.dll
0x00007ffcae4e0000 - 0x00007ffcae4ea000 	C:\Users\xiyu\.jdks\corretto-17.0.12\bin\jimage.dll
0x00007ffcfc0d0000 - 0x00007ffcfc311000 	C:\WINDOWS\SYSTEM32\DBGHELP.DLL
0x00007ffd01250000 - 0x00007ffd015ce000 	C:\WINDOWS\System32\combase.dll
0x00007ffd00380000 - 0x00007ffd00456000 	C:\WINDOWS\System32\OLEAUT32.dll
0x00007ffce4870000 - 0x00007ffce48a9000 	C:\WINDOWS\SYSTEM32\dbgcore.DLL
0x00007ffcfeef0000 - 0x00007ffcfef89000 	C:\WINDOWS\System32\bcryptPrimitives.dll
0x00007ffc92280000 - 0x00007ffc9228e000 	C:\Users\xiyu\.jdks\corretto-17.0.12\bin\instrument.dll
0x00007ffc7db20000 - 0x00007ffc7db45000 	C:\Users\xiyu\.jdks\corretto-17.0.12\bin\java.dll
0x00007ffc7a980000 - 0x00007ffc7aa57000 	C:\Users\xiyu\.jdks\corretto-17.0.12\bin\jsvml.dll
0x00007ffd00830000 - 0x00007ffd00f34000 	C:\WINDOWS\System32\SHELL32.dll
0x00007ffcfc8f0000 - 0x00007ffcfd127000 	C:\WINDOWS\SYSTEM32\windows.storage.dll
0x00007ffd015f0000 - 0x00007ffd016d9000 	C:\WINDOWS\System32\SHCORE.dll
0x00007ffcff920000 - 0x00007ffcff97d000 	C:\WINDOWS\System32\shlwapi.dll
0x00007ffcfeaf0000 - 0x00007ffcfeb1e000 	C:\WINDOWS\SYSTEM32\profapi.dll
0x00007ffc7d6b0000 - 0x00007ffc7d6c8000 	C:\Users\xiyu\.jdks\corretto-17.0.12\bin\zip.dll
0x00007ffc7d690000 - 0x00007ffc7d6a9000 	C:\Users\xiyu\.jdks\corretto-17.0.12\bin\net.dll
0x00007ffcf6ff0000 - 0x00007ffcf710e000 	C:\WINDOWS\SYSTEM32\WINHTTP.dll
0x00007ffcfdef0000 - 0x00007ffcfdf5a000 	C:\WINDOWS\system32\mswsock.dll
0x00007ffc7d600000 - 0x00007ffc7d616000 	C:\Users\xiyu\.jdks\corretto-17.0.12\bin\nio.dll
0x00007ffc92220000 - 0x00007ffc92230000 	C:\Users\xiyu\.jdks\corretto-17.0.12\bin\verify.dll
0x00007ffc7d650000 - 0x00007ffc7d677000 	E:\.gradle\native\c067742578af261105cb4f569cf0c3c89f3d7b1fecec35dd04571415982c5e48\windows-amd64\native-platform.dll
0x00007ffc7a5c0000 - 0x00007ffc7a704000 	E:\.gradle\native\100fb08df4bc3b14c8652ba06237920a3bd2aa13389f12d3474272988ae205f9\windows-amd64\native-platform-file-events.dll
0x00007ffc8b5f0000 - 0x00007ffc8b5f9000 	C:\Users\xiyu\.jdks\corretto-17.0.12\bin\management.dll
0x00007ffc8a150000 - 0x00007ffc8a15b000 	C:\Users\xiyu\.jdks\corretto-17.0.12\bin\management_ext.dll
0x00007ffcff850000 - 0x00007ffcff858000 	C:\WINDOWS\System32\PSAPI.DLL
0x00007ffcfe1a0000 - 0x00007ffcfe1bc000 	C:\WINDOWS\SYSTEM32\CRYPTSP.dll
0x00007ffcfd960000 - 0x00007ffcfd998000 	C:\WINDOWS\system32\rsaenh.dll
0x00007ffcfdf90000 - 0x00007ffcfdfbb000 	C:\WINDOWS\SYSTEM32\USERENV.dll
0x00007ffcfe400000 - 0x00007ffcfe426000 	C:\WINDOWS\SYSTEM32\bcrypt.dll
0x00007ffcfe190000 - 0x00007ffcfe19c000 	C:\WINDOWS\SYSTEM32\CRYPTBASE.dll
0x00007ffcfd470000 - 0x00007ffcfd4a2000 	C:\WINDOWS\SYSTEM32\IPHLPAPI.DLL
0x00007ffd015e0000 - 0x00007ffd015ea000 	C:\WINDOWS\System32\NSI.dll
0x00007ffcf6da0000 - 0x00007ffcf6dbf000 	C:\WINDOWS\SYSTEM32\dhcpcsvc6.DLL
0x00007ffcf6d70000 - 0x00007ffcf6d95000 	C:\WINDOWS\SYSTEM32\dhcpcsvc.DLL
0x00007ffcfd510000 - 0x00007ffcfd635000 	C:\WINDOWS\SYSTEM32\DNSAPI.dll
0x00007ffc89960000 - 0x00007ffc89969000 	C:\Users\xiyu\.jdks\corretto-17.0.12\bin\extnet.dll
0x00007ffc7fc80000 - 0x00007ffc7fc8e000 	C:\Users\xiyu\.jdks\corretto-17.0.12\bin\sunmscapi.dll
0x00007ffcfef90000 - 0x00007ffcff106000 	C:\WINDOWS\System32\CRYPT32.dll
0x00007ffcfe360000 - 0x00007ffcfe390000 	C:\WINDOWS\SYSTEM32\ncrypt.dll
0x00007ffcfe310000 - 0x00007ffcfe34f000 	C:\WINDOWS\SYSTEM32\NTASN1.dll
0x00007ffce5590000 - 0x00007ffce5598000 	C:\WINDOWS\system32\wshunix.dll
0x00007ffcf95c0000 - 0x00007ffcf95cb000 	C:\Windows\System32\rasadhlp.dll
0x00007ffcf5ae0000 - 0x00007ffcf5b65000 	C:\WINDOWS\System32\fwpuclnt.dll

dbghelp: loaded successfully - version: 4.0.5 - missing functions: none
symbol engine: initialized successfully - sym options: 0x614 - pdb path: .;C:\Users\xiyu\.jdks\corretto-17.0.12\bin;C:\WINDOWS\SYSTEM32;C:\WINDOWS\WinSxS\amd64_microsoft.windows.common-controls_6595b64144ccf1df_6.0.26100.3037_none_3e09262ce333c378;C:\Users\xiyu\.jdks\corretto-17.0.12\bin\server;E:\.gradle\native\c067742578af261105cb4f569cf0c3c89f3d7b1fecec35dd04571415982c5e48\windows-amd64;E:\.gradle\native\100fb08df4bc3b14c8652ba06237920a3bd2aa13389f12d3474272988ae205f9\windows-amd64

VM Arguments:
jvm_args: --add-opens=java.base/java.util=ALL-UNNAMED --add-opens=java.base/java.lang=ALL-UNNAMED --add-opens=java.base/java.lang.invoke=ALL-UNNAMED --add-opens=java.prefs/java.util.prefs=ALL-UNNAMED --add-opens=java.base/java.nio.charset=ALL-UNNAMED --add-opens=java.base/java.net=ALL-UNNAMED --add-opens=java.base/java.util.concurrent.atomic=ALL-UNNAMED -Xmx3G -Dfile.encoding=UTF-8 -Duser.country=CN -Duser.language=zh -Duser.variant -javaagent:E:\.gradle\wrapper\dists\gradle-8.8-bin\dl7vupf4psengwqhwktix4v1\gradle-8.8\lib\agents\gradle-instrumentation-agent-8.8.jar 
java_command: org.gradle.launcher.daemon.bootstrap.GradleDaemon 8.8
java_class_path (initial): E:\.gradle\wrapper\dists\gradle-8.8-bin\dl7vupf4psengwqhwktix4v1\gradle-8.8\lib\gradle-launcher-8.8.jar
Launcher Type: SUN_STANDARD

[Global flags]
     intx CICompilerCount                          = 12                                        {product} {ergonomic}
     uint ConcGCThreads                            = 3                                         {product} {ergonomic}
     uint G1ConcRefinementThreads                  = 13                                        {product} {ergonomic}
   size_t G1HeapRegionSize                         = 2097152                                   {product} {ergonomic}
    uintx GCDrainStackTargetSize                   = 64                                        {product} {ergonomic}
   size_t InitialHeapSize                          = 532676608                                 {product} {ergonomic}
   size_t MarkStackSize                            = 4194304                                   {product} {ergonomic}
   size_t MaxHeapSize                              = 3221225472                                {product} {command line}
   size_t MaxNewSize                               = 1931476992                                {product} {ergonomic}
   size_t MinHeapDeltaBytes                        = 2097152                                   {product} {ergonomic}
   size_t MinHeapSize                              = 8388608                                   {product} {ergonomic}
    uintx NonNMethodCodeHeapSize                   = 7602480                                {pd product} {ergonomic}
    uintx NonProfiledCodeHeapSize                  = 122027880                              {pd product} {ergonomic}
    uintx ProfiledCodeHeapSize                     = 122027880                              {pd product} {ergonomic}
    uintx ReservedCodeCacheSize                    = 251658240                              {pd product} {ergonomic}
     bool SegmentedCodeCache                       = true                                      {product} {ergonomic}
   size_t SoftMaxHeapSize                          = 3221225472                             {manageable} {ergonomic}
     bool UseCompressedClassPointers               = true                           {product lp64_product} {ergonomic}
     bool UseCompressedOops                        = true                           {product lp64_product} {ergonomic}
     bool UseG1GC                                  = true                                      {product} {ergonomic}
     bool UseLargePagesIndividualAllocation        = false                                  {pd product} {ergonomic}

Logging:
Log output configuration:
 #0: stdout all=warning uptime,level,tags
 #1: stderr all=off uptime,level,tags

Environment Variables:
PATH=c:\Users\xiyu\AppData\Local\Programs\cursor\resources\app\bin;C:\Program Files\Common Files\Oracle\Java\javapath;C:\Program Files (x86)\Common Files\Oracle\Java\java8path;C:\Program Files (x86)\Common Files\Oracle\Java\javapath;C:\Windows\system32;C:\Windows;C:\Windows\System32\Wbem;C:\Windows\System32\WindowsPowerShell\v1.0\;C:\Windows\System32\OpenSSH\;C:\Program Files (x86)\NVIDIA Corporation\PhysX\Common;C:\Program Files\Bandizip\;C:\Program Files\Git\cmd;C:\Program Files\dotnet\;C:\Program Files (x86)\Hyenae;C:\Program Files (x86)\Tencent\΢web߹\dll;C:\Users\xiyu\Downloads\Windows\python_3_10_6\Scripts\;C:\Users\xiyu\Downloads\Windows\python_3_10_6\;C:\Users\xiyu\AppData\Local\Programs\Python\Launcher\;C:\Users\xiyu\AppData\Local\Microsoft\WindowsApps;C:\Users\xiyu\.dotnet\tools;C:\Users\xiyu\AppData\Local\JetBrains\Toolbox\scripts;C:\Program Files (x86)\Nmap;C:\Users\xiyu\.d;C:\Program Files\nodejs\;C:\WINDOWS\system32;C:\WINDOWS;C:\WINDOWS\System32\Wbem;C:\WINDOWS\System32\WindowsPowerShell\v1.0\;C:\WINDOWS\System32\OpenSSH\;C:\Program Files\NVIDIA Corporation\NVIDIA app\NvDLISR;C:\Users\xiyu\Downloads\Windows\python_3_10_6\Scripts\;C:\Users\xiyu\Downloads\Windows\python_3_10_6\;C:\Users\xiyu\AppData\Local\Programs\Python\Launcher\;C:\Users\xiyu\AppData\Local\Microsoft\WindowsApps;C:\Users\xiyu\AppData\Local\Programs\Microsoft VS Code\bin;C:\Users\xiyu\.dotnet\tools;C:\Users\xiyu\AppData\Local\JetBrains\Toolbox\scripts;C:\Program Files (x86)\Nmap;C:\Users\xiyu\.dotnet\tools;C:\Program Files\JetBrains\IntelliJ IDEA 2024.3.1\bin;;C:\Users\xiyu\AppData\Roaming\npm;C:\Users\xiyu\AppData\Local\Microsoft\WindowsApps;
USERNAME=xiyu
OS=Windows_NT
PROCESSOR_IDENTIFIER=Intel64 Family 6 Model 154 Stepping 3, GenuineIntel
TMP=C:\Users\xiyu\AppData\Local\Temp
TEMP=C:\Users\xiyu\AppData\Local\Temp



Periodic native trim disabled


---------------  S Y S T E M  ---------------

OS:
 Windows 11 , 64 bit Build 26100 (10.0.26100.3037)
OS uptime: 8 days 13:46 hours

CPU: total 16 (initial active 16) (8 cores per cpu, 2 threads per core) family 6 model 154 stepping 3 microcode 0x430, cx8, cmov, fxsr, ht, mmx, 3dnowpref, sse, sse2, sse3, ssse3, sse4.1, sse4.2, popcnt, lzcnt, tsc, tscinvbit, avx, avx2, aes, erms, clmul, bmi1, bmi2, adx, sha, fma, vzeroupper, clflush, clflushopt, clwb
Processor Information for all 16 processors :
  Max Mhz: 2300, Current Mhz: 2300, Mhz Limit: 2300

Memory: 4k page, system-wide physical 32503M (3754M free)
TotalPageFile size 50769M (AvailPageFile size 5M)
current process WorkingSet (physical memory assigned to process): 497M, peak: 497M
current process commit charge ("private bytes"): 657M, peak: 735M

vm_info: OpenJDK 64-Bit Server VM (17.0.12+7-LTS) for windows-amd64 JRE (17.0.12+7-LTS), built on Jul 10 2024 20:46:33 by "Administrator" with MS VC++ 16.10 / 16.11 (VS2019)

END.
