#
# There is insufficient memory for the Java Runtime Environment to continue.
# Native memory allocation (mmap) failed to map 130023424 bytes. Error detail: G1 virtual space
# Possible reasons:
#   The system is out of physical RAM or swap space
#   This process is running with CompressedOops enabled, and the Java Heap may be blocking the growth of the native heap
# Possible solutions:
#   Reduce memory load on the system
#   Increase physical memory or swap space
#   Check if swap backing store is full
#   Decrease Java heap size (-Xmx/-Xms)
#   Decrease number of Java threads
#   Decrease Java thread stack sizes (-Xss)
#   Set larger code cache with -XX:ReservedCodeCacheSize=
#   JVM is running with Zero Based Compressed Oops mode in which the Java heap is
#     placed in the first 32GB address space. The Java Heap base address is the
#     maximum limit for the native heap growth. Please use -XX:HeapBaseMinAddress
#     to set the Java Heap base and to place the Java Heap above 32GB virtual address.
# This output file may be truncated or incomplete.
#
#  Out of Memory Error (os_windows.cpp:3613), pid=64848, tid=15524
#
# JRE version: OpenJDK Runtime Environment Corretto-17.0.12.7.1 (17.0.12+7) (build 17.0.12+7-LTS)
# Java VM: OpenJDK 64-Bit Server VM Corretto-17.0.12.7.1 (17.0.12+7-LTS, mixed mode, sharing, tiered, compressed oops, compressed class ptrs, g1 gc, windows-amd64)
# No core dump will be written. Minidumps are not enabled by default on client versions of Windows
#

---------------  S U M M A R Y ------------

Command Line: --add-opens=java.base/java.util=ALL-UNNAMED --add-opens=java.base/java.lang=ALL-UNNAMED --add-opens=java.base/java.lang.invoke=ALL-UNNAMED --add-opens=java.prefs/java.util.prefs=ALL-UNNAMED --add-opens=java.base/java.nio.charset=ALL-UNNAMED --add-opens=java.base/java.net=ALL-UNNAMED --add-opens=java.base/java.util.concurrent.atomic=ALL-UNNAMED -Xmx3G -Dfile.encoding=UTF-8 -Duser.country=CN -Duser.language=zh -Duser.variant -javaagent:E:\.gradle\wrapper\dists\gradle-8.8-bin\dl7vupf4psengwqhwktix4v1\gradle-8.8\lib\agents\gradle-instrumentation-agent-8.8.jar org.gradle.launcher.daemon.bootstrap.GradleDaemon 8.8

Host: 12th Gen Intel(R) Core(TM) i7-12650H, 16 cores, 31G,  Windows 11 , 64 bit Build 26100 (10.0.26100.3037)
Time: Fri Mar  7 07:44:56 2025  Windows 11 , 64 bit Build 26100 (10.0.26100.3037) elapsed time: 44.517645 seconds (0d 0h 0m 44s)

---------------  T H R E A D  ---------------

Current thread (0x000002234eb1e690):  VMThread "VM Thread" [stack: 0x000000da97f00000,0x000000da98000000] [id=15524]

Stack: [0x000000da97f00000,0x000000da98000000]
Native frames: (J=compiled Java code, j=interpreted, Vv=VM code, C=native code)
V  [jvm.dll+0x67f4f9]
V  [jvm.dll+0x836eaa]
V  [jvm.dll+0x83896e]
V  [jvm.dll+0x838fd3]
V  [jvm.dll+0x247f6f]
V  [jvm.dll+0x67c2b9]
V  [jvm.dll+0x670d7a]
V  [jvm.dll+0x307b5b]
V  [jvm.dll+0x30f046]
V  [jvm.dll+0x35f22e]
V  [jvm.dll+0x35f46f]
V  [jvm.dll+0x2deb7c]
V  [jvm.dll+0x2dcf3f]
V  [jvm.dll+0x2dc66c]
V  [jvm.dll+0x320081]
V  [jvm.dll+0x83d4cd]
V  [jvm.dll+0x83e212]
V  [jvm.dll+0x83e73f]
V  [jvm.dll+0x83eb24]
V  [jvm.dll+0x83ebf0]
V  [jvm.dll+0x7e62ac]
V  [jvm.dll+0x67e3c7]
C  [ucrtbase.dll+0x37b0]
C  [KERNEL32.DLL+0x2e8d7]
C  [ntdll.dll+0xbbf2c]

VM_Operation (0x000000da9a0f8d50): G1TryInitiateConcMark, mode: safepoint, requested by thread 0x0000022394476e30


---------------  P R O C E S S  ---------------

Threads class SMR info:
_java_thread_list=0x000002239b50a3c0, length=102, elements={
0x000002232d5a6e50, 0x000002234eba9e60, 0x000002234ebaa540, 0x000002234ebc1c40,
0x000002234ebc6530, 0x000002234ebc6e00, 0x000002234ebc86e0, 0x000002234ebc92e0,
0x000002234ebda820, 0x000002234ebe4490, 0x000002234ed10710, 0x000002234ee4fd30,
0x00000223967a0080, 0x000002239513bff0, 0x0000022395aea1e0, 0x0000022395a71eb0,
0x0000022394476e30, 0x000002239644e4a0, 0x000002239644df90, 0x000002239644b200,
0x000002239644cb50, 0x000002239644da80, 0x00000223969d9e60, 0x00000223969d7af0,
0x00000223969d9950, 0x00000223969d8000, 0x00000223969dc6e0, 0x00000223969d8f30,
0x000002239889fa90, 0x00000223988a4170, 0x000002239a3f6a20, 0x000002239a3f4bc0,
0x000002239ad5a560, 0x000002239a3f46b0, 0x000002239cc6dbd0, 0x000002239cc6bd70,
0x000002239cc6f520, 0x000002239cc6c280, 0x000002239cc6d1b0, 0x000002239cc6d6c0,
0x000002239cc6cca0, 0x000002239cc6e0e0, 0x000002239cc6e5f0, 0x000002239cc6f010,
0x000002239cc6fa30, 0x000002239cc6ff40, 0x000002239cc6c790, 0x000002239cc71da0,
0x000002239cc72cd0, 0x000002239cc71890, 0x000002239cc736f0, 0x0000022397acd6e0,
0x0000022397ac9f30, 0x0000022397ac80d0, 0x0000022397aca950, 0x0000022397acbd90,
0x0000022397acae60, 0x0000022397aca440, 0x0000022397ac9000, 0x0000022397ac8af0,
0x0000022397acb880, 0x0000022397ac9510, 0x0000022397ac9a20, 0x0000022397ac85e0,
0x0000022397acf540, 0x0000022397acccc0, 0x0000022397ace610, 0x0000022397aceb20,
0x0000022397acdbf0, 0x0000022397acf030, 0x0000022397acd1d0, 0x0000022397ace100,
0x0000022397acfa50, 0x0000022397acc2a0, 0x0000022397acc7b0, 0x000002239889ffa0,
0x00000223988a0ed0, 0x000002239889f580, 0x00000223988a2d30, 0x00000223988a4680,
0x00000223988a4b90, 0x00000223988a13e0, 0x00000223988a50a0, 0x00000223988a2820,
0x00000223988a18f0, 0x00000223988a55b0, 0x00000223988a1e00, 0x00000223988a5ac0,
0x00000223988a3c60, 0x00000223988a3240, 0x00000223988a2310, 0x00000223988a69f0,
0x00000223988a5fd0, 0x00000223988a6f00, 0x00000223988a64e0, 0x00000223988a3750,
0x000002239d3a72d0, 0x000002239d3a5e90, 0x000002239d3a9640, 0x000002239d3aaa80,
0x000002239d521590, 0x000002239d51eb10
}

Java Threads: ( => current thread )
  0x000002232d5a6e50 JavaThread "main" [_thread_blocked, id=36576, stack(0x000000da97900000,0x000000da97a00000)]
  0x000002234eba9e60 JavaThread "Reference Handler" daemon [_thread_blocked, id=63836, stack(0x000000da98000000,0x000000da98100000)]
  0x000002234ebaa540 JavaThread "Finalizer" daemon [_thread_blocked, id=60644, stack(0x000000da98100000,0x000000da98200000)]
  0x000002234ebc1c40 JavaThread "Signal Dispatcher" daemon [_thread_blocked, id=55336, stack(0x000000da98200000,0x000000da98300000)]
  0x000002234ebc6530 JavaThread "Attach Listener" daemon [_thread_blocked, id=67448, stack(0x000000da98300000,0x000000da98400000)]
  0x000002234ebc6e00 JavaThread "Service Thread" daemon [_thread_blocked, id=61792, stack(0x000000da98400000,0x000000da98500000)]
  0x000002234ebc86e0 JavaThread "Monitor Deflation Thread" daemon [_thread_blocked, id=19192, stack(0x000000da98500000,0x000000da98600000)]
  0x000002234ebc92e0 JavaThread "C2 CompilerThread0" daemon [_thread_blocked, id=16636, stack(0x000000da98600000,0x000000da98700000)]
  0x000002234ebda820 JavaThread "C1 CompilerThread0" daemon [_thread_blocked, id=65232, stack(0x000000da98700000,0x000000da98800000)]
  0x000002234ebe4490 JavaThread "Sweeper thread" daemon [_thread_blocked, id=33024, stack(0x000000da98800000,0x000000da98900000)]
  0x000002234ed10710 JavaThread "Common-Cleaner" daemon [_thread_blocked, id=52008, stack(0x000000da98900000,0x000000da98a00000)]
  0x000002234ee4fd30 JavaThread "Notification Thread" daemon [_thread_blocked, id=48144, stack(0x000000da98e00000,0x000000da98f00000)]
  0x00000223967a0080 JavaThread "Daemon health stats" [_thread_blocked, id=67512, stack(0x000000da99d00000,0x000000da99e00000)]
  0x000002239513bff0 JavaThread "Incoming local TCP Connector on port 22716" [_thread_in_native, id=48856, stack(0x000000da99100000,0x000000da99200000)]
  0x0000022395aea1e0 JavaThread "Daemon periodic checks" [_thread_blocked, id=60536, stack(0x000000da98d00000,0x000000da98e00000)]
  0x0000022395a71eb0 JavaThread "Daemon" [_thread_blocked, id=42448, stack(0x000000da99000000,0x000000da99100000)]
  0x0000022394476e30 JavaThread "Daemon worker" [_thread_blocked, id=56624, stack(0x000000da9a000000,0x000000da9a100000)]
  0x000002239644e4a0 JavaThread "Cache worker for journal cache (E:\.gradle\caches\journal-1)" [_thread_blocked, id=47280, stack(0x000000da9a400000,0x000000da9a500000)]
  0x000002239644df90 JavaThread "File lock request listener" [_thread_in_native, id=60828, stack(0x000000da9a600000,0x000000da9a700000)]
  0x000002239644b200 JavaThread "Cache worker for file hash cache (E:\.gradle\caches\8.8\fileHashes)" [_thread_blocked, id=18468, stack(0x000000da9a700000,0x000000da9a800000)]
  0x000002239644cb50 JavaThread "File watcher server" daemon [_thread_blocked, id=59688, stack(0x000000da9ab00000,0x000000da9ac00000)]
  0x000002239644da80 JavaThread "File watcher consumer" daemon [_thread_blocked, id=19884, stack(0x000000da9ac00000,0x000000da9ad00000)]
  0x00000223969d9e60 JavaThread "Cache worker for file content cache (E:\.gradle\caches\8.8\fileContent)" [_thread_blocked, id=39608, stack(0x000000da9b000000,0x000000da9b100000)]
  0x00000223969d7af0 JavaThread "jar transforms" [_thread_blocked, id=49736, stack(0x000000da9b300000,0x000000da9b400000)]
  0x00000223969d9950 JavaThread "jar transforms Thread 2" [_thread_blocked, id=48080, stack(0x000000da9b400000,0x000000da9b500000)]
  0x00000223969d8000 JavaThread "jar transforms Thread 3" [_thread_blocked, id=66972, stack(0x000000da9ba00000,0x000000da9bb00000)]
  0x00000223969dc6e0 JavaThread "jar transforms Thread 4" [_thread_blocked, id=63104, stack(0x000000da9bb00000,0x000000da9bc00000)]
  0x00000223969d8f30 JavaThread "jar transforms Thread 5" [_thread_blocked, id=51700, stack(0x000000da9bc00000,0x000000da9bd00000)]
  0x000002239889fa90 JavaThread "jar transforms Thread 6" [_thread_blocked, id=2472, stack(0x000000da9b700000,0x000000da9b800000)]
  0x00000223988a4170 JavaThread "jar transforms Thread 7" [_thread_blocked, id=49564, stack(0x000000da9c400000,0x000000da9c500000)]
  0x000002239a3f6a20 JavaThread "Memory manager" [_thread_blocked, id=66056, stack(0x000000da9a500000,0x000000da9a600000)]
  0x000002239a3f4bc0 JavaThread "jar transforms Thread 8" [_thread_blocked, id=67080, stack(0x000000da9a800000,0x000000da9a900000)]
  0x000002239ad5a560 JavaThread "ForkJoinPool.commonPool-worker-1" daemon [_thread_blocked, id=31476, stack(0x000000daa0e00000,0x000000daa0f00000)]
  0x000002239a3f46b0 JavaThread "ForkJoinPool.commonPool-worker-2" daemon [_thread_blocked, id=19112, stack(0x000000daa0f00000,0x000000daa1000000)]
  0x000002239cc6dbd0 JavaThread "ForkJoinPool.commonPool-worker-3" daemon [_thread_blocked, id=29720, stack(0x000000daa1000000,0x000000daa1100000)]
  0x000002239cc6bd70 JavaThread "ForkJoinPool.commonPool-worker-4" daemon [_thread_blocked, id=34932, stack(0x000000daa1100000,0x000000daa1200000)]
  0x000002239cc6f520 JavaThread "ForkJoinPool.commonPool-worker-5" daemon [_thread_blocked, id=37484, stack(0x000000daa1200000,0x000000daa1300000)]
  0x000002239cc6c280 JavaThread "ForkJoinPool.commonPool-worker-6" daemon [_thread_blocked, id=56776, stack(0x000000daa1300000,0x000000daa1400000)]
  0x000002239cc6d1b0 JavaThread "ForkJoinPool.commonPool-worker-7" daemon [_thread_blocked, id=57440, stack(0x000000daa1400000,0x000000daa1500000)]
  0x000002239cc6d6c0 JavaThread "ForkJoinPool.commonPool-worker-8" daemon [_thread_blocked, id=54240, stack(0x000000daa1500000,0x000000daa1600000)]
  0x000002239cc6cca0 JavaThread "ForkJoinPool.commonPool-worker-9" daemon [_thread_blocked, id=61884, stack(0x000000daa1600000,0x000000daa1700000)]
  0x000002239cc6e0e0 JavaThread "ForkJoinPool.commonPool-worker-10" daemon [_thread_blocked, id=30172, stack(0x000000daa1700000,0x000000daa1800000)]
  0x000002239cc6e5f0 JavaThread "ForkJoinPool.commonPool-worker-11" daemon [_thread_blocked, id=31008, stack(0x000000daa1800000,0x000000daa1900000)]
  0x000002239cc6f010 JavaThread "Exec process" daemon [_thread_blocked, id=51956, stack(0x000000daa1900000,0x000000daa1a00000)]
  0x000002239cc6fa30 JavaThread "ForkJoinPool.commonPool-worker-12" daemon [_thread_blocked, id=59880, stack(0x000000daa1a00000,0x000000daa1b00000)]
  0x000002239cc6ff40 JavaThread "Exec process Thread 2" daemon [_thread_blocked, id=3396, stack(0x000000daa1b00000,0x000000daa1c00000)]
  0x000002239cc6c790 JavaThread "ForkJoinPool.commonPool-worker-13" daemon [_thread_blocked, id=66272, stack(0x000000daa1c00000,0x000000daa1d00000)]
  0x000002239cc71da0 JavaThread "Exec process Thread 3" daemon [_thread_blocked, id=15708, stack(0x000000daa1d00000,0x000000daa1e00000)]
  0x000002239cc72cd0 JavaThread "ForkJoinPool.commonPool-worker-14" daemon [_thread_blocked, id=58468, stack(0x000000da9b600000,0x000000da9b700000)]
  0x000002239cc71890 JavaThread "ForkJoinPool.commonPool-worker-15" daemon [_thread_blocked, id=26792, stack(0x000000da9f200000,0x000000da9f300000)]
  0x000002239cc736f0 JavaThread "included builds" [_thread_blocked, id=61144, stack(0x000000da9b500000,0x000000da9b600000)]
  0x0000022397acd6e0 JavaThread "Cache worker for Java compile cache (E:\.gradle\caches\8.8\javaCompile)" [_thread_blocked, id=67320, stack(0x000000daa3200000,0x000000daa3300000)]
  0x0000022397ac9f30 JavaThread "VFS cleanup" [_thread_blocked, id=60324, stack(0x000000da9a100000,0x000000da9a200000)]
  0x0000022397ac80d0 JavaThread "Daemon Thread 2" [_thread_blocked, id=65852, stack(0x000000da99e00000,0x000000da99f00000)]
  0x0000022397aca950 JavaThread "Handler for socket connection from /127.0.0.1:22716 to /127.0.0.1:22903" [_thread_in_native, id=67072, stack(0x000000da99f00000,0x000000da9a000000)]
  0x0000022397acbd90 JavaThread "Cancel handler" [_thread_blocked, id=59680, stack(0x000000da9a200000,0x000000da9a300000)]
  0x0000022397acae60 JavaThread "Asynchronous log dispatcher for DefaultDaemonConnection: socket connection from /127.0.0.1:22716 to /127.0.0.1:22903" [_thread_blocked, id=67016, stack(0x000000da98c00000,0x000000da98d00000)]
  0x0000022397aca440 JavaThread "Stdin handler" [_thread_blocked, id=65072, stack(0x000000da9a300000,0x000000da9a400000)]
  0x0000022397ac9000 JavaThread "Daemon client event forwarder" [_thread_blocked, id=60836, stack(0x000000da9a900000,0x000000da9aa00000)]
  0x0000022397ac8af0 JavaThread "Cache worker for file hash cache (C:\Users\xiyu\Desktop\新建文件夹\createplus\.gradle\8.8\fileHashes)" [_thread_blocked, id=64720, stack(0x000000da9b100000,0x000000da9b200000)]
  0x0000022397acb880 JavaThread "Cache worker for checksums cache (C:\Users\xiyu\Desktop\新建文件夹\createplus\.gradle\8.8\checksums)" [_thread_blocked, id=45012, stack(0x000000da9b200000,0x000000da9b300000)]
  0x0000022397ac9510 JavaThread "Cache worker for cache directory md-rule (E:\.gradle\caches\8.8\md-rule)" [_thread_blocked, id=63856, stack(0x000000da9b800000,0x000000da9b900000)]
  0x0000022397ac9a20 JavaThread "Cache worker for cache directory md-supplier (E:\.gradle\caches\8.8\md-supplier)" [_thread_blocked, id=50976, stack(0x000000da9b900000,0x000000da9ba00000)]
  0x0000022397ac85e0 JavaThread "Unconstrained build operations" [_thread_blocked, id=41036, stack(0x000000da9bd00000,0x000000da9be00000)]
  0x0000022397acf540 JavaThread "Unconstrained build operations Thread 2" [_thread_blocked, id=64808, stack(0x000000da9be00000,0x000000da9bf00000)]
  0x0000022397acccc0 JavaThread "Unconstrained build operations Thread 3" [_thread_blocked, id=67172, stack(0x000000da9bf00000,0x000000da9c000000)]
  0x0000022397ace610 JavaThread "Unconstrained build operations Thread 4" [_thread_blocked, id=65716, stack(0x000000da9c100000,0x000000da9c200000)]
  0x0000022397aceb20 JavaThread "Unconstrained build operations Thread 5" [_thread_blocked, id=57900, stack(0x000000da9c200000,0x000000da9c300000)]
  0x0000022397acdbf0 JavaThread "Cache worker for Build Output Cleanup Cache (C:\Users\xiyu\Desktop\新建文件夹\createplus\.gradle\buildOutputCleanup)" [_thread_blocked, id=63956, stack(0x000000da9c300000,0x000000da9c400000)]
  0x0000022397acf030 JavaThread "Unconstrained build operations Thread 6" [_thread_blocked, id=35080, stack(0x000000da9c800000,0x000000da9c900000)]
  0x0000022397acd1d0 JavaThread "Unconstrained build operations Thread 7" [_thread_blocked, id=46356, stack(0x000000da9c900000,0x000000da9ca00000)]
  0x0000022397ace100 JavaThread "Unconstrained build operations Thread 8" [_thread_blocked, id=36324, stack(0x000000da9ca00000,0x000000da9cb00000)]
  0x0000022397acfa50 JavaThread "Unconstrained build operations Thread 9" [_thread_blocked, id=58952, stack(0x000000da9cb00000,0x000000da9cc00000)]
  0x0000022397acc2a0 JavaThread "Unconstrained build operations Thread 10" [_thread_blocked, id=18504, stack(0x000000da9cc00000,0x000000da9cd00000)]
  0x0000022397acc7b0 JavaThread "Unconstrained build operations Thread 11" [_thread_blocked, id=48780, stack(0x000000da9cd00000,0x000000da9ce00000)]
  0x000002239889ffa0 JavaThread "Unconstrained build operations Thread 12" [_thread_blocked, id=26828, stack(0x000000da9ce00000,0x000000da9cf00000)]
  0x00000223988a0ed0 JavaThread "Unconstrained build operations Thread 13" [_thread_blocked, id=63620, stack(0x000000da9cf00000,0x000000da9d000000)]
  0x000002239889f580 JavaThread "Unconstrained build operations Thread 14" [_thread_blocked, id=65480, stack(0x000000da9d000000,0x000000da9d100000)]
  0x00000223988a2d30 JavaThread "Unconstrained build operations Thread 15" [_thread_blocked, id=61232, stack(0x000000da9d100000,0x000000da9d200000)]
  0x00000223988a4680 JavaThread "Unconstrained build operations Thread 16" [_thread_blocked, id=28688, stack(0x000000da9d200000,0x000000da9d300000)]
  0x00000223988a4b90 JavaThread "Unconstrained build operations Thread 17" [_thread_blocked, id=53012, stack(0x000000da9d300000,0x000000da9d400000)]
  0x00000223988a13e0 JavaThread "Unconstrained build operations Thread 18" [_thread_blocked, id=29920, stack(0x000000da9d400000,0x000000da9d500000)]
  0x00000223988a50a0 JavaThread "Unconstrained build operations Thread 19" [_thread_blocked, id=25616, stack(0x000000da9d500000,0x000000da9d600000)]
  0x00000223988a2820 JavaThread "Unconstrained build operations Thread 20" [_thread_blocked, id=44468, stack(0x000000da9d600000,0x000000da9d700000)]
  0x00000223988a18f0 JavaThread "Unconstrained build operations Thread 21" [_thread_blocked, id=40124, stack(0x000000da9d700000,0x000000da9d800000)]
  0x00000223988a55b0 JavaThread "Unconstrained build operations Thread 22" [_thread_blocked, id=40896, stack(0x000000da9d800000,0x000000da9d900000)]
  0x00000223988a1e00 JavaThread "Unconstrained build operations Thread 23" [_thread_blocked, id=13696, stack(0x000000da9d900000,0x000000da9da00000)]
  0x00000223988a5ac0 JavaThread "Unconstrained build operations Thread 24" [_thread_blocked, id=4464, stack(0x000000da9da00000,0x000000da9db00000)]
  0x00000223988a3c60 JavaThread "Unconstrained build operations Thread 25" [_thread_blocked, id=65224, stack(0x000000da9db00000,0x000000da9dc00000)]
  0x00000223988a3240 JavaThread "Unconstrained build operations Thread 26" [_thread_blocked, id=61196, stack(0x000000da9dc00000,0x000000da9dd00000)]
  0x00000223988a2310 JavaThread "Unconstrained build operations Thread 27" [_thread_blocked, id=49524, stack(0x000000da9dd00000,0x000000da9de00000)]
  0x00000223988a69f0 JavaThread "Unconstrained build operations Thread 28" [_thread_blocked, id=56080, stack(0x000000da9de00000,0x000000da9df00000)]
  0x00000223988a5fd0 JavaThread "Unconstrained build operations Thread 29" [_thread_blocked, id=62768, stack(0x000000da9df00000,0x000000da9e000000)]
  0x00000223988a6f00 JavaThread "Unconstrained build operations Thread 30" [_thread_blocked, id=53336, stack(0x000000da9e000000,0x000000da9e100000)]
  0x00000223988a64e0 JavaThread "Unconstrained build operations Thread 31" [_thread_blocked, id=47172, stack(0x000000da9e100000,0x000000da9e200000)]
  0x00000223988a3750 JavaThread "Unconstrained build operations Thread 32" [_thread_blocked, id=27840, stack(0x000000da9e200000,0x000000da9e300000)]
  0x000002239d3a72d0 JavaThread "Unconstrained build operations Thread 33" [_thread_blocked, id=65548, stack(0x000000da9e300000,0x000000da9e400000)]
  0x000002239d3a5e90 JavaThread "Unconstrained build operations Thread 34" [_thread_blocked, id=60556, stack(0x000000da9e500000,0x000000da9e600000)]
  0x000002239d3a9640 JavaThread "Unconstrained build operations Thread 35" [_thread_blocked, id=25524, stack(0x000000da9e600000,0x000000da9e700000)]
  0x000002239d3aaa80 JavaThread "Keep-Alive-Timer" daemon [_thread_blocked, id=63236, stack(0x000000da9af00000,0x000000da9b000000)]
  0x000002239d521590 JavaThread "C2 CompilerThread1" daemon [_thread_blocked, id=59076, stack(0x000000da9c000000,0x000000da9c100000)]
  0x000002239d51eb10 JavaThread "C2 CompilerThread2" daemon [_thread_blocked, id=50936, stack(0x000000da9c500000,0x000000da9c600000)]

Other Threads:
=>0x000002234eb1e690 VMThread "VM Thread" [stack: 0x000000da97f00000,0x000000da98000000] [id=15524]
  0x000002234ee04920 WatcherThread [stack: 0x000000da98f00000,0x000000da99000000] [id=16428]
  0x000002232d600d60 GCTaskThread "GC Thread#0" [stack: 0x000000da97a00000,0x000000da97b00000] [id=3948]
  0x0000022394554c70 GCTaskThread "GC Thread#1" [stack: 0x000000da99200000,0x000000da99300000] [id=61596]
  0x0000022394b4f420 GCTaskThread "GC Thread#2" [stack: 0x000000da99300000,0x000000da99400000] [id=57448]
  0x0000022394a2efc0 GCTaskThread "GC Thread#3" [stack: 0x000000da99400000,0x000000da99500000] [id=6460]
  0x0000022395108c20 GCTaskThread "GC Thread#4" [stack: 0x000000da99500000,0x000000da99600000] [id=47776]
  0x000002239581f500 GCTaskThread "GC Thread#5" [stack: 0x000000da99600000,0x000000da99700000] [id=64600]
  0x000002239581f7c0 GCTaskThread "GC Thread#6" [stack: 0x000000da99700000,0x000000da99800000] [id=60864]
  0x000002239573cd00 GCTaskThread "GC Thread#7" [stack: 0x000000da99800000,0x000000da99900000] [id=51816]
  0x000002239573cfc0 GCTaskThread "GC Thread#8" [stack: 0x000000da99900000,0x000000da99a00000] [id=54880]
  0x0000022394ccdb20 GCTaskThread "GC Thread#9" [stack: 0x000000da99a00000,0x000000da99b00000] [id=51280]
  0x0000022394ccdde0 GCTaskThread "GC Thread#10" [stack: 0x000000da99b00000,0x000000da99c00000] [id=54164]
  0x0000022394cce0a0 GCTaskThread "GC Thread#11" [stack: 0x000000da99c00000,0x000000da99d00000] [id=56108]
  0x0000022395a12c30 GCTaskThread "GC Thread#12" [stack: 0x000000da9aa00000,0x000000da9ab00000] [id=51108]
  0x000002232d60dd20 ConcurrentGCThread "G1 Main Marker" [stack: 0x000000da97b00000,0x000000da97c00000] [id=17684]
  0x000002232d60f1c0 ConcurrentGCThread "G1 Conc#0" [stack: 0x000000da97c00000,0x000000da97d00000] [id=65524]
  0x0000022395a12130 ConcurrentGCThread "G1 Conc#1" [stack: 0x000000da9ad00000,0x000000da9ae00000] [id=64984]
  0x0000022395a131b0 ConcurrentGCThread "G1 Conc#2" [stack: 0x000000da9ae00000,0x000000da9af00000] [id=65364]
  0x000002232d65ece0 ConcurrentGCThread "G1 Refine#0" [stack: 0x000000da97d00000,0x000000da97e00000] [id=40784]
  0x0000022397c47320 ConcurrentGCThread "G1 Refine#1" [stack: 0x000000daa4700000,0x000000daa4800000] [id=51480]
  0x0000022397c49950 ConcurrentGCThread "G1 Refine#2" [stack: 0x000000daa4800000,0x000000daa4900000] [id=61408]
  0x0000022397c49c40 ConcurrentGCThread "G1 Refine#3" [stack: 0x000000daa4900000,0x000000daa4a00000] [id=33628]
  0x0000022397c47ee0 ConcurrentGCThread "G1 Refine#4" [stack: 0x000000daa4a00000,0x000000daa4b00000] [id=63576]
  0x0000022397c46a50 ConcurrentGCThread "G1 Refine#5" [stack: 0x000000daa4b00000,0x000000daa4c00000] [id=32300]
  0x0000022397c46d40 ConcurrentGCThread "G1 Refine#6" [stack: 0x000000daa4c00000,0x000000daa4d00000] [id=62336]
  0x0000022397c46470 ConcurrentGCThread "G1 Refine#7" [stack: 0x000000daa4d00000,0x000000daa4e00000] [id=59312]
  0x0000022397c47030 ConcurrentGCThread "G1 Refine#8" [stack: 0x000000daa4e00000,0x000000daa4f00000] [id=24756]
  0x0000022397c481d0 ConcurrentGCThread "G1 Refine#9" [stack: 0x000000daa4f00000,0x000000daa5000000] [id=64460]
  0x000002234ea5d900 ConcurrentGCThread "G1 Service" [stack: 0x000000da97e00000,0x000000da97f00000] [id=6024]

Threads with active compile tasks:
C2 CompilerThread0    44542 13467       4       org.gradle.internal.service.DefaultServiceRegistry$SingletonService::get (5 bytes)
C1 CompilerThread0    44542 13534       3       com.google.common.base.CharMatcher::indexIn (48 bytes)
C2 CompilerThread1    44542 13517   !   4       org.gradle.internal.service.DefaultServiceRegistry$ManagedObjectServiceProvider::getInstance (47 bytes)
C2 CompilerThread2    44542 13516       4       org.codehaus.groovy.util.SingleKeyHashMap::get (67 bytes)

VM state: at safepoint (normal execution)

VM Mutex/Monitor currently owned by a thread:  ([mutex/lock_event])
[0x000002232d5a1d20] Threads_lock - owner thread: 0x000002234eb1e690
[0x000002232d5a1e40] Heap_lock - owner thread: 0x0000022394476e30

Heap address: 0x0000000740000000, size: 3072 MB, Compressed Oops mode: Zero based, Oop shift amount: 3

CDS archive(s) mapped at: [0x000002234f000000-0x000002234fbb0000-0x000002234fbb0000), size 12255232, SharedBaseAddress: 0x000002234f000000, ArchiveRelocationMode: 1.
Compressed class space mapped at: 0x0000022350000000-0x0000022390000000, reserved size: 1073741824
Narrow klass base: 0x000002234f000000, Narrow klass shift: 0, Narrow klass range: 0x100000000

GC Precious Log:
 CPUs: 16 total, 16 available
 Memory: 32503M
 Large Page Support: Disabled
 NUMA Support: Disabled
 Compressed Oops: Enabled (Zero based)
 Heap Region Size: 2M
 Heap Min Capacity: 8M
 Heap Initial Capacity: 508M
 Heap Max Capacity: 3G
 Pre-touch: Disabled
 Parallel Workers: 13
 Concurrent Workers: 3
 Concurrent Refinement Workers: 13
 Periodic GC: Disabled

Heap:
 garbage-first heap   total 331776K, used 188607K [0x0000000740000000, 0x0000000800000000)
  region size 2048K, 2 young (4096K), 2 survivors (4096K)
 Metaspace       used 80191K, committed 81024K, reserved 1179648K
  class space    used 10937K, committed 11328K, reserved 1048576K

Heap Regions: E=young(eden), S=young(survivor), O=old, HS=humongous(starts), HC=humongous(continues), CS=collection set, F=free, OA=open archive, CA=closed archive, TAMS=top-at-mark-start (previous, next)
|   0|0x0000000740000000, 0x0000000740200000, 0x0000000740200000|100%|HS|  |TAMS 0x0000000740200000, 0x0000000740200000| Complete 
|   1|0x0000000740200000, 0x0000000740400000, 0x0000000740400000|100%|HC|  |TAMS 0x0000000740400000, 0x0000000740400000| Complete 
|   2|0x0000000740400000, 0x0000000740600000, 0x0000000740600000|100%| O|  |TAMS 0x0000000740600000, 0x0000000740600000| Untracked 
|   3|0x0000000740600000, 0x0000000740800000, 0x0000000740800000|100%| O|  |TAMS 0x0000000740800000, 0x0000000740800000| Untracked 
|   4|0x0000000740800000, 0x0000000740a00000, 0x0000000740a00000|100%| O|  |TAMS 0x0000000740a00000, 0x0000000740a00000| Untracked 
|   5|0x0000000740a00000, 0x0000000740a00000, 0x0000000740c00000|  0%| F|  |TAMS 0x0000000740a00000, 0x0000000740a00000| Untracked 
|   6|0x0000000740c00000, 0x0000000740e00000, 0x0000000740e00000|100%| O|  |TAMS 0x0000000740e00000, 0x0000000740e00000| Untracked 
|   7|0x0000000740e00000, 0x0000000741000000, 0x0000000741000000|100%| O|  |TAMS 0x0000000741000000, 0x0000000741000000| Untracked 
|   8|0x0000000741000000, 0x0000000741200000, 0x0000000741200000|100%| O|  |TAMS 0x0000000741200000, 0x0000000741200000| Untracked 
|   9|0x0000000741200000, 0x0000000741400000, 0x0000000741400000|100%| O|  |TAMS 0x0000000741400000, 0x0000000741400000| Untracked 
|  10|0x0000000741400000, 0x0000000741600000, 0x0000000741600000|100%| O|  |TAMS 0x0000000741600000, 0x0000000741600000| Untracked 
|  11|0x0000000741600000, 0x0000000741800000, 0x0000000741800000|100%| O|  |TAMS 0x0000000741800000, 0x0000000741800000| Untracked 
|  12|0x0000000741800000, 0x0000000741a00000, 0x0000000741a00000|100%| O|  |TAMS 0x0000000741a00000, 0x0000000741a00000| Untracked 
|  13|0x0000000741a00000, 0x0000000741c00000, 0x0000000741c00000|100%| O|  |TAMS 0x0000000741c00000, 0x0000000741c00000| Untracked 
|  14|0x0000000741c00000, 0x0000000741e00000, 0x0000000741e00000|100%| O|  |TAMS 0x0000000741e00000, 0x0000000741e00000| Untracked 
|  15|0x0000000741e00000, 0x0000000742000000, 0x0000000742000000|100%| O|  |TAMS 0x0000000742000000, 0x0000000742000000| Untracked 
|  16|0x0000000742000000, 0x0000000742200000, 0x0000000742200000|100%| O|  |TAMS 0x0000000742200000, 0x0000000742200000| Untracked 
|  17|0x0000000742200000, 0x0000000742400000, 0x0000000742400000|100%| O|  |TAMS 0x0000000742400000, 0x0000000742400000| Untracked 
|  18|0x0000000742400000, 0x0000000742600000, 0x0000000742600000|100%| O|  |TAMS 0x0000000742600000, 0x0000000742600000| Untracked 
|  19|0x0000000742600000, 0x0000000742800000, 0x0000000742800000|100%|HS|  |TAMS 0x0000000742800000, 0x0000000742800000| Complete 
|  20|0x0000000742800000, 0x0000000742a00000, 0x0000000742a00000|100%| O|  |TAMS 0x0000000742a00000, 0x0000000742a00000| Untracked 
|  21|0x0000000742a00000, 0x0000000742c00000, 0x0000000742c00000|100%| O|  |TAMS 0x0000000742c00000, 0x0000000742c00000| Untracked 
|  22|0x0000000742c00000, 0x0000000742e00000, 0x0000000742e00000|100%| O|  |TAMS 0x0000000742e00000, 0x0000000742e00000| Untracked 
|  23|0x0000000742e00000, 0x0000000743000000, 0x0000000743000000|100%| O|  |TAMS 0x0000000743000000, 0x0000000743000000| Untracked 
|  24|0x0000000743000000, 0x0000000743200000, 0x0000000743200000|100%| O|  |TAMS 0x0000000743200000, 0x0000000743200000| Untracked 
|  25|0x0000000743200000, 0x0000000743400000, 0x0000000743400000|100%| O|  |TAMS 0x0000000743400000, 0x0000000743400000| Untracked 
|  26|0x0000000743400000, 0x0000000743600000, 0x0000000743600000|100%| O|  |TAMS 0x0000000743600000, 0x0000000743600000| Untracked 
|  27|0x0000000743600000, 0x0000000743800000, 0x0000000743800000|100%| O|  |TAMS 0x0000000743800000, 0x0000000743800000| Untracked 
|  28|0x0000000743800000, 0x0000000743a00000, 0x0000000743a00000|100%| O|  |TAMS 0x0000000743a00000, 0x0000000743a00000| Untracked 
|  29|0x0000000743a00000, 0x0000000743c00000, 0x0000000743c00000|100%| O|  |TAMS 0x0000000743c00000, 0x0000000743c00000| Untracked 
|  30|0x0000000743c00000, 0x0000000743e00000, 0x0000000743e00000|100%| O|  |TAMS 0x0000000743e00000, 0x0000000743e00000| Untracked 
|  31|0x0000000743e00000, 0x0000000744000000, 0x0000000744000000|100%| O|  |TAMS 0x0000000744000000, 0x0000000744000000| Untracked 
|  32|0x0000000744000000, 0x0000000744200000, 0x0000000744200000|100%|HS|  |TAMS 0x0000000744200000, 0x0000000744200000| Complete 
|  33|0x0000000744200000, 0x0000000744400000, 0x0000000744400000|100%|HS|  |TAMS 0x0000000744400000, 0x0000000744400000| Complete 
|  34|0x0000000744400000, 0x0000000744600000, 0x0000000744600000|100%| O|  |TAMS 0x0000000744600000, 0x0000000744600000| Untracked 
|  35|0x0000000744600000, 0x0000000744800000, 0x0000000744800000|100%| O|  |TAMS 0x0000000744800000, 0x0000000744800000| Untracked 
|  36|0x0000000744800000, 0x0000000744a00000, 0x0000000744a00000|100%| O|  |TAMS 0x0000000744a00000, 0x0000000744a00000| Untracked 
|  37|0x0000000744a00000, 0x0000000744c00000, 0x0000000744c00000|100%| O|  |TAMS 0x0000000744c00000, 0x0000000744c00000| Untracked 
|  38|0x0000000744c00000, 0x0000000744e00000, 0x0000000744e00000|100%| O|  |TAMS 0x0000000744e00000, 0x0000000744e00000| Untracked 
|  39|0x0000000744e00000, 0x0000000745000000, 0x0000000745000000|100%| O|  |TAMS 0x0000000745000000, 0x0000000745000000| Untracked 
|  40|0x0000000745000000, 0x0000000745200000, 0x0000000745200000|100%| O|  |TAMS 0x0000000745200000, 0x0000000745200000| Untracked 
|  41|0x0000000745200000, 0x0000000745400000, 0x0000000745400000|100%| O|  |TAMS 0x0000000745400000, 0x0000000745400000| Untracked 
|  42|0x0000000745400000, 0x0000000745600000, 0x0000000745600000|100%| O|  |TAMS 0x0000000745600000, 0x0000000745600000| Untracked 
|  43|0x0000000745600000, 0x0000000745800000, 0x0000000745800000|100%| O|  |TAMS 0x0000000745800000, 0x0000000745800000| Untracked 
|  44|0x0000000745800000, 0x0000000745a00000, 0x0000000745a00000|100%| O|  |TAMS 0x0000000745a00000, 0x0000000745a00000| Untracked 
|  45|0x0000000745a00000, 0x0000000745c00000, 0x0000000745c00000|100%| O|  |TAMS 0x0000000745c00000, 0x0000000745c00000| Untracked 
|  46|0x0000000745c00000, 0x0000000745e00000, 0x0000000745e00000|100%| O|  |TAMS 0x0000000745e00000, 0x0000000745e00000| Untracked 
|  47|0x0000000745e00000, 0x0000000746000000, 0x0000000746000000|100%| O|  |TAMS 0x0000000746000000, 0x0000000746000000| Untracked 
|  48|0x0000000746000000, 0x0000000746200000, 0x0000000746200000|100%| O|  |TAMS 0x0000000746200000, 0x0000000746200000| Untracked 
|  49|0x0000000746200000, 0x0000000746400000, 0x0000000746400000|100%| O|  |TAMS 0x0000000746400000, 0x0000000746400000| Untracked 
|  50|0x0000000746400000, 0x0000000746600000, 0x0000000746600000|100%| O|  |TAMS 0x0000000746600000, 0x0000000746600000| Untracked 
|  51|0x0000000746600000, 0x0000000746800000, 0x0000000746800000|100%| O|  |TAMS 0x0000000746800000, 0x0000000746800000| Untracked 
|  52|0x0000000746800000, 0x0000000746a00000, 0x0000000746a00000|100%| O|  |TAMS 0x0000000746a00000, 0x0000000746a00000| Untracked 
|  53|0x0000000746a00000, 0x0000000746c00000, 0x0000000746c00000|100%| O|  |TAMS 0x0000000746c00000, 0x0000000746c00000| Untracked 
|  54|0x0000000746c00000, 0x0000000746e00000, 0x0000000746e00000|100%| O|  |TAMS 0x0000000746e00000, 0x0000000746e00000| Untracked 
|  55|0x0000000746e00000, 0x0000000747000000, 0x0000000747000000|100%| O|  |TAMS 0x0000000747000000, 0x0000000747000000| Untracked 
|  56|0x0000000747000000, 0x0000000747200000, 0x0000000747200000|100%| O|  |TAMS 0x0000000747200000, 0x0000000747200000| Untracked 
|  57|0x0000000747200000, 0x0000000747400000, 0x0000000747400000|100%| O|  |TAMS 0x0000000747400000, 0x0000000747400000| Untracked 
|  58|0x0000000747400000, 0x0000000747600000, 0x0000000747600000|100%| O|  |TAMS 0x0000000747600000, 0x0000000747600000| Untracked 
|  59|0x0000000747600000, 0x0000000747800000, 0x0000000747800000|100%| O|  |TAMS 0x0000000747800000, 0x0000000747800000| Untracked 
|  60|0x0000000747800000, 0x0000000747a00000, 0x0000000747a00000|100%| O|  |TAMS 0x0000000747a00000, 0x0000000747a00000| Untracked 
|  61|0x0000000747a00000, 0x0000000747c00000, 0x0000000747c00000|100%| O|  |TAMS 0x0000000747c00000, 0x0000000747c00000| Untracked 
|  62|0x0000000747c00000, 0x0000000747e00000, 0x0000000747e00000|100%| O|  |TAMS 0x0000000747e00000, 0x0000000747e00000| Untracked 
|  63|0x0000000747e00000, 0x0000000748000000, 0x0000000748000000|100%| O|  |TAMS 0x0000000748000000, 0x0000000748000000| Untracked 
|  64|0x0000000748000000, 0x0000000748200000, 0x0000000748200000|100%| O|  |TAMS 0x0000000748200000, 0x0000000748200000| Untracked 
|  65|0x0000000748200000, 0x0000000748400000, 0x0000000748400000|100%| O|  |TAMS 0x0000000748400000, 0x0000000748400000| Untracked 
|  66|0x0000000748400000, 0x0000000748600000, 0x0000000748600000|100%| O|  |TAMS 0x0000000748600000, 0x0000000748600000| Untracked 
|  67|0x0000000748600000, 0x0000000748800000, 0x0000000748800000|100%| O|  |TAMS 0x0000000748800000, 0x0000000748800000| Untracked 
|  68|0x0000000748800000, 0x0000000748a00000, 0x0000000748a00000|100%| O|  |TAMS 0x0000000748a00000, 0x0000000748a00000| Untracked 
|  69|0x0000000748a00000, 0x0000000748c00000, 0x0000000748c00000|100%| O|  |TAMS 0x0000000748c00000, 0x0000000748c00000| Untracked 
|  70|0x0000000748c00000, 0x0000000748e00000, 0x0000000748e00000|100%| O|  |TAMS 0x0000000748d81800, 0x0000000748e00000| Untracked 
|  71|0x0000000748e00000, 0x0000000749000000, 0x0000000749000000|100%| O|  |TAMS 0x0000000748e00000, 0x0000000749000000| Untracked 
|  72|0x0000000749000000, 0x0000000749200000, 0x0000000749200000|100%| O|  |TAMS 0x0000000749000000, 0x0000000749200000| Untracked 
|  73|0x0000000749200000, 0x0000000749400000, 0x0000000749400000|100%| O|  |TAMS 0x0000000749200000, 0x0000000749400000| Untracked 
|  74|0x0000000749400000, 0x0000000749600000, 0x0000000749600000|100%| O|  |TAMS 0x0000000749400000, 0x0000000749600000| Untracked 
|  75|0x0000000749600000, 0x0000000749800000, 0x0000000749800000|100%| O|  |TAMS 0x0000000749600000, 0x0000000749800000| Untracked 
|  76|0x0000000749800000, 0x0000000749a00000, 0x0000000749a00000|100%| O|  |TAMS 0x0000000749800000, 0x0000000749a00000| Untracked 
|  77|0x0000000749a00000, 0x0000000749c00000, 0x0000000749c00000|100%| O|  |TAMS 0x0000000749a00000, 0x0000000749c00000| Untracked 
|  78|0x0000000749c00000, 0x0000000749e00000, 0x0000000749e00000|100%| O|  |TAMS 0x0000000749c00000, 0x0000000749e00000| Untracked 
|  79|0x0000000749e00000, 0x000000074a000000, 0x000000074a000000|100%| O|  |TAMS 0x0000000749e00000, 0x000000074a000000| Untracked 
|  80|0x000000074a000000, 0x000000074a200000, 0x000000074a200000|100%| O|  |TAMS 0x000000074a000000, 0x000000074a200000| Untracked 
|  81|0x000000074a200000, 0x000000074a400000, 0x000000074a400000|100%| O|  |TAMS 0x000000074a200000, 0x000000074a400000| Untracked 
|  82|0x000000074a400000, 0x000000074a600000, 0x000000074a600000|100%| O|  |TAMS 0x000000074a400000, 0x000000074a600000| Untracked 
|  83|0x000000074a600000, 0x000000074a800000, 0x000000074a800000|100%| O|  |TAMS 0x000000074a600000, 0x000000074a800000| Untracked 
|  84|0x000000074a800000, 0x000000074aa00000, 0x000000074aa00000|100%| O|  |TAMS 0x000000074a800000, 0x000000074aa00000| Untracked 
|  85|0x000000074aa00000, 0x000000074ac00000, 0x000000074ac00000|100%| O|  |TAMS 0x000000074aa00000, 0x000000074ac00000| Untracked 
|  86|0x000000074ac00000, 0x000000074ae00000, 0x000000074ae00000|100%| O|  |TAMS 0x000000074ac00000, 0x000000074ae00000| Untracked 
|  87|0x000000074ae00000, 0x000000074b000000, 0x000000074b000000|100%| O|  |TAMS 0x000000074ae00000, 0x000000074b000000| Untracked 
|  88|0x000000074b000000, 0x000000074b200000, 0x000000074b200000|100%| O|  |TAMS 0x000000074b000000, 0x000000074b200000| Untracked 
|  89|0x000000074b200000, 0x000000074b34e200, 0x000000074b400000| 65%| O|  |TAMS 0x000000074b200000, 0x000000074b34e200| Untracked 
|  90|0x000000074b400000, 0x000000074b400000, 0x000000074b600000|  0%| F|  |TAMS 0x000000074b400000, 0x000000074b400000| Untracked 
|  91|0x000000074b600000, 0x000000074b600000, 0x000000074b800000|  0%| F|  |TAMS 0x000000074b600000, 0x000000074b600000| Untracked 
|  92|0x000000074b800000, 0x000000074b800000, 0x000000074ba00000|  0%| F|  |TAMS 0x000000074b800000, 0x000000074b800000| Untracked 
|  93|0x000000074ba00000, 0x000000074ba00000, 0x000000074bc00000|  0%| F|  |TAMS 0x000000074ba00000, 0x000000074ba00000| Untracked 
|  94|0x000000074bc00000, 0x000000074bc00000, 0x000000074be00000|  0%| F|  |TAMS 0x000000074bc00000, 0x000000074bc00000| Untracked 
|  95|0x000000074be00000, 0x000000074be00000, 0x000000074c000000|  0%| F|  |TAMS 0x000000074be00000, 0x000000074be00000| Untracked 
|  96|0x000000074c000000, 0x000000074c000000, 0x000000074c200000|  0%| F|  |TAMS 0x000000074c000000, 0x000000074c000000| Untracked 
|  97|0x000000074c200000, 0x000000074c200000, 0x000000074c400000|  0%| F|  |TAMS 0x000000074c200000, 0x000000074c200000| Untracked 
|  98|0x000000074c400000, 0x000000074c400000, 0x000000074c600000|  0%| F|  |TAMS 0x000000074c400000, 0x000000074c400000| Untracked 
|  99|0x000000074c600000, 0x000000074c600000, 0x000000074c800000|  0%| F|  |TAMS 0x000000074c600000, 0x000000074c600000| Untracked 
| 100|0x000000074c800000, 0x000000074c800000, 0x000000074ca00000|  0%| F|  |TAMS 0x000000074c800000, 0x000000074c800000| Untracked 
| 101|0x000000074ca00000, 0x000000074ca00000, 0x000000074cc00000|  0%| F|  |TAMS 0x000000074ca00000, 0x000000074ca00000| Untracked 
| 102|0x000000074cc00000, 0x000000074cc00000, 0x000000074ce00000|  0%| F|  |TAMS 0x000000074cc00000, 0x000000074cc00000| Untracked 
| 103|0x000000074ce00000, 0x000000074ce00000, 0x000000074d000000|  0%| F|  |TAMS 0x000000074ce00000, 0x000000074ce00000| Untracked 
| 104|0x000000074d000000, 0x000000074d000000, 0x000000074d200000|  0%| F|  |TAMS 0x000000074d000000, 0x000000074d000000| Untracked 
| 105|0x000000074d200000, 0x000000074d200000, 0x000000074d400000|  0%| F|  |TAMS 0x000000074d200000, 0x000000074d200000| Untracked 
| 106|0x000000074d400000, 0x000000074d400000, 0x000000074d600000|  0%| F|  |TAMS 0x000000074d400000, 0x000000074d400000| Untracked 
| 107|0x000000074d600000, 0x000000074d600000, 0x000000074d800000|  0%| F|  |TAMS 0x000000074d600000, 0x000000074d600000| Untracked 
| 108|0x000000074d800000, 0x000000074d800000, 0x000000074da00000|  0%| F|  |TAMS 0x000000074d800000, 0x000000074d800000| Untracked 
| 109|0x000000074da00000, 0x000000074da00000, 0x000000074dc00000|  0%| F|  |TAMS 0x000000074da00000, 0x000000074da00000| Untracked 
| 110|0x000000074dc00000, 0x000000074dc00000, 0x000000074de00000|  0%| F|  |TAMS 0x000000074dc00000, 0x000000074dc00000| Untracked 
| 111|0x000000074de00000, 0x000000074de00000, 0x000000074e000000|  0%| F|  |TAMS 0x000000074de00000, 0x000000074de00000| Untracked 
| 112|0x000000074e000000, 0x000000074e000000, 0x000000074e200000|  0%| F|  |TAMS 0x000000074e000000, 0x000000074e000000| Untracked 
| 113|0x000000074e200000, 0x000000074e200000, 0x000000074e400000|  0%| F|  |TAMS 0x000000074e200000, 0x000000074e200000| Untracked 
| 114|0x000000074e400000, 0x000000074e400000, 0x000000074e600000|  0%| F|  |TAMS 0x000000074e400000, 0x000000074e400000| Untracked 
| 115|0x000000074e600000, 0x000000074e600000, 0x000000074e800000|  0%| F|  |TAMS 0x000000074e600000, 0x000000074e600000| Untracked 
| 116|0x000000074e800000, 0x000000074e800000, 0x000000074ea00000|  0%| F|  |TAMS 0x000000074e800000, 0x000000074e800000| Untracked 
| 117|0x000000074ea00000, 0x000000074ea00000, 0x000000074ec00000|  0%| F|  |TAMS 0x000000074ea00000, 0x000000074ea00000| Untracked 
| 118|0x000000074ec00000, 0x000000074ec00000, 0x000000074ee00000|  0%| F|  |TAMS 0x000000074ec00000, 0x000000074ec00000| Untracked 
| 119|0x000000074ee00000, 0x000000074ee00000, 0x000000074f000000|  0%| F|  |TAMS 0x000000074ee00000, 0x000000074ee00000| Untracked 
| 120|0x000000074f000000, 0x000000074f000000, 0x000000074f200000|  0%| F|  |TAMS 0x000000074f000000, 0x000000074f000000| Untracked 
| 121|0x000000074f200000, 0x000000074f200000, 0x000000074f400000|  0%| F|  |TAMS 0x000000074f200000, 0x000000074f200000| Untracked 
| 122|0x000000074f400000, 0x000000074f400000, 0x000000074f600000|  0%| F|  |TAMS 0x000000074f400000, 0x000000074f400000| Untracked 
| 123|0x000000074f600000, 0x000000074f600000, 0x000000074f800000|  0%| F|  |TAMS 0x000000074f600000, 0x000000074f600000| Untracked 
| 124|0x000000074f800000, 0x000000074f800000, 0x000000074fa00000|  0%| F|  |TAMS 0x000000074f800000, 0x000000074f800000| Untracked 
| 125|0x000000074fa00000, 0x000000074fa00000, 0x000000074fc00000|  0%| F|  |TAMS 0x000000074fa00000, 0x000000074fa00000| Untracked 
| 126|0x000000074fc00000, 0x000000074fc00000, 0x000000074fe00000|  0%| F|  |TAMS 0x000000074fc00000, 0x000000074fc00000| Untracked 
| 127|0x000000074fe00000, 0x000000074fe00000, 0x0000000750000000|  0%| F|  |TAMS 0x000000074fe00000, 0x000000074fe00000| Untracked 
| 128|0x0000000750000000, 0x0000000750000000, 0x0000000750200000|  0%| F|  |TAMS 0x0000000750000000, 0x0000000750000000| Untracked 
| 129|0x0000000750200000, 0x0000000750200000, 0x0000000750400000|  0%| F|  |TAMS 0x0000000750200000, 0x0000000750200000| Untracked 
| 130|0x0000000750400000, 0x0000000750400000, 0x0000000750600000|  0%| F|  |TAMS 0x0000000750400000, 0x0000000750400000| Untracked 
| 131|0x0000000750600000, 0x0000000750600000, 0x0000000750800000|  0%| F|  |TAMS 0x0000000750600000, 0x0000000750600000| Untracked 
| 132|0x0000000750800000, 0x0000000750800000, 0x0000000750a00000|  0%| F|  |TAMS 0x0000000750800000, 0x0000000750800000| Untracked 
| 133|0x0000000750a00000, 0x0000000750a00000, 0x0000000750c00000|  0%| F|  |TAMS 0x0000000750a00000, 0x0000000750a00000| Untracked 
| 134|0x0000000750c00000, 0x0000000750c00000, 0x0000000750e00000|  0%| F|  |TAMS 0x0000000750c00000, 0x0000000750c00000| Untracked 
| 135|0x0000000750e00000, 0x0000000750e00000, 0x0000000751000000|  0%| F|  |TAMS 0x0000000750e00000, 0x0000000750e00000| Untracked 
| 136|0x0000000751000000, 0x0000000751000000, 0x0000000751200000|  0%| F|  |TAMS 0x0000000751000000, 0x0000000751000000| Untracked 
| 137|0x0000000751200000, 0x0000000751200000, 0x0000000751400000|  0%| F|  |TAMS 0x0000000751200000, 0x0000000751200000| Untracked 
| 138|0x0000000751400000, 0x00000007514e1bc8, 0x0000000751600000| 44%| S|CS|TAMS 0x0000000751400000, 0x0000000751400000| Complete 
| 139|0x0000000751600000, 0x0000000751800000, 0x0000000751800000|100%| S|CS|TAMS 0x0000000751600000, 0x0000000751600000| Complete 
| 140|0x0000000751800000, 0x0000000751800000, 0x0000000751a00000|  0%| F|  |TAMS 0x0000000751800000, 0x0000000751800000| Untracked 
| 141|0x0000000751a00000, 0x0000000751a00000, 0x0000000751c00000|  0%| F|  |TAMS 0x0000000751a00000, 0x0000000751a00000| Untracked 
| 142|0x0000000751c00000, 0x0000000751c00000, 0x0000000751e00000|  0%| F|  |TAMS 0x0000000751c00000, 0x0000000751c00000| Untracked 
| 143|0x0000000751e00000, 0x0000000751e00000, 0x0000000752000000|  0%| F|  |TAMS 0x0000000751e00000, 0x0000000751e00000| Untracked 
| 144|0x0000000752000000, 0x0000000752000000, 0x0000000752200000|  0%| F|  |TAMS 0x0000000752000000, 0x0000000752000000| Untracked 
| 145|0x0000000752200000, 0x0000000752200000, 0x0000000752400000|  0%| F|  |TAMS 0x0000000752200000, 0x0000000752200000| Untracked 
| 146|0x0000000752400000, 0x0000000752400000, 0x0000000752600000|  0%| F|  |TAMS 0x0000000752400000, 0x0000000752400000| Untracked 
| 147|0x0000000752600000, 0x0000000752600000, 0x0000000752800000|  0%| F|  |TAMS 0x0000000752600000, 0x0000000752600000| Untracked 
| 148|0x0000000752800000, 0x0000000752800000, 0x0000000752a00000|  0%| F|  |TAMS 0x0000000752800000, 0x0000000752800000| Untracked 
| 149|0x0000000752a00000, 0x0000000752a00000, 0x0000000752c00000|  0%| F|  |TAMS 0x0000000752a00000, 0x0000000752a00000| Untracked 
| 150|0x0000000752c00000, 0x0000000752c00000, 0x0000000752e00000|  0%| F|  |TAMS 0x0000000752c00000, 0x0000000752c00000| Untracked 
| 242|0x000000075e400000, 0x000000075e400000, 0x000000075e600000|  0%| F|  |TAMS 0x000000075e400000, 0x000000075e400000| Untracked 
| 243|0x000000075e600000, 0x000000075e600000, 0x000000075e800000|  0%| F|  |TAMS 0x000000075e600000, 0x000000075e600000| Untracked 
| 244|0x000000075e800000, 0x000000075e800000, 0x000000075ea00000|  0%| F|  |TAMS 0x000000075e800000, 0x000000075e800000| Untracked 
| 245|0x000000075ea00000, 0x000000075ea00000, 0x000000075ec00000|  0%| F|  |TAMS 0x000000075ea00000, 0x000000075ea00000| Untracked 
| 246|0x000000075ec00000, 0x000000075ec00000, 0x000000075ee00000|  0%| F|  |TAMS 0x000000075ec00000, 0x000000075ec00000| Untracked 
| 247|0x000000075ee00000, 0x000000075ee00000, 0x000000075f000000|  0%| F|  |TAMS 0x000000075ee00000, 0x000000075ee00000| Untracked 
| 248|0x000000075f000000, 0x000000075f000000, 0x000000075f200000|  0%| F|  |TAMS 0x000000075f000000, 0x000000075f000000| Untracked 
| 252|0x000000075f800000, 0x000000075f800000, 0x000000075fa00000|  0%| F|  |TAMS 0x000000075f800000, 0x000000075f800000| Untracked 
| 253|0x000000075fa00000, 0x000000075fa00000, 0x000000075fc00000|  0%| F|  |TAMS 0x000000075fa00000, 0x000000075fa00000| Untracked 
|1534|0x00000007ffc00000, 0x00000007ffe00000, 0x00000007ffe00000|100%| O|  |TAMS 0x00000007ffe00000, 0x00000007ffe00000| Untracked 
|1535|0x00000007ffe00000, 0x0000000800000000, 0x0000000800000000|100%| O|  |TAMS 0x0000000800000000, 0x0000000800000000| Untracked 

Card table byte_map: [0x0000022344f50000,0x0000022345550000] _byte_map_base: 0x0000022341550000

Marking Bits (Prev, Next): (CMBitMap*) 0x000002232d601290, (CMBitMap*) 0x000002232d6012d0
 Prev Bits: [0x0000022345b50000, 0x0000022348b50000)
 Next Bits: [0x0000022348b50000, 0x000002234bb50000)

Polling page: 0x000002232b4e0000

Metaspace:

Usage:
  Non-class:     67.63 MB used.
      Class:     10.68 MB used.
       Both:     78.31 MB used.

Virtual space:
  Non-class space:      128.00 MB reserved,      68.06 MB ( 53%) committed,  2 nodes.
      Class space:        1.00 GB reserved,      11.06 MB (  1%) committed,  1 nodes.
             Both:        1.12 GB reserved,      79.12 MB (  7%) committed. 

Chunk freelists:
   Non-Class:  11.29 MB
       Class:  4.98 MB
        Both:  16.27 MB

MaxMetaspaceSize: unlimited
CompressedClassSpaceSize: 1.00 GB
Initial GC threshold: 21.00 MB
Current GC threshold: 128.56 MB
CDS: on
MetaspaceReclaimPolicy: balanced
 - commit_granule_bytes: 65536.
 - commit_granule_words: 8192.
 - virtual_space_node_default_size: 8388608.
 - enlarge_chunks_in_place: 1.
 - new_chunks_are_fully_committed: 0.
 - uncommit_free_chunks: 1.
 - use_allocation_guard: 0.
 - handle_deallocations: 1.


Internal statistics:

num_allocs_failed_limit: 6.
num_arena_births: 1012.
num_arena_deaths: 4.
num_vsnodes_births: 3.
num_vsnodes_deaths: 0.
num_space_committed: 1266.
num_space_uncommitted: 0.
num_chunks_returned_to_freelist: 12.
num_chunks_taken_from_freelist: 4283.
num_chunk_merges: 8.
num_chunk_splits: 2680.
num_chunks_enlarged: 1638.
num_inconsistent_stats: 0.

CodeHeap 'non-profiled nmethods': size=119168Kb used=8414Kb max_used=8414Kb free=110753Kb
 bounds [0x000002233cc70000, 0x000002233d4b0000, 0x00000223440d0000]
CodeHeap 'profiled nmethods': size=119104Kb used=22730Kb max_used=22730Kb free=96373Kb
 bounds [0x00000223350d0000, 0x0000022336710000, 0x000002233c520000]
CodeHeap 'non-nmethods': size=7488Kb used=2391Kb max_used=4148Kb free=5096Kb
 bounds [0x000002233c520000, 0x000002233c9b0000, 0x000002233cc70000]
 total_blobs=12270 nmethods=11347 adapters=833
 compilation: enabled
              stopped_count=0, restarted_count=0
 full_count=0

Compilation events (20 events):
Event: 44.507 Thread 0x000002234ebda820 13520       1       org.gradle.internal.extensibility.DefaultConvention::access$100 (5 bytes)
Event: 44.507 Thread 0x000002234ebda820 nmethod 13520 0x000002233d4a6f90 code [0x000002233d4a7120, 0x000002233d4a71d8]
Event: 44.507 Thread 0x000002234ebda820 13526       3       org.gradle.internal.metaobject.BeanDynamicObject::access$800 (4 bytes)
Event: 44.507 Thread 0x000002239d521590 13521       4       org.codehaus.groovy.util.ComplexKeyHashMap::hash (31 bytes)
Event: 44.507 Thread 0x000002234ebda820 nmethod 13526 0x000002233589d190 code [0x000002233589d320, 0x000002233589d418]
Event: 44.507 Thread 0x000002234ebda820 13519       1       org.gradle.internal.extensibility.DefaultConvention::access$200 (5 bytes)
Event: 44.507 Thread 0x000002234ebda820 nmethod 13519 0x000002233d4a7290 code [0x000002233d4a7420, 0x000002233d4a74d8]
Event: 44.507 Thread 0x000002239d521590 nmethod 13521 0x000002233d4a7590 code [0x000002233d4a7700, 0x000002233d4a7778]
Event: 44.507 Thread 0x000002239d521590 13517   !   4       org.gradle.internal.service.DefaultServiceRegistry$ManagedObjectServiceProvider::getInstance (47 bytes)
Event: 44.508 Thread 0x000002234ebda820 13527       3       com.google.common.collect.Platform::newLinkedHashMapWithExpectedSize (5 bytes)
Event: 44.508 Thread 0x000002234ebda820 nmethod 13527 0x00000223366fd810 code [0x00000223366fda00, 0x00000223366fdcf8]
Event: 44.508 Thread 0x000002234ebda820 13528       3       org.gradle.internal.SystemProperties::getInstance (4 bytes)
Event: 44.509 Thread 0x000002234ebda820 nmethod 13528 0x000002233592bd90 code [0x000002233592bf20, 0x000002233592c018]
Event: 44.509 Thread 0x000002234ebda820 13530       3       java.io.File::getAbsoluteFile (38 bytes)
Event: 44.509 Thread 0x000002234ebda820 nmethod 13530 0x00000223366fde90 code [0x00000223366fe080, 0x00000223366fe588]
Event: 44.509 Thread 0x000002234ebda820 13532       3       org.gradle.internal.event.DefaultListenerManager$EventBroadcast::buildAllWithLogger (57 bytes)
Event: 44.510 Thread 0x000002234ebda820 nmethod 13532 0x00000223366fe710 code [0x00000223366fe960, 0x00000223366ff508]
Event: 44.510 Thread 0x000002234ebda820 13533       3       org.gradle.api.internal.model.DefaultObjectFactory::property (181 bytes)
Event: 44.512 Thread 0x000002234ebda820 nmethod 13533 0x00000223366ff910 code [0x0000022336700020, 0x0000022336703228]
Event: 44.512 Thread 0x000002234ebda820 13534       3       com.google.common.base.CharMatcher::indexIn (48 bytes)

GC Heap History (20 events):
Event: 14.072 GC heap after
{Heap after GC invocations=28 (full 0):
 garbage-first heap   total 141312K, used 57727K [0x0000000740000000, 0x0000000800000000)
  region size 2048K, 2 young (4096K), 2 survivors (4096K)
 Metaspace       used 62147K, committed 62720K, reserved 1114112K
  class space    used 8505K, committed 8768K, reserved 1048576K
}
Event: 14.098 GC heap before
{Heap before GC invocations=28 (full 0):
 garbage-first heap   total 141312K, used 80255K [0x0000000740000000, 0x0000000800000000)
  region size 2048K, 3 young (6144K), 2 survivors (4096K)
 Metaspace       used 62150K, committed 62784K, reserved 1114112K
  class space    used 8505K, committed 8768K, reserved 1048576K
}
Event: 14.100 GC heap after
{Heap after GC invocations=29 (full 0):
 garbage-first heap   total 141312K, used 57671K [0x0000000740000000, 0x0000000800000000)
  region size 2048K, 2 young (4096K), 2 survivors (4096K)
 Metaspace       used 62150K, committed 62784K, reserved 1114112K
  class space    used 8505K, committed 8768K, reserved 1048576K
}
Event: 15.355 GC heap before
{Heap before GC invocations=29 (full 0):
 garbage-first heap   total 141312K, used 121159K [0x0000000740000000, 0x0000000800000000)
  region size 2048K, 30 young (61440K), 2 survivors (4096K)
 Metaspace       used 64889K, committed 65600K, reserved 1114112K
  class space    used 8969K, committed 9344K, reserved 1048576K
}
Event: 15.358 GC heap after
{Heap after GC invocations=30 (full 0):
 garbage-first heap   total 282624K, used 62816K [0x0000000740000000, 0x0000000800000000)
  region size 2048K, 4 young (8192K), 4 survivors (8192K)
 Metaspace       used 64889K, committed 65600K, reserved 1114112K
  class space    used 8969K, committed 9344K, reserved 1048576K
}
Event: 16.464 GC heap before
{Heap before GC invocations=30 (full 0):
 garbage-first heap   total 282624K, used 257376K [0x0000000740000000, 0x0000000800000000)
  region size 2048K, 68 young (139264K), 4 survivors (8192K)
 Metaspace       used 68246K, committed 68928K, reserved 1114112K
  class space    used 9528K, committed 9856K, reserved 1048576K
}
Event: 16.479 GC heap after
{Heap after GC invocations=31 (full 0):
 garbage-first heap   total 290816K, used 81960K [0x0000000740000000, 0x0000000800000000)
  region size 2048K, 11 young (22528K), 11 survivors (22528K)
 Metaspace       used 68246K, committed 68928K, reserved 1114112K
  class space    used 9528K, committed 9856K, reserved 1048576K
}
Event: 18.137 GC heap before
{Heap before GC invocations=31 (full 0):
 garbage-first heap   total 290816K, used 231464K [0x0000000740000000, 0x0000000800000000)
  region size 2048K, 79 young (161792K), 11 survivors (22528K)
 Metaspace       used 76073K, committed 76864K, reserved 1179648K
  class space    used 10451K, committed 10816K, reserved 1048576K
}
Event: 18.151 GC heap after
{Heap after GC invocations=32 (full 0):
 garbage-first heap   total 290816K, used 112577K [0x0000000740000000, 0x0000000800000000)
  region size 2048K, 10 young (20480K), 10 survivors (20480K)
 Metaspace       used 76073K, committed 76864K, reserved 1179648K
  class space    used 10451K, committed 10816K, reserved 1048576K
}
Event: 18.753 GC heap before
{Heap before GC invocations=32 (full 0):
 garbage-first heap   total 290816K, used 214977K [0x0000000740000000, 0x0000000800000000)
  region size 2048K, 60 young (122880K), 10 survivors (20480K)
 Metaspace       used 78122K, committed 78848K, reserved 1179648K
  class space    used 10682K, committed 11008K, reserved 1048576K
}
Event: 18.764 GC heap after
{Heap after GC invocations=33 (full 0):
 garbage-first heap   total 290816K, used 140756K [0x0000000740000000, 0x0000000800000000)
  region size 2048K, 8 young (16384K), 8 survivors (16384K)
 Metaspace       used 78122K, committed 78848K, reserved 1179648K
  class space    used 10682K, committed 11008K, reserved 1048576K
}
Event: 18.856 GC heap before
{Heap before GC invocations=33 (full 0):
 garbage-first heap   total 290816K, used 216532K [0x0000000740000000, 0x0000000800000000)
  region size 2048K, 45 young (92160K), 8 survivors (16384K)
 Metaspace       used 78131K, committed 78848K, reserved 1179648K
  class space    used 10682K, committed 11008K, reserved 1048576K
}
Event: 18.864 GC heap after
{Heap after GC invocations=34 (full 0):
 garbage-first heap   total 290816K, used 159781K [0x0000000740000000, 0x0000000800000000)
  region size 2048K, 6 young (12288K), 6 survivors (12288K)
 Metaspace       used 78131K, committed 78848K, reserved 1179648K
  class space    used 10682K, committed 11008K, reserved 1048576K
}
Event: 18.918 GC heap before
{Heap before GC invocations=34 (full 0):
 garbage-first heap   total 290816K, used 221221K [0x0000000740000000, 0x0000000800000000)
  region size 2048K, 36 young (73728K), 6 survivors (12288K)
 Metaspace       used 78131K, committed 78848K, reserved 1179648K
  class space    used 10682K, committed 11008K, reserved 1048576K
}
Event: 18.925 GC heap after
{Heap after GC invocations=35 (full 0):
 garbage-first heap   total 290816K, used 175259K [0x0000000740000000, 0x0000000800000000)
  region size 2048K, 5 young (10240K), 5 survivors (10240K)
 Metaspace       used 78131K, committed 78848K, reserved 1179648K
  class space    used 10682K, committed 11008K, reserved 1048576K
}
Event: 19.368 GC heap before
{Heap before GC invocations=36 (full 0):
 garbage-first heap   total 331776K, used 222363K [0x0000000740000000, 0x0000000800000000)
  region size 2048K, 28 young (57344K), 5 survivors (10240K)
 Metaspace       used 78812K, committed 79616K, reserved 1179648K
  class space    used 10772K, committed 11136K, reserved 1048576K
}
Event: 19.374 GC heap after
{Heap after GC invocations=37 (full 0):
 garbage-first heap   total 331776K, used 185376K [0x0000000740000000, 0x0000000800000000)
  region size 2048K, 4 young (8192K), 4 survivors (8192K)
 Metaspace       used 78812K, committed 79616K, reserved 1179648K
  class space    used 10772K, committed 11136K, reserved 1048576K
}
Event: 19.436 GC heap before
{Heap before GC invocations=37 (full 0):
 garbage-first heap   total 331776K, used 193568K [0x0000000740000000, 0x0000000800000000)
  region size 2048K, 8 young (16384K), 4 survivors (8192K)
 Metaspace       used 78896K, committed 79744K, reserved 1179648K
  class space    used 10772K, committed 11136K, reserved 1048576K
}
Event: 19.440 GC heap after
{Heap after GC invocations=38 (full 0):
 garbage-first heap   total 331776K, used 187289K [0x0000000740000000, 0x0000000800000000)
  region size 2048K, 1 young (2048K), 1 survivors (2048K)
 Metaspace       used 78896K, committed 79744K, reserved 1179648K
  class space    used 10772K, committed 11136K, reserved 1048576K
}
Event: 44.512 GC heap before
{Heap before GC invocations=38 (full 0):
 garbage-first heap   total 331776K, used 224153K [0x0000000740000000, 0x0000000800000000)
  region size 2048K, 20 young (40960K), 1 survivors (2048K)
 Metaspace       used 80191K, committed 81024K, reserved 1179648K
  class space    used 10937K, committed 11328K, reserved 1048576K
}

Dll operation events (15 events):
Event: 0.009 Loaded shared library C:\Users\xiyu\.jdks\corretto-17.0.12\bin\java.dll
Event: 0.026 Loaded shared library C:\Users\xiyu\.jdks\corretto-17.0.12\bin\jsvml.dll
Event: 0.074 Loaded shared library C:\Users\xiyu\.jdks\corretto-17.0.12\bin\zip.dll
Event: 0.080 Loaded shared library C:\Users\xiyu\.jdks\corretto-17.0.12\bin\instrument.dll
Event: 0.083 Loaded shared library C:\Users\xiyu\.jdks\corretto-17.0.12\bin\net.dll
Event: 0.085 Loaded shared library C:\Users\xiyu\.jdks\corretto-17.0.12\bin\nio.dll
Event: 0.088 Loaded shared library C:\Users\xiyu\.jdks\corretto-17.0.12\bin\zip.dll
Event: 0.287 Loaded shared library C:\Users\xiyu\.jdks\corretto-17.0.12\bin\jimage.dll
Event: 0.391 Loaded shared library C:\Users\xiyu\.jdks\corretto-17.0.12\bin\verify.dll
Event: 0.538 Loaded shared library E:\.gradle\native\c067742578af261105cb4f569cf0c3c89f3d7b1fecec35dd04571415982c5e48\windows-amd64\native-platform.dll
Event: 0.544 Loaded shared library E:\.gradle\native\100fb08df4bc3b14c8652ba06237920a3bd2aa13389f12d3474272988ae205f9\windows-amd64\native-platform-file-events.dll
Event: 1.224 Loaded shared library C:\Users\xiyu\.jdks\corretto-17.0.12\bin\management.dll
Event: 1.226 Loaded shared library C:\Users\xiyu\.jdks\corretto-17.0.12\bin\management_ext.dll
Event: 1.414 Loaded shared library C:\Users\xiyu\.jdks\corretto-17.0.12\bin\extnet.dll
Event: 1.845 Loaded shared library C:\Users\xiyu\.jdks\corretto-17.0.12\bin\sunmscapi.dll

Deoptimization events (20 events):
Event: 44.511 Thread 0x0000022394476e30 Uncommon trap: trap_request=0xffffffde fr.pc=0x000002233d1a9728 relative=0x0000000000002d48
Event: 44.511 Thread 0x0000022394476e30 Uncommon trap: reason=class_check action=maybe_recompile pc=0x000002233d1a9728 method=com.google.gson.internal.bind.ReflectiveTypeAdapterFactory$Adapter.read(Lcom/google/gson/stream/JsonReader;)Ljava/lang/Object; @ 20 c2
Event: 44.511 Thread 0x0000022394476e30 DEOPT PACKING pc=0x000002233d1a9728 sp=0x000000da9a0f9060
Event: 44.511 Thread 0x0000022394476e30 DEOPT UNPACKING pc=0x000002233c5769a3 sp=0x000000da9a0f8ff0 mode 2
Event: 44.511 Thread 0x0000022394476e30 Uncommon trap: trap_request=0xffffff45 fr.pc=0x000002233d138964 relative=0x00000000000000c4
Event: 44.511 Thread 0x0000022394476e30 Uncommon trap: reason=unstable_if action=reinterpret pc=0x000002233d138964 method=com.google.gson.stream.JsonReader.peek()Lcom/google/gson/stream/JsonToken; @ 15 c2
Event: 44.511 Thread 0x0000022394476e30 DEOPT PACKING pc=0x000002233d138964 sp=0x000000da9a0f8e80
Event: 44.511 Thread 0x0000022394476e30 DEOPT UNPACKING pc=0x000002233c5769a3 sp=0x000000da9a0f8e08 mode 2
Event: 44.511 Thread 0x0000022394476e30 Uncommon trap: trap_request=0xffffffde fr.pc=0x000002233d1a9728 relative=0x0000000000002d48
Event: 44.511 Thread 0x0000022394476e30 Uncommon trap: reason=class_check action=maybe_recompile pc=0x000002233d1a9728 method=com.google.gson.internal.bind.ReflectiveTypeAdapterFactory$Adapter.read(Lcom/google/gson/stream/JsonReader;)Ljava/lang/Object; @ 20 c2
Event: 44.511 Thread 0x0000022394476e30 DEOPT PACKING pc=0x000002233d1a9728 sp=0x000000da9a0f9060
Event: 44.511 Thread 0x0000022394476e30 DEOPT UNPACKING pc=0x000002233c5769a3 sp=0x000000da9a0f8ff0 mode 2
Event: 44.511 Thread 0x0000022394476e30 Uncommon trap: trap_request=0xffffffde fr.pc=0x000002233d1a9728 relative=0x0000000000002d48
Event: 44.511 Thread 0x0000022394476e30 Uncommon trap: reason=class_check action=maybe_recompile pc=0x000002233d1a9728 method=com.google.gson.internal.bind.ReflectiveTypeAdapterFactory$Adapter.read(Lcom/google/gson/stream/JsonReader;)Ljava/lang/Object; @ 20 c2
Event: 44.511 Thread 0x0000022394476e30 DEOPT PACKING pc=0x000002233d1a9728 sp=0x000000da9a0f9060
Event: 44.511 Thread 0x0000022394476e30 DEOPT UNPACKING pc=0x000002233c5769a3 sp=0x000000da9a0f8ff0 mode 2
Event: 44.511 Thread 0x0000022394476e30 Uncommon trap: trap_request=0xffffffde fr.pc=0x000002233d1a9728 relative=0x0000000000002d48
Event: 44.511 Thread 0x0000022394476e30 Uncommon trap: reason=class_check action=maybe_recompile pc=0x000002233d1a9728 method=com.google.gson.internal.bind.ReflectiveTypeAdapterFactory$Adapter.read(Lcom/google/gson/stream/JsonReader;)Ljava/lang/Object; @ 20 c2
Event: 44.511 Thread 0x0000022394476e30 DEOPT PACKING pc=0x000002233d1a9728 sp=0x000000da9a0f9060
Event: 44.511 Thread 0x0000022394476e30 DEOPT UNPACKING pc=0x000002233c5769a3 sp=0x000000da9a0f8ff0 mode 2

Classes loaded (20 events):
Event: 41.306 Loading class jdk/internal/math/FormattedFloatingDecimal$2
Event: 41.306 Loading class jdk/internal/math/FormattedFloatingDecimal$2 done
Event: 41.307 Loading class sun/text/resources/cldr/FormatData_en
Event: 41.307 Loading class sun/text/resources/cldr/FormatData_en done
Event: 41.510 Loading class sun/security/ssl/PreSharedKeyExtension$PskIdentity
Event: 41.510 Loading class sun/security/ssl/PreSharedKeyExtension$PskIdentity done
Event: 41.510 Loading class sun/security/ssl/PreSharedKeyExtension$CHPreSharedKeySpec
Event: 41.511 Loading class sun/security/ssl/PreSharedKeyExtension$CHPreSharedKeySpec done
Event: 41.511 Loading class sun/security/ssl/PreSharedKeyExtension$PartialClientHelloMessage
Event: 41.511 Loading class sun/security/ssl/PreSharedKeyExtension$PartialClientHelloMessage done
Event: 41.511 Loading class sun/security/ssl/SSLEngineOutputRecord
Event: 41.511 Loading class sun/security/ssl/SSLEngineOutputRecord done
Event: 41.511 Loading class sun/security/ssl/SSLEngineOutputRecord$HandshakeFragment
Event: 41.511 Loading class sun/security/ssl/SSLEngineOutputRecord$HandshakeFragment done
Event: 41.511 Loading class sun/security/ssl/SSLEngineOutputRecord$HandshakeMemo
Event: 41.511 Loading class sun/security/ssl/SSLEngineOutputRecord$RecordMemo
Event: 41.511 Loading class sun/security/ssl/SSLEngineOutputRecord$RecordMemo done
Event: 41.511 Loading class sun/security/ssl/SSLEngineOutputRecord$HandshakeMemo done
Event: 42.311 Loading class sun/security/ssl/PreSharedKeyExtension$SHPreSharedKeySpec
Event: 42.311 Loading class sun/security/ssl/PreSharedKeyExtension$SHPreSharedKeySpec done

Classes unloaded (2 events):
Event: 19.009 Thread 0x000002234eb1e690 Unloading class 0x0000022350898400 'java/lang/invoke/LambdaForm$DMH+0x0000022350898400'
Event: 19.009 Thread 0x000002234eb1e690 Unloading class 0x0000022350898000 'java/lang/invoke/LambdaForm$DMH+0x0000022350898000'

Classes redefined (0 events):
No events

Internal exceptions (20 events):
Event: 18.716 Thread 0x000002239cc736f0 Implicit null exception at 0x000002233cf5ebb2 to 0x000002233cf5ee27
Event: 19.325 Thread 0x000002239cc736f0 Exception <a 'sun/nio/fs/WindowsException'{0x00000007518fabb8}> (0x00000007518fabb8) 
thrown [s\src\hotspot\share\prims\jni.cpp, line 516]
Event: 19.325 Thread 0x000002239cc736f0 Exception <a 'sun/nio/fs/WindowsException'{0x00000007518fb0d8}> (0x00000007518fb0d8) 
thrown [s\src\hotspot\share\prims\jni.cpp, line 516]
Event: 19.570 Thread 0x000002239cc736f0 Exception <a 'java/lang/reflect/InvocationTargetException'{0x000000075faf1ee8}> (0x000000075faf1ee8) 
thrown [s\src\hotspot\share\runtime\reflection.cpp, line 1128]
Event: 19.590 Thread 0x000002239644b710 Exception <a 'java/lang/NoSuchMethodError'{0x000000075f853c08}: static Lorg/gradle/internal/build/event/types/DefaultTaskFailureResult;.<clinit>()V> (0x000000075f853c08) 
thrown [s\src\hotspot\share\prims\jni.cpp, line 1112]
Event: 19.592 Thread 0x000002239644b710 Exception <a 'java/lang/NoSuchMethodError'{0x000000075f00ac88}: static Lorg/gradle/internal/build/event/types/DefaultFailure;.<clinit>()V> (0x000000075f00ac88) 
thrown [s\src\hotspot\share\prims\jni.cpp, line 1112]
Event: 19.741 Thread 0x0000022395a71eb0 Exception <a 'java/lang/NoSuchMethodError'{0x0000000752c2ab88}: static Lorg/gradle/tooling/internal/provider/serialization/ClassLoaderDetails;.<clinit>()V> (0x0000000752c2ab88) 
thrown [s\src\hotspot\share\prims\jni.cpp, line 1112]
Event: 19.742 Thread 0x0000022395a71eb0 Exception <a 'java/lang/NoSuchMethodError'{0x0000000752c3d678}: static Lorg/gradle/tooling/internal/provider/serialization/WellKnownClassLoaderRegistry$KnownClassLoaderSpec;.<clinit>()V> (0x0000000752c3d678) 
thrown [s\src\hotspot\share\prims\jni.cpp, line 1112]
Event: 19.742 Thread 0x0000022395a71eb0 Exception <a 'java/lang/NoSuchMethodError'{0x0000000752c3eba0}: static Lorg/gradle/internal/classloader/ClassLoaderSpec;.<clinit>()V> (0x0000000752c3eba0) 
thrown [s\src\hotspot\share\prims\jni.cpp, line 1112]
Event: 19.742 Thread 0x0000022395a71eb0 Exception <a 'java/lang/NoSuchMethodError'{0x0000000752c51578}: static Lorg/gradle/internal/classloader/ClassLoaderSpec;.<clinit>()V> (0x0000000752c51578) 
thrown [s\src\hotspot\share\prims\jni.cpp, line 1112]
Event: 19.743 Thread 0x0000022395a71eb0 Exception <a 'java/lang/NoSuchMethodError'{0x0000000752c5d7c0}: static Lorg/gradle/internal/classloader/VisitableURLClassLoader$Spec;.<clinit>()V> (0x0000000752c5d7c0) 
thrown [s\src\hotspot\share\prims\jni.cpp, line 1112]
Event: 19.746 Thread 0x0000022395a71eb0 Exception <a 'java/lang/NoSuchMethodError'{0x0000000752c7c028}: static [Ljava/net/URL;.<clinit>()V> (0x0000000752c7c028) 
thrown [s\src\hotspot\share\prims\jni.cpp, line 1112]
Event: 41.297 Thread 0x0000022397acb880 Exception <a 'java/lang/NoSuchMethodError'{0x0000000752b02b00}: static Lorg/gradle/launcher/daemon/protocol/Command;.<clinit>()V> (0x0000000752b02b00) 
thrown [s\src\hotspot\share\prims\jni.cpp, line 1112]
Event: 41.297 Thread 0x0000022397acb880 Exception <a 'java/lang/NoSuchMethodError'{0x0000000752b0d020}: static Lorg/gradle/launcher/daemon/protocol/InvalidateVirtualFileSystemAfterChange;.<clinit>()V> (0x0000000752b0d020) 
thrown [s\src\hotspot\share\prims\jni.cpp, line 1112]
Event: 41.353 Thread 0x0000022394476e30 Implicit null exception at 0x000002233d14bc12 to 0x000002233d14c26c
Event: 41.353 Thread 0x0000022394476e30 Implicit null exception at 0x000002233d14ca14 to 0x000002233d14d078
Event: 41.366 Thread 0x0000022394476e30 Exception <a 'sun/nio/fs/WindowsException'{0x000000075268a9d8}> (0x000000075268a9d8) 
thrown [s\src\hotspot\share\prims\jni.cpp, line 516]
Event: 41.367 Thread 0x0000022394476e30 Exception <a 'sun/nio/fs/WindowsException'{0x000000075268be98}> (0x000000075268be98) 
thrown [s\src\hotspot\share\prims\jni.cpp, line 516]
Event: 41.368 Thread 0x0000022394476e30 Exception <a 'sun/nio/fs/WindowsException'{0x000000075268d358}> (0x000000075268d358) 
thrown [s\src\hotspot\share\prims\jni.cpp, line 516]
Event: 41.369 Thread 0x0000022394476e30 Exception <a 'sun/nio/fs/WindowsException'{0x000000075268e7e8}> (0x000000075268e7e8) 
thrown [s\src\hotspot\share\prims\jni.cpp, line 516]

VM Operations (20 events):
Event: 19.578 Executing VM operation: HandshakeAllThreads done
Event: 19.578 Executing VM operation: HandshakeAllThreads
Event: 19.578 Executing VM operation: HandshakeAllThreads done
Event: 19.583 Executing VM operation: HandshakeAllThreads
Event: 19.583 Executing VM operation: HandshakeAllThreads done
Event: 19.614 Executing VM operation: HandshakeAllThreads
Event: 19.615 Executing VM operation: HandshakeAllThreads done
Event: 19.700 Executing VM operation: ICBufferFull
Event: 19.700 Executing VM operation: ICBufferFull done
Event: 20.714 Executing VM operation: Cleanup
Event: 20.715 Executing VM operation: Cleanup done
Event: 22.741 Executing VM operation: Cleanup
Event: 22.741 Executing VM operation: Cleanup done
Event: 32.842 Executing VM operation: Cleanup
Event: 32.843 Executing VM operation: Cleanup done
Event: 41.407 Executing VM operation: ICBufferFull
Event: 41.407 Executing VM operation: ICBufferFull done
Event: 42.410 Executing VM operation: Cleanup
Event: 42.411 Executing VM operation: Cleanup done
Event: 44.512 Executing VM operation: G1TryInitiateConcMark

Events (20 events):
Event: 41.477 Thread 0x00000223988a3750 Thread added: 0x00000223988a3750
Event: 41.477 Thread 0x000002239d3a72d0 Thread added: 0x000002239d3a72d0
Event: 41.478 Thread 0x000002239d51e070 Thread added: 0x000002239d51e070
Event: 41.478 Thread 0x000002239d3a5e90 Thread added: 0x000002239d3a5e90
Event: 41.478 Thread 0x000002239d3a9640 Thread added: 0x000002239d3a9640
Event: 41.482 Thread 0x000002239d521040 Thread added: 0x000002239d521040
Event: 41.775 Thread 0x000002239d521040 Thread exited: 0x000002239d521040
Event: 41.775 Thread 0x000002239d51e070 Thread exited: 0x000002239d51e070
Event: 41.778 Thread 0x000002239d520af0 Thread exited: 0x000002239d520af0
Event: 41.778 Thread 0x000002239d51f5b0 Thread exited: 0x000002239d51f5b0
Event: 42.311 Thread 0x000002239d520050 Thread exited: 0x000002239d520050
Event: 42.313 Thread 0x000002239d3a9130 Thread added: 0x000002239d3a9130
Event: 42.313 Thread 0x000002239d3a9130 Thread exited: 0x000002239d3a9130
Event: 43.276 Thread 0x000002239d3aaa80 Thread added: 0x000002239d3aaa80
Event: 43.277 Thread 0x000002239d521590 Thread exited: 0x000002239d521590
Event: 44.027 Thread 0x000002239d51fb00 Thread exited: 0x000002239d51fb00
Event: 44.030 Thread 0x000002239d3a8710 Thread added: 0x000002239d3a8710
Event: 44.030 Thread 0x000002239d3a8710 Thread exited: 0x000002239d3a8710
Event: 44.500 Thread 0x000002239d521590 Thread added: 0x000002239d521590
Event: 44.506 Thread 0x000002239d51eb10 Thread added: 0x000002239d51eb10


Dynamic libraries:
0x00007ff6cab50000 - 0x00007ff6cab5e000 	C:\Users\xiyu\.jdks\corretto-17.0.12\bin\java.exe
0x00007ffd01840000 - 0x00007ffd01aa3000 	C:\WINDOWS\SYSTEM32\ntdll.dll
0x00007ffd00460000 - 0x00007ffd00527000 	C:\WINDOWS\System32\KERNEL32.DLL
0x00007ffcff110000 - 0x00007ffcff4d7000 	C:\WINDOWS\System32\KERNELBASE.dll
0x00007ffcfeda0000 - 0x00007ffcfeeec000 	C:\WINDOWS\System32\ucrtbase.dll
0x00007ffcd57a0000 - 0x00007ffcd57b7000 	C:\Users\xiyu\.jdks\corretto-17.0.12\bin\jli.dll
0x00007ffc7db50000 - 0x00007ffc7db6b000 	C:\Users\xiyu\.jdks\corretto-17.0.12\bin\VCRUNTIME140.dll
0x00007ffd01080000 - 0x00007ffd01249000 	C:\WINDOWS\System32\USER32.dll
0x00007ffcff590000 - 0x00007ffcff5b7000 	C:\WINDOWS\System32\win32u.dll
0x00007ffce6520000 - 0x00007ffce67b0000 	C:\WINDOWS\WinSxS\amd64_microsoft.windows.common-controls_6595b64144ccf1df_6.0.26100.3037_none_3e09262ce333c378\COMCTL32.dll
0x00007ffd01750000 - 0x00007ffd017f9000 	C:\WINDOWS\System32\msvcrt.dll
0x00007ffd001b0000 - 0x00007ffd001da000 	C:\WINDOWS\System32\GDI32.dll
0x00007ffcfebe0000 - 0x00007ffcfed0b000 	C:\WINDOWS\System32\gdi32full.dll
0x00007ffcff4e0000 - 0x00007ffcff583000 	C:\WINDOWS\System32\msvcp_win.dll
0x00007ffd016e0000 - 0x00007ffd0170f000 	C:\WINDOWS\System32\IMM32.DLL
0x00007ffcd6100000 - 0x00007ffcd610c000 	C:\Users\xiyu\.jdks\corretto-17.0.12\bin\vcruntime140_1.dll
0x00007ffc7ac10000 - 0x00007ffc7ac9d000 	C:\Users\xiyu\.jdks\corretto-17.0.12\bin\msvcp140.dll
0x00007ffc279c0000 - 0x00007ffc2862a000 	C:\Users\xiyu\.jdks\corretto-17.0.12\bin\server\jvm.dll
0x00007ffcff860000 - 0x00007ffcff914000 	C:\WINDOWS\System32\ADVAPI32.dll
0x00007ffd00530000 - 0x00007ffd005d6000 	C:\WINDOWS\System32\sechost.dll
0x00007ffd00010000 - 0x00007ffd00126000 	C:\WINDOWS\System32\RPCRT4.dll
0x00007ffd00130000 - 0x00007ffd001a4000 	C:\WINDOWS\System32\WS2_32.dll
0x00007ffcfea70000 - 0x00007ffcfeabe000 	C:\WINDOWS\SYSTEM32\POWRPROF.dll
0x00007ffcf7410000 - 0x00007ffcf741b000 	C:\WINDOWS\SYSTEM32\VERSION.dll
0x00007ffcec4f0000 - 0x00007ffcec526000 	C:\WINDOWS\SYSTEM32\WINMM.dll
0x00007ffcfea50000 - 0x00007ffcfea64000 	C:\WINDOWS\SYSTEM32\UMPDC.dll
0x00007ffcfd940000 - 0x00007ffcfd95a000 	C:\WINDOWS\SYSTEM32\kernel.appcore.dll
0x00007ffcae4e0000 - 0x00007ffcae4ea000 	C:\Users\xiyu\.jdks\corretto-17.0.12\bin\jimage.dll
0x00007ffcfc0d0000 - 0x00007ffcfc311000 	C:\WINDOWS\SYSTEM32\DBGHELP.DLL
0x00007ffd01250000 - 0x00007ffd015ce000 	C:\WINDOWS\System32\combase.dll
0x00007ffd00380000 - 0x00007ffd00456000 	C:\WINDOWS\System32\OLEAUT32.dll
0x00007ffce4870000 - 0x00007ffce48a9000 	C:\WINDOWS\SYSTEM32\dbgcore.DLL
0x00007ffcfeef0000 - 0x00007ffcfef89000 	C:\WINDOWS\System32\bcryptPrimitives.dll
0x00007ffc92280000 - 0x00007ffc9228e000 	C:\Users\xiyu\.jdks\corretto-17.0.12\bin\instrument.dll
0x00007ffc7db20000 - 0x00007ffc7db45000 	C:\Users\xiyu\.jdks\corretto-17.0.12\bin\java.dll
0x00007ffc7a980000 - 0x00007ffc7aa57000 	C:\Users\xiyu\.jdks\corretto-17.0.12\bin\jsvml.dll
0x00007ffd00830000 - 0x00007ffd00f34000 	C:\WINDOWS\System32\SHELL32.dll
0x00007ffcfc8f0000 - 0x00007ffcfd127000 	C:\WINDOWS\SYSTEM32\windows.storage.dll
0x00007ffd015f0000 - 0x00007ffd016d9000 	C:\WINDOWS\System32\SHCORE.dll
0x00007ffcff920000 - 0x00007ffcff97d000 	C:\WINDOWS\System32\shlwapi.dll
0x00007ffcfeaf0000 - 0x00007ffcfeb1e000 	C:\WINDOWS\SYSTEM32\profapi.dll
0x00007ffc7d6b0000 - 0x00007ffc7d6c8000 	C:\Users\xiyu\.jdks\corretto-17.0.12\bin\zip.dll
0x00007ffc7d690000 - 0x00007ffc7d6a9000 	C:\Users\xiyu\.jdks\corretto-17.0.12\bin\net.dll
0x00007ffcf6ff0000 - 0x00007ffcf710e000 	C:\WINDOWS\SYSTEM32\WINHTTP.dll
0x00007ffcfdef0000 - 0x00007ffcfdf5a000 	C:\WINDOWS\system32\mswsock.dll
0x00007ffc7d600000 - 0x00007ffc7d616000 	C:\Users\xiyu\.jdks\corretto-17.0.12\bin\nio.dll
0x00007ffc92220000 - 0x00007ffc92230000 	C:\Users\xiyu\.jdks\corretto-17.0.12\bin\verify.dll
0x00007ffc7d650000 - 0x00007ffc7d677000 	E:\.gradle\native\c067742578af261105cb4f569cf0c3c89f3d7b1fecec35dd04571415982c5e48\windows-amd64\native-platform.dll
0x00007ffc7a5c0000 - 0x00007ffc7a704000 	E:\.gradle\native\100fb08df4bc3b14c8652ba06237920a3bd2aa13389f12d3474272988ae205f9\windows-amd64\native-platform-file-events.dll
0x00007ffc8b5f0000 - 0x00007ffc8b5f9000 	C:\Users\xiyu\.jdks\corretto-17.0.12\bin\management.dll
0x00007ffc8a150000 - 0x00007ffc8a15b000 	C:\Users\xiyu\.jdks\corretto-17.0.12\bin\management_ext.dll
0x00007ffcff850000 - 0x00007ffcff858000 	C:\WINDOWS\System32\PSAPI.DLL
0x00007ffcfe1a0000 - 0x00007ffcfe1bc000 	C:\WINDOWS\SYSTEM32\CRYPTSP.dll
0x00007ffcfd960000 - 0x00007ffcfd998000 	C:\WINDOWS\system32\rsaenh.dll
0x00007ffcfdf90000 - 0x00007ffcfdfbb000 	C:\WINDOWS\SYSTEM32\USERENV.dll
0x00007ffcfe400000 - 0x00007ffcfe426000 	C:\WINDOWS\SYSTEM32\bcrypt.dll
0x00007ffcfe190000 - 0x00007ffcfe19c000 	C:\WINDOWS\SYSTEM32\CRYPTBASE.dll
0x00007ffcfd470000 - 0x00007ffcfd4a2000 	C:\WINDOWS\SYSTEM32\IPHLPAPI.DLL
0x00007ffd015e0000 - 0x00007ffd015ea000 	C:\WINDOWS\System32\NSI.dll
0x00007ffcf6da0000 - 0x00007ffcf6dbf000 	C:\WINDOWS\SYSTEM32\dhcpcsvc6.DLL
0x00007ffcf6d70000 - 0x00007ffcf6d95000 	C:\WINDOWS\SYSTEM32\dhcpcsvc.DLL
0x00007ffcfd510000 - 0x00007ffcfd635000 	C:\WINDOWS\SYSTEM32\DNSAPI.dll
0x00007ffc89960000 - 0x00007ffc89969000 	C:\Users\xiyu\.jdks\corretto-17.0.12\bin\extnet.dll
0x00007ffc7fc80000 - 0x00007ffc7fc8e000 	C:\Users\xiyu\.jdks\corretto-17.0.12\bin\sunmscapi.dll
0x00007ffcfef90000 - 0x00007ffcff106000 	C:\WINDOWS\System32\CRYPT32.dll
0x00007ffcfe360000 - 0x00007ffcfe390000 	C:\WINDOWS\SYSTEM32\ncrypt.dll
0x00007ffcfe310000 - 0x00007ffcfe34f000 	C:\WINDOWS\SYSTEM32\NTASN1.dll
0x00007ffce5590000 - 0x00007ffce5598000 	C:\WINDOWS\system32\wshunix.dll
0x00007ffcf95c0000 - 0x00007ffcf95cb000 	C:\Windows\System32\rasadhlp.dll
0x00007ffcf5ae0000 - 0x00007ffcf5b65000 	C:\WINDOWS\System32\fwpuclnt.dll

dbghelp: loaded successfully - version: 4.0.5 - missing functions: none
symbol engine: initialized successfully - sym options: 0x614 - pdb path: .;C:\Users\xiyu\.jdks\corretto-17.0.12\bin;C:\WINDOWS\SYSTEM32;C:\WINDOWS\WinSxS\amd64_microsoft.windows.common-controls_6595b64144ccf1df_6.0.26100.3037_none_3e09262ce333c378;C:\Users\xiyu\.jdks\corretto-17.0.12\bin\server;E:\.gradle\native\c067742578af261105cb4f569cf0c3c89f3d7b1fecec35dd04571415982c5e48\windows-amd64;E:\.gradle\native\100fb08df4bc3b14c8652ba06237920a3bd2aa13389f12d3474272988ae205f9\windows-amd64

VM Arguments:
jvm_args: --add-opens=java.base/java.util=ALL-UNNAMED --add-opens=java.base/java.lang=ALL-UNNAMED --add-opens=java.base/java.lang.invoke=ALL-UNNAMED --add-opens=java.prefs/java.util.prefs=ALL-UNNAMED --add-opens=java.base/java.nio.charset=ALL-UNNAMED --add-opens=java.base/java.net=ALL-UNNAMED --add-opens=java.base/java.util.concurrent.atomic=ALL-UNNAMED -Xmx3G -Dfile.encoding=UTF-8 -Duser.country=CN -Duser.language=zh -Duser.variant -javaagent:E:\.gradle\wrapper\dists\gradle-8.8-bin\dl7vupf4psengwqhwktix4v1\gradle-8.8\lib\agents\gradle-instrumentation-agent-8.8.jar 
java_command: org.gradle.launcher.daemon.bootstrap.GradleDaemon 8.8
java_class_path (initial): E:\.gradle\wrapper\dists\gradle-8.8-bin\dl7vupf4psengwqhwktix4v1\gradle-8.8\lib\gradle-launcher-8.8.jar
Launcher Type: SUN_STANDARD

[Global flags]
     intx CICompilerCount                          = 12                                        {product} {ergonomic}
     uint ConcGCThreads                            = 3                                         {product} {ergonomic}
     uint G1ConcRefinementThreads                  = 13                                        {product} {ergonomic}
   size_t G1HeapRegionSize                         = 2097152                                   {product} {ergonomic}
    uintx GCDrainStackTargetSize                   = 64                                        {product} {ergonomic}
   size_t InitialHeapSize                          = 532676608                                 {product} {ergonomic}
   size_t MarkStackSize                            = 4194304                                   {product} {ergonomic}
   size_t MaxHeapSize                              = 3221225472                                {product} {command line}
   size_t MaxNewSize                               = 1931476992                                {product} {ergonomic}
   size_t MinHeapDeltaBytes                        = 2097152                                   {product} {ergonomic}
   size_t MinHeapSize                              = 8388608                                   {product} {ergonomic}
    uintx NonNMethodCodeHeapSize                   = 7602480                                {pd product} {ergonomic}
    uintx NonProfiledCodeHeapSize                  = 122027880                              {pd product} {ergonomic}
    uintx ProfiledCodeHeapSize                     = 122027880                              {pd product} {ergonomic}
    uintx ReservedCodeCacheSize                    = 251658240                              {pd product} {ergonomic}
     bool SegmentedCodeCache                       = true                                      {product} {ergonomic}
   size_t SoftMaxHeapSize                          = 3221225472                             {manageable} {ergonomic}
     bool UseCompressedClassPointers               = true                           {product lp64_product} {ergonomic}
     bool UseCompressedOops                        = true                           {product lp64_product} {ergonomic}
     bool UseG1GC                                  = true                                      {product} {ergonomic}
     bool UseLargePagesIndividualAllocation        = false                                  {pd product} {ergonomic}

Logging:
Log output configuration:
 #0: stdout all=warning uptime,level,tags
 #1: stderr all=off uptime,level,tags

Environment Variables:
PATH=c:\Users\xiyu\AppData\Local\Programs\cursor\resources\app\bin;C:\Program Files\Common Files\Oracle\Java\javapath;C:\Program Files (x86)\Common Files\Oracle\Java\java8path;C:\Program Files (x86)\Common Files\Oracle\Java\javapath;C:\Windows\system32;C:\Windows;C:\Windows\System32\Wbem;C:\Windows\System32\WindowsPowerShell\v1.0\;C:\Windows\System32\OpenSSH\;C:\Program Files (x86)\NVIDIA Corporation\PhysX\Common;C:\Program Files\Bandizip\;C:\Program Files\Git\cmd;C:\Program Files\dotnet\;C:\Program Files (x86)\Hyenae;C:\Program Files (x86)\Tencent\΢web߹\dll;C:\Users\xiyu\Downloads\Windows\python_3_10_6\Scripts\;C:\Users\xiyu\Downloads\Windows\python_3_10_6\;C:\Users\xiyu\AppData\Local\Programs\Python\Launcher\;C:\Users\xiyu\AppData\Local\Microsoft\WindowsApps;C:\Users\xiyu\.dotnet\tools;C:\Users\xiyu\AppData\Local\JetBrains\Toolbox\scripts;C:\Program Files (x86)\Nmap;C:\Users\xiyu\.d;C:\Program Files\nodejs\;C:\WINDOWS\system32;C:\WINDOWS;C:\WINDOWS\System32\Wbem;C:\WINDOWS\System32\WindowsPowerShell\v1.0\;C:\WINDOWS\System32\OpenSSH\;C:\Program Files\NVIDIA Corporation\NVIDIA app\NvDLISR;C:\Users\xiyu\Downloads\Windows\python_3_10_6\Scripts\;C:\Users\xiyu\Downloads\Windows\python_3_10_6\;C:\Users\xiyu\AppData\Local\Programs\Python\Launcher\;C:\Users\xiyu\AppData\Local\Microsoft\WindowsApps;C:\Users\xiyu\AppData\Local\Programs\Microsoft VS Code\bin;C:\Users\xiyu\.dotnet\tools;C:\Users\xiyu\AppData\Local\JetBrains\Toolbox\scripts;C:\Program Files (x86)\Nmap;C:\Users\xiyu\.dotnet\tools;C:\Program Files\JetBrains\IntelliJ IDEA 2024.3.1\bin;;C:\Users\xiyu\AppData\Roaming\npm;C:\Users\xiyu\AppData\Local\Microsoft\WindowsApps;
USERNAME=xiyu
OS=Windows_NT
PROCESSOR_IDENTIFIER=Intel64 Family 6 Model 154 Stepping 3, GenuineIntel
TMP=C:\Users\xiyu\AppData\Local\Temp
TEMP=C:\Users\xiyu\AppData\Local\Temp



Periodic native trim disabled


---------------  S Y S T E M  ---------------

OS:
 Windows 11 , 64 bit Build 26100 (10.0.26100.3037)
OS uptime: 8 days 13:46 hours

CPU: total 16 (initial active 16) (8 cores per cpu, 2 threads per core) family 6 model 154 stepping 3 microcode 0x430, cx8, cmov, fxsr, ht, mmx, 3dnowpref, sse, sse2, sse3, ssse3, sse4.1, sse4.2, popcnt, lzcnt, tsc, tscinvbit, avx, avx2, aes, erms, clmul, bmi1, bmi2, adx, sha, fma, vzeroupper, clflush, clflushopt, clwb
Processor Information for all 16 processors :
  Max Mhz: 2300, Current Mhz: 2300, Mhz Limit: 2300

Memory: 4k page, system-wide physical 32503M (3774M free)
TotalPageFile size 50769M (AvailPageFile size 83M)
current process WorkingSet (physical memory assigned to process): 620M, peak: 710M
current process commit charge ("private bytes"): 687M, peak: 811M

vm_info: OpenJDK 64-Bit Server VM (17.0.12+7-LTS) for windows-amd64 JRE (17.0.12+7-LTS), built on Jul 10 2024 20:46:33 by "Administrator" with MS VC++ 16.10 / 16.11 (VS2019)

END.
